mode: set
github.com/odinnordico/privutil/internal/api/grpc_server.go:40.26,42.2 1 1
github.com/odinnordico/privutil/internal/api/grpc_server.go:44.91,52.2 4 1
github.com/odinnordico/privutil/internal/api/grpc_server.go:54.103,59.2 2 1
github.com/odinnordico/privutil/internal/api/grpc_server.go:61.103,63.16 2 1
github.com/odinnordico/privutil/internal/api/grpc_server.go:63.16,67.3 1 1
github.com/odinnordico/privutil/internal/api/grpc_server.go:68.2,70.8 1 1
github.com/odinnordico/privutil/internal/api/grpc_server.go:73.109,75.64 2 1
github.com/odinnordico/privutil/internal/api/grpc_server.go:75.64,77.3 1 1
github.com/odinnordico/privutil/internal/api/grpc_server.go:79.2,82.25 3 1
github.com/odinnordico/privutil/internal/api/grpc_server.go:82.25,84.3 1 1
github.com/odinnordico/privutil/internal/api/grpc_server.go:84.8,86.24 2 1
github.com/odinnordico/privutil/internal/api/grpc_server.go:86.24,88.4 1 0
github.com/odinnordico/privutil/internal/api/grpc_server.go:88.9,88.33 1 1
github.com/odinnordico/privutil/internal/api/grpc_server.go:88.33,90.4 1 1
github.com/odinnordico/privutil/internal/api/grpc_server.go:92.3,92.56 1 1
github.com/odinnordico/privutil/internal/api/grpc_server.go:95.2,95.16 1 1
github.com/odinnordico/privutil/internal/api/grpc_server.go:95.16,97.3 1 0
github.com/odinnordico/privutil/internal/api/grpc_server.go:99.2,99.61 1 1
github.com/odinnordico/privutil/internal/api/grpc_server.go:102.100,106.26 3 1
github.com/odinnordico/privutil/internal/api/grpc_server.go:107.26,108.48 1 1
github.com/odinnordico/privutil/internal/api/grpc_server.go:109.26,110.48 1 1
github.com/odinnordico/privutil/internal/api/grpc_server.go:111.25,113.18 2 0
github.com/odinnordico/privutil/internal/api/grpc_server.go:113.18,115.4 1 0
github.com/odinnordico/privutil/internal/api/grpc_server.go:115.9,117.4 1 0
github.com/odinnordico/privutil/internal/api/grpc_server.go:120.2,120.16 1 1
github.com/odinnordico/privutil/internal/api/grpc_server.go:120.16,122.3 1 0
github.com/odinnordico/privutil/internal/api/grpc_server.go:124.2,125.26 2 1
github.com/odinnordico/privutil/internal/api/grpc_server.go:126.26,127.51 1 1
github.com/odinnordico/privutil/internal/api/grpc_server.go:128.26,129.35 1 1
github.com/odinnordico/privutil/internal/api/grpc_server.go:130.25,132.10 2 1
github.com/odinnordico/privutil/internal/api/grpc_server.go:132.10,136.4 3 0
github.com/odinnordico/privutil/internal/api/grpc_server.go:136.9,139.4 2 1
github.com/odinnordico/privutil/internal/api/grpc_server.go:142.2,142.16 1 1
github.com/odinnordico/privutil/internal/api/grpc_server.go:142.16,144.3 1 0
github.com/odinnordico/privutil/internal/api/grpc_server.go:146.2,146.55 1 1
github.com/odinnordico/privutil/internal/api/grpc_server.go:149.99,152.16 3 1
github.com/odinnordico/privutil/internal/api/grpc_server.go:152.16,154.3 1 0
github.com/odinnordico/privutil/internal/api/grpc_server.go:155.2,155.17 1 1
github.com/odinnordico/privutil/internal/api/grpc_server.go:155.17,157.3 1 0
github.com/odinnordico/privutil/internal/api/grpc_server.go:159.2,159.34 1 1
github.com/odinnordico/privutil/internal/api/grpc_server.go:159.34,163.26 3 1
github.com/odinnordico/privutil/internal/api/grpc_server.go:163.26,165.4 1 1
github.com/odinnordico/privutil/internal/api/grpc_server.go:165.9,167.4 1 1
github.com/odinnordico/privutil/internal/api/grpc_server.go:169.3,169.17 1 1
github.com/odinnordico/privutil/internal/api/grpc_server.go:169.17,171.4 1 0
github.com/odinnordico/privutil/internal/api/grpc_server.go:173.3,174.18 2 1
github.com/odinnordico/privutil/internal/api/grpc_server.go:174.18,176.4 1 1
github.com/odinnordico/privutil/internal/api/grpc_server.go:177.3,177.20 1 1
github.com/odinnordico/privutil/internal/api/grpc_server.go:177.20,179.4 1 1
github.com/odinnordico/privutil/internal/api/grpc_server.go:180.3,180.29 1 1
github.com/odinnordico/privutil/internal/api/grpc_server.go:183.2,183.44 1 1
github.com/odinnordico/privutil/internal/api/grpc_server.go:186.102,189.16 3 1
github.com/odinnordico/privutil/internal/api/grpc_server.go:189.16,191.3 1 0
github.com/odinnordico/privutil/internal/api/grpc_server.go:193.2,193.18 1 1
github.com/odinnordico/privutil/internal/api/grpc_server.go:194.14,196.30 2 1
github.com/odinnordico/privutil/internal/api/grpc_server.go:196.30,198.4 1 1
github.com/odinnordico/privutil/internal/api/grpc_server.go:199.3,199.34 1 1
github.com/odinnordico/privutil/internal/api/grpc_server.go:200.18,202.30 2 1
github.com/odinnordico/privutil/internal/api/grpc_server.go:202.30,204.4 1 1
github.com/odinnordico/privutil/internal/api/grpc_server.go:205.3,205.38 1 1
github.com/odinnordico/privutil/internal/api/grpc_server.go:206.10,208.30 2 1
github.com/odinnordico/privutil/internal/api/grpc_server.go:208.30,210.4 1 1
github.com/odinnordico/privutil/internal/api/grpc_server.go:211.3,211.42 1 1
github.com/odinnordico/privutil/internal/api/grpc_server.go:214.2,214.43 1 1
github.com/odinnordico/privutil/internal/api/grpc_server.go:217.100,221.18 3 1
github.com/odinnordico/privutil/internal/api/grpc_server.go:222.13,224.36 2 1
github.com/odinnordico/privutil/internal/api/grpc_server.go:225.14,227.36 2 1
github.com/odinnordico/privutil/internal/api/grpc_server.go:228.16,230.36 2 1
github.com/odinnordico/privutil/internal/api/grpc_server.go:231.10,233.36 2 1
github.com/odinnordico/privutil/internal/api/grpc_server.go:236.2,236.42 1 1
github.com/odinnordico/privutil/internal/api/grpc_server.go:239.112,247.2 2 1
github.com/odinnordico/privutil/internal/api/grpc_server.go:249.121,254.20 4 1
github.com/odinnordico/privutil/internal/api/grpc_server.go:255.29,257.37 2 1
github.com/odinnordico/privutil/internal/api/grpc_server.go:258.29,260.37 2 1
github.com/odinnordico/privutil/internal/api/grpc_server.go:261.29,262.55 1 1
github.com/odinnordico/privutil/internal/api/grpc_server.go:262.55,264.4 1 1
github.com/odinnordico/privutil/internal/api/grpc_server.go:265.3,265.37 1 1
github.com/odinnordico/privutil/internal/api/grpc_server.go:266.28,269.30 3 1
github.com/odinnordico/privutil/internal/api/grpc_server.go:269.30,270.19 1 1
github.com/odinnordico/privutil/internal/api/grpc_server.go:270.19,273.5 2 1
github.com/odinnordico/privutil/internal/api/grpc_server.go:275.3,275.38 1 1
github.com/odinnordico/privutil/internal/api/grpc_server.go:276.34,278.30 2 1
github.com/odinnordico/privutil/internal/api/grpc_server.go:278.30,279.37 1 1
github.com/odinnordico/privutil/internal/api/grpc_server.go:279.37,281.5 1 1
github.com/odinnordico/privutil/internal/api/grpc_server.go:283.3,283.40 1 1
github.com/odinnordico/privutil/internal/api/grpc_server.go:284.26,286.30 2 1
github.com/odinnordico/privutil/internal/api/grpc_server.go:286.30,288.4 1 1
github.com/odinnordico/privutil/internal/api/grpc_server.go:289.3,289.39 1 1
github.com/odinnordico/privutil/internal/api/grpc_server.go:290.10,291.16 1 0
github.com/odinnordico/privutil/internal/api/grpc_server.go:294.2,294.54 1 1
github.com/odinnordico/privutil/internal/api/grpc_server.go:297.96,299.2 1 1
github.com/odinnordico/privutil/internal/api/grpc_server.go:301.96,303.16 2 1
github.com/odinnordico/privutil/internal/api/grpc_server.go:303.16,305.3 1 0
github.com/odinnordico/privutil/internal/api/grpc_server.go:306.2,306.45 1 1
github.com/odinnordico/privutil/internal/api/grpc_server.go:309.97,311.2 1 1
github.com/odinnordico/privutil/internal/api/grpc_server.go:313.97,315.2 1 1
github.com/odinnordico/privutil/internal/api/grpc_server.go:317.98,321.52 3 1
github.com/odinnordico/privutil/internal/api/grpc_server.go:321.52,323.3 1 1
github.com/odinnordico/privutil/internal/api/grpc_server.go:323.8,324.61 1 1
github.com/odinnordico/privutil/internal/api/grpc_server.go:324.61,325.24 1 1
github.com/odinnordico/privutil/internal/api/grpc_server.go:325.24,327.5 1 1
github.com/odinnordico/privutil/internal/api/grpc_server.go:327.10,329.5 1 1
github.com/odinnordico/privutil/internal/api/grpc_server.go:330.9,341.35 3 1
github.com/odinnordico/privutil/internal/api/grpc_server.go:341.35,342.57 1 1
github.com/odinnordico/privutil/internal/api/grpc_server.go:342.57,345.11 3 1
github.com/odinnordico/privutil/internal/api/grpc_server.go:348.4,348.15 1 1
github.com/odinnordico/privutil/internal/api/grpc_server.go:348.15,350.5 1 0
github.com/odinnordico/privutil/internal/api/grpc_server.go:354.2,359.8 1 1
github.com/odinnordico/privutil/internal/api/grpc_server.go:362.94,364.20 2 1
github.com/odinnordico/privutil/internal/api/grpc_server.go:364.20,366.3 1 0
github.com/odinnordico/privutil/internal/api/grpc_server.go:368.2,368.43 1 1
github.com/odinnordico/privutil/internal/api/grpc_server.go:368.43,369.31 1 1
github.com/odinnordico/privutil/internal/api/grpc_server.go:369.31,371.4 1 1
github.com/odinnordico/privutil/internal/api/grpc_server.go:372.3,373.17 2 1
github.com/odinnordico/privutil/internal/api/grpc_server.go:373.17,375.4 1 0
github.com/odinnordico/privutil/internal/api/grpc_server.go:376.3,377.59 2 1
github.com/odinnordico/privutil/internal/api/grpc_server.go:377.59,379.4 1 1
github.com/odinnordico/privutil/internal/api/grpc_server.go:380.3,380.19 1 0
github.com/odinnordico/privutil/internal/api/grpc_server.go:383.2,386.8 1 1
github.com/odinnordico/privutil/internal/api/grpc_server.go:389.98,391.16 2 1
github.com/odinnordico/privutil/internal/api/grpc_server.go:391.16,393.3 1 1
github.com/odinnordico/privutil/internal/api/grpc_server.go:395.2,399.8 2 1
github.com/odinnordico/privutil/internal/api/grpc_server.go:402.103,404.64 2 1
github.com/odinnordico/privutil/internal/api/grpc_server.go:404.64,406.3 1 0
github.com/odinnordico/privutil/internal/api/grpc_server.go:408.2,409.16 2 1
github.com/odinnordico/privutil/internal/api/grpc_server.go:409.16,411.3 1 0
github.com/odinnordico/privutil/internal/api/grpc_server.go:413.2,417.8 4 1
github.com/odinnordico/privutil/internal/api/grpc_server.go:417.8,419.20 2 1
github.com/odinnordico/privutil/internal/api/grpc_server.go:419.20,421.4 1 1
github.com/odinnordico/privutil/internal/api/grpc_server.go:422.3,424.26 2 1
github.com/odinnordico/privutil/internal/api/grpc_server.go:424.26,429.20 4 1
github.com/odinnordico/privutil/internal/api/grpc_server.go:430.16,431.24 1 1
github.com/odinnordico/privutil/internal/api/grpc_server.go:432.17,434.59 2 1
github.com/odinnordico/privutil/internal/api/grpc_server.go:434.59,436.6 1 1
github.com/odinnordico/privutil/internal/api/grpc_server.go:437.14,438.22 1 1
github.com/odinnordico/privutil/internal/api/grpc_server.go:439.23,440.31 1 0
github.com/odinnordico/privutil/internal/api/grpc_server.go:441.32,442.32 1 0
github.com/odinnordico/privutil/internal/api/grpc_server.go:445.4,445.82 1 1
github.com/odinnordico/privutil/internal/api/grpc_server.go:447.8,449.3 1 0
github.com/odinnordico/privutil/internal/api/grpc_server.go:451.2,452.55 2 1
github.com/odinnordico/privutil/internal/api/grpc_server.go:455.98,457.16 2 1
github.com/odinnordico/privutil/internal/api/grpc_server.go:457.16,459.3 1 1
github.com/odinnordico/privutil/internal/api/grpc_server.go:461.2,463.30 3 1
github.com/odinnordico/privutil/internal/api/grpc_server.go:463.30,465.3 1 1
github.com/odinnordico/privutil/internal/api/grpc_server.go:467.2,472.8 2 1
github.com/odinnordico/privutil/internal/api/grpc_server.go:475.39,477.21 2 1
github.com/odinnordico/privutil/internal/api/grpc_server.go:477.21,479.3 1 0
github.com/odinnordico/privutil/internal/api/grpc_server.go:480.2,483.25 2 1
github.com/odinnordico/privutil/internal/api/grpc_server.go:483.25,485.3 1 1
github.com/odinnordico/privutil/internal/api/grpc_server.go:486.2,486.93 1 1
github.com/odinnordico/privutil/internal/api/grpc_server.go:486.93,488.3 1 1
github.com/odinnordico/privutil/internal/api/grpc_server.go:489.2,489.75 1 0
github.com/odinnordico/privutil/internal/api/grpc_server.go:489.75,491.3 1 0
github.com/odinnordico/privutil/internal/api/grpc_server.go:492.2,492.93 1 0
github.com/odinnordico/privutil/internal/api/grpc_server.go:492.93,494.3 1 0
github.com/odinnordico/privutil/internal/api/grpc_server.go:495.2,495.75 1 0
github.com/odinnordico/privutil/internal/api/grpc_server.go:495.75,497.3 1 0
github.com/odinnordico/privutil/internal/api/grpc_server.go:500.2,501.16 2 0
github.com/odinnordico/privutil/internal/api/grpc_server.go:501.16,503.3 1 0
github.com/odinnordico/privutil/internal/api/grpc_server.go:503.8,505.3 1 0
github.com/odinnordico/privutil/internal/api/grpc_server.go:507.2,507.17 1 0
github.com/odinnordico/privutil/internal/api/grpc_server.go:507.17,509.3 1 0
github.com/odinnordico/privutil/internal/api/grpc_server.go:511.2,511.16 1 0
github.com/odinnordico/privutil/internal/api/grpc_server.go:511.16,513.3 1 0
github.com/odinnordico/privutil/internal/api/grpc_server.go:515.2,515.16 1 0
github.com/odinnordico/privutil/internal/api/grpc_server.go:515.16,517.3 1 0
github.com/odinnordico/privutil/internal/api/grpc_server.go:519.2,519.13 1 0
github.com/odinnordico/privutil/internal/api/grpc_server.go:522.96,524.18 2 1
github.com/odinnordico/privutil/internal/api/grpc_server.go:524.18,526.3 1 1
github.com/odinnordico/privutil/internal/api/grpc_server.go:528.2,529.16 2 0
github.com/odinnordico/privutil/internal/api/grpc_server.go:529.16,531.3 1 0
github.com/odinnordico/privutil/internal/api/grpc_server.go:533.2,539.8 1 0
github.com/odinnordico/privutil/internal/api/grpc_server.go:542.101,547.35 4 1
github.com/odinnordico/privutil/internal/api/grpc_server.go:547.35,549.22 2 1
github.com/odinnordico/privutil/internal/api/grpc_server.go:549.22,551.4 1 1
github.com/odinnordico/privutil/internal/api/grpc_server.go:552.3,552.22 1 1
github.com/odinnordico/privutil/internal/api/grpc_server.go:552.22,553.58 1 1
github.com/odinnordico/privutil/internal/api/grpc_server.go:553.58,557.5 3 1
github.com/odinnordico/privutil/internal/api/grpc_server.go:557.10,559.5 1 0
github.com/odinnordico/privutil/internal/api/grpc_server.go:560.9,562.4 1 0
github.com/odinnordico/privutil/internal/api/grpc_server.go:563.8,563.44 1 1
github.com/odinnordico/privutil/internal/api/grpc_server.go:563.44,566.24 3 1
github.com/odinnordico/privutil/internal/api/grpc_server.go:566.24,571.4 4 1
github.com/odinnordico/privutil/internal/api/grpc_server.go:571.9,573.4 1 0
github.com/odinnordico/privutil/internal/api/grpc_server.go:574.8,576.3 1 1
github.com/odinnordico/privutil/internal/api/grpc_server.go:578.2,578.16 1 1
github.com/odinnordico/privutil/internal/api/grpc_server.go:578.16,580.3 1 1
github.com/odinnordico/privutil/internal/api/grpc_server.go:582.2,590.16 7 1
github.com/odinnordico/privutil/internal/api/grpc_server.go:590.16,593.3 2 0
github.com/odinnordico/privutil/internal/api/grpc_server.go:593.8,594.16 1 1
github.com/odinnordico/privutil/internal/api/grpc_server.go:594.16,596.4 1 0
github.com/odinnordico/privutil/internal/api/grpc_server.go:596.9,598.4 1 1
github.com/odinnordico/privutil/internal/api/grpc_server.go:600.3,600.15 1 1
github.com/odinnordico/privutil/internal/api/grpc_server.go:601.11,603.15 2 1
github.com/odinnordico/privutil/internal/api/grpc_server.go:603.15,605.5 1 0
github.com/odinnordico/privutil/internal/api/grpc_server.go:606.11,607.27 1 0
github.com/odinnordico/privutil/internal/api/grpc_server.go:608.11,609.27 1 0
github.com/odinnordico/privutil/internal/api/grpc_server.go:611.3,611.11 1 1
github.com/odinnordico/privutil/internal/api/grpc_server.go:614.2,618.8 1 1
github.com/odinnordico/privutil/internal/api/grpc_server.go:621.98,625.41 3 1
github.com/odinnordico/privutil/internal/api/grpc_server.go:625.41,626.22 1 1
github.com/odinnordico/privutil/internal/api/grpc_server.go:626.22,628.4 1 0
github.com/odinnordico/privutil/internal/api/grpc_server.go:629.3,630.31 2 1
github.com/odinnordico/privutil/internal/api/grpc_server.go:630.31,631.18 1 1
github.com/odinnordico/privutil/internal/api/grpc_server.go:631.18,633.5 1 1
github.com/odinnordico/privutil/internal/api/grpc_server.go:635.3,635.13 1 1
github.com/odinnordico/privutil/internal/api/grpc_server.go:638.2,638.42 1 1
github.com/odinnordico/privutil/internal/api/grpc_server.go:638.42,640.27 2 1
github.com/odinnordico/privutil/internal/api/grpc_server.go:640.27,641.18 1 1
github.com/odinnordico/privutil/internal/api/grpc_server.go:641.18,643.5 1 1
github.com/odinnordico/privutil/internal/api/grpc_server.go:645.3,645.13 1 1
github.com/odinnordico/privutil/internal/api/grpc_server.go:648.2,648.41 1 1
github.com/odinnordico/privutil/internal/api/grpc_server.go:648.41,650.27 2 1
github.com/odinnordico/privutil/internal/api/grpc_server.go:650.27,652.4 1 1
github.com/odinnordico/privutil/internal/api/grpc_server.go:653.3,653.34 1 1
github.com/odinnordico/privutil/internal/api/grpc_server.go:656.2,656.41 1 1
github.com/odinnordico/privutil/internal/api/grpc_server.go:656.41,658.27 2 1
github.com/odinnordico/privutil/internal/api/grpc_server.go:658.27,660.4 1 1
github.com/odinnordico/privutil/internal/api/grpc_server.go:661.3,661.34 1 1
github.com/odinnordico/privutil/internal/api/grpc_server.go:664.2,664.44 1 1
github.com/odinnordico/privutil/internal/api/grpc_server.go:664.44,666.27 2 1
github.com/odinnordico/privutil/internal/api/grpc_server.go:666.27,668.4 1 1
github.com/odinnordico/privutil/internal/api/grpc_server.go:669.3,669.34 1 1
github.com/odinnordico/privutil/internal/api/grpc_server.go:672.2,679.8 1 1
github.com/odinnordico/privutil/internal/api/grpc_server.go:682.103,687.18 4 1
github.com/odinnordico/privutil/internal/api/grpc_server.go:688.14,689.29 1 1
github.com/odinnordico/privutil/internal/api/grpc_server.go:689.29,692.4 2 1
github.com/odinnordico/privutil/internal/api/grpc_server.go:692.9,693.70 1 1
github.com/odinnordico/privutil/internal/api/grpc_server.go:693.70,694.62 1 1
github.com/odinnordico/privutil/internal/api/grpc_server.go:694.62,696.6 1 0
github.com/odinnordico/privutil/internal/api/grpc_server.go:697.10,698.72 1 0
github.com/odinnordico/privutil/internal/api/grpc_server.go:698.72,700.6 1 0
github.com/odinnordico/privutil/internal/api/grpc_server.go:703.21,704.29 1 1
github.com/odinnordico/privutil/internal/api/grpc_server.go:704.29,706.4 1 1
github.com/odinnordico/privutil/internal/api/grpc_server.go:706.9,708.4 1 0
github.com/odinnordico/privutil/internal/api/grpc_server.go:709.13,710.29 1 1
github.com/odinnordico/privutil/internal/api/grpc_server.go:710.29,712.4 1 1
github.com/odinnordico/privutil/internal/api/grpc_server.go:712.9,714.4 1 0
github.com/odinnordico/privutil/internal/api/grpc_server.go:715.13,716.29 1 0
github.com/odinnordico/privutil/internal/api/grpc_server.go:716.29,718.4 1 0
github.com/odinnordico/privutil/internal/api/grpc_server.go:718.9,720.4 1 0
github.com/odinnordico/privutil/internal/api/grpc_server.go:721.14,722.29 1 0
github.com/odinnordico/privutil/internal/api/grpc_server.go:722.29,724.4 1 0
github.com/odinnordico/privutil/internal/api/grpc_server.go:724.9,726.4 1 0
github.com/odinnordico/privutil/internal/api/grpc_server.go:727.10,728.56 1 0
github.com/odinnordico/privutil/internal/api/grpc_server.go:731.2,731.16 1 1
github.com/odinnordico/privutil/internal/api/grpc_server.go:731.16,733.3 1 0
github.com/odinnordico/privutil/internal/api/grpc_server.go:735.2,735.45 1 1
github.com/odinnordico/privutil/internal/api/grpc_server.go:738.40,745.26 6 1
github.com/odinnordico/privutil/internal/api/grpc_server.go:745.26,746.32 1 1
github.com/odinnordico/privutil/internal/api/grpc_server.go:746.32,749.51 3 1
github.com/odinnordico/privutil/internal/api/grpc_server.go:749.51,751.5 1 0
github.com/odinnordico/privutil/internal/api/grpc_server.go:752.4,752.76 1 1
github.com/odinnordico/privutil/internal/api/grpc_server.go:752.76,754.5 1 0
github.com/odinnordico/privutil/internal/api/grpc_server.go:756.3,756.18 1 1
github.com/odinnordico/privutil/internal/api/grpc_server.go:758.2,760.26 2 1
github.com/odinnordico/privutil/internal/api/grpc_server.go:763.36,767.26 4 1
github.com/odinnordico/privutil/internal/api/grpc_server.go:767.26,768.17 1 1
github.com/odinnordico/privutil/internal/api/grpc_server.go:768.17,770.4 1 1
github.com/odinnordico/privutil/internal/api/grpc_server.go:772.2,772.32 1 1
github.com/odinnordico/privutil/internal/api/grpc_server.go:775.32,776.11 1 1
github.com/odinnordico/privutil/internal/api/grpc_server.go:776.11,778.3 1 1
github.com/odinnordico/privutil/internal/api/grpc_server.go:779.2,779.10 1 1
github.com/odinnordico/privutil/internal/api/grpc_server.go:782.32,783.11 1 1
github.com/odinnordico/privutil/internal/api/grpc_server.go:783.11,785.3 1 0
github.com/odinnordico/privutil/internal/api/grpc_server.go:786.2,786.10 1 1
github.com/odinnordico/privutil/internal/api/grpc_server.go:789.113,794.11 4 1
github.com/odinnordico/privutil/internal/api/grpc_server.go:794.11,797.3 2 0
github.com/odinnordico/privutil/internal/api/grpc_server.go:799.2,800.26 2 1
github.com/odinnordico/privutil/internal/api/grpc_server.go:800.26,802.3 1 1
github.com/odinnordico/privutil/internal/api/grpc_server.go:804.2,804.26 1 1
github.com/odinnordico/privutil/internal/api/grpc_server.go:804.26,808.27 4 1
github.com/odinnordico/privutil/internal/api/grpc_server.go:808.27,810.26 2 1
github.com/odinnordico/privutil/internal/api/grpc_server.go:810.26,812.5 1 1
github.com/odinnordico/privutil/internal/api/grpc_server.go:813.4,813.52 1 1
github.com/odinnordico/privutil/internal/api/grpc_server.go:816.2,821.17 4 1
github.com/odinnordico/privutil/internal/api/grpc_server.go:821.17,823.3 1 0
github.com/odinnordico/privutil/internal/api/grpc_server.go:823.8,825.3 1 1
github.com/odinnordico/privutil/internal/api/grpc_server.go:827.2,830.8 1 1
github.com/odinnordico/privutil/internal/api/grpc_server.go:833.94,843.30 4 1
github.com/odinnordico/privutil/internal/api/grpc_server.go:843.30,846.3 2 1
github.com/odinnordico/privutil/internal/api/grpc_server.go:849.2,850.27 2 1
github.com/odinnordico/privutil/internal/api/grpc_server.go:850.27,851.38 1 1
github.com/odinnordico/privutil/internal/api/grpc_server.go:851.38,853.4 1 1
github.com/odinnordico/privutil/internal/api/grpc_server.go:855.2,857.51 2 1
github.com/odinnordico/privutil/internal/api/grpc_server.go:860.89,864.16 2 1
github.com/odinnordico/privutil/internal/api/grpc_server.go:864.16,866.47 1 1
github.com/odinnordico/privutil/internal/api/grpc_server.go:866.47,867.24 1 1
github.com/odinnordico/privutil/internal/api/grpc_server.go:867.24,869.5 1 1
github.com/odinnordico/privutil/internal/api/grpc_server.go:869.10,871.5 1 0
github.com/odinnordico/privutil/internal/api/grpc_server.go:874.3,874.16 1 1
github.com/odinnordico/privutil/internal/api/grpc_server.go:874.16,876.4 1 1
github.com/odinnordico/privutil/internal/api/grpc_server.go:879.2,888.21 5 1
github.com/odinnordico/privutil/internal/api/grpc_server.go:888.21,891.26 2 1
github.com/odinnordico/privutil/internal/api/grpc_server.go:891.26,893.4 1 1
github.com/odinnordico/privutil/internal/api/grpc_server.go:897.2,898.20 2 1
github.com/odinnordico/privutil/internal/api/grpc_server.go:898.20,900.3 1 1
github.com/odinnordico/privutil/internal/api/grpc_server.go:902.2,909.8 1 1
github.com/odinnordico/privutil/internal/api/grpc_server.go:912.27,913.11 1 1
github.com/odinnordico/privutil/internal/api/grpc_server.go:913.11,915.3 1 1
github.com/odinnordico/privutil/internal/api/grpc_server.go:916.2,916.10 1 1
github.com/odinnordico/privutil/internal/api/grpc_server.go:919.27,920.11 1 1
github.com/odinnordico/privutil/internal/api/grpc_server.go:920.11,922.3 1 0
github.com/odinnordico/privutil/internal/api/grpc_server.go:923.2,923.10 1 1
github.com/odinnordico/privutil/internal/api/grpc_server.go:926.111,928.17 2 0
github.com/odinnordico/privutil/internal/api/grpc_server.go:928.17,930.3 1 0
github.com/odinnordico/privutil/internal/api/grpc_server.go:931.2,931.18 1 0
github.com/odinnordico/privutil/internal/api/grpc_server.go:931.18,933.3 1 0
github.com/odinnordico/privutil/internal/api/grpc_server.go:935.2,936.16 2 0
github.com/odinnordico/privutil/internal/api/grpc_server.go:936.16,938.3 1 0
github.com/odinnordico/privutil/internal/api/grpc_server.go:939.2,939.17 1 0
github.com/odinnordico/privutil/internal/api/grpc_server.go:939.17,941.3 1 0
github.com/odinnordico/privutil/internal/api/grpc_server.go:944.2,945.27 2 0
github.com/odinnordico/privutil/internal/api/grpc_server.go:945.27,947.3 1 0
github.com/odinnordico/privutil/internal/api/grpc_server.go:947.8,948.20 1 0
github.com/odinnordico/privutil/internal/api/grpc_server.go:948.20,950.4 1 0
github.com/odinnordico/privutil/internal/api/grpc_server.go:951.3,951.20 1 0
github.com/odinnordico/privutil/internal/api/grpc_server.go:951.20,953.4 1 0
github.com/odinnordico/privutil/internal/api/grpc_server.go:954.3,954.18 1 0
github.com/odinnordico/privutil/internal/api/grpc_server.go:954.18,956.4 1 0
github.com/odinnordico/privutil/internal/api/grpc_server.go:957.3,957.18 1 0
github.com/odinnordico/privutil/internal/api/grpc_server.go:957.18,959.4 1 0
github.com/odinnordico/privutil/internal/api/grpc_server.go:961.3,961.20 1 0
github.com/odinnordico/privutil/internal/api/grpc_server.go:961.20,963.4 1 0
github.com/odinnordico/privutil/internal/api/grpc_server.go:966.2,967.29 2 0
github.com/odinnordico/privutil/internal/api/grpc_server.go:967.29,969.31 2 0
github.com/odinnordico/privutil/internal/api/grpc_server.go:969.31,971.4 1 0
github.com/odinnordico/privutil/internal/api/grpc_server.go:972.3,972.34 1 0
github.com/odinnordico/privutil/internal/api/grpc_server.go:975.2,975.56 1 0
