{"/home/diego/workspace/golang/privutil/web/src/components/Base64Tool.tsx": {"path":"/home/diego/workspace/golang/privutil/web/src/components/Base64Tool.tsx","all":false,"statementMap":{"0":{"start":{"line":1,"column":0},"end":{"line":1,"column":33}},"1":{"start":{"line":2,"column":0},"end":{"line":2,"column":56}},"2":{"start":{"line":3,"column":0},"end":{"line":3,"column":39}},"3":{"start":{"line":4,"column":0},"end":{"line":4,"column":34}},"4":{"start":{"line":5,"column":0},"end":{"line":5,"column":43}},"6":{"start":{"line":7,"column":0},"end":{"line":7,"column":30}},"7":{"start":{"line":8,"column":0},"end":{"line":8,"column":41}},"8":{"start":{"line":9,"column":0},"end":{"line":9,"column":43}},"9":{"start":{"line":10,"column":0},"end":{"line":10,"column":58}},"10":{"start":{"line":11,"column":0},"end":{"line":11,"column":48}},"12":{"start":{"line":13,"column":0},"end":{"line":13,"column":63}},"13":{"start":{"line":14,"column":0},"end":{"line":14,"column":21}},"14":{"start":{"line":15,"column":0},"end":{"line":15,"column":19}},"15":{"start":{"line":16,"column":0},"end":{"line":16,"column":9}},"16":{"start":{"line":17,"column":0},"end":{"line":17,"column":60}},"17":{"start":{"line":18,"column":0},"end":{"line":18,"column":43}},"18":{"start":{"line":19,"column":0},"end":{"line":19,"column":51}},"19":{"start":{"line":20,"column":0},"end":{"line":20,"column":52}},"21":{"start":{"line":22,"column":0},"end":{"line":22,"column":27}},"22":{"start":{"line":23,"column":0},"end":{"line":23,"column":33}},"23":{"start":{"line":24,"column":0},"end":{"line":24,"column":22}},"24":{"start":{"line":25,"column":0},"end":{"line":25,"column":14}},"25":{"start":{"line":26,"column":0},"end":{"line":26,"column":33}},"26":{"start":{"line":27,"column":0},"end":{"line":27,"column":7}},"27":{"start":{"line":28,"column":0},"end":{"line":28,"column":19}},"28":{"start":{"line":29,"column":0},"end":{"line":29,"column":25}},"29":{"start":{"line":30,"column":0},"end":{"line":30,"column":47}},"30":{"start":{"line":31,"column":0},"end":{"line":31,"column":15}},"31":{"start":{"line":32,"column":0},"end":{"line":32,"column":24}},"32":{"start":{"line":33,"column":0},"end":{"line":33,"column":5}},"33":{"start":{"line":34,"column":0},"end":{"line":34,"column":4}},"35":{"start":{"line":36,"column":0},"end":{"line":36,"column":10}},"36":{"start":{"line":37,"column":0},"end":{"line":37,"column":41}},"37":{"start":{"line":38,"column":0},"end":{"line":38,"column":79}},"39":{"start":{"line":40,"column":0},"end":{"line":40,"column":33}},"40":{"start":{"line":41,"column":0},"end":{"line":41,"column":74}},"41":{"start":{"line":42,"column":0},"end":{"line":42,"column":17}},"42":{"start":{"line":43,"column":0},"end":{"line":43,"column":170}},"43":{"start":{"line":44,"column":0},"end":{"line":44,"column":23}},"44":{"start":{"line":45,"column":0},"end":{"line":45,"column":52}},"45":{"start":{"line":46,"column":0},"end":{"line":46,"column":57}},"46":{"start":{"line":47,"column":0},"end":{"line":47,"column":10}},"47":{"start":{"line":48,"column":0},"end":{"line":48,"column":12}},"49":{"start":{"line":50,"column":0},"end":{"line":50,"column":34}},"50":{"start":{"line":51,"column":0},"end":{"line":51,"column":15}},"51":{"start":{"line":52,"column":0},"end":{"line":52,"column":48}},"52":{"start":{"line":53,"column":0},"end":{"line":53,"column":38}},"53":{"start":{"line":54,"column":0},"end":{"line":54,"column":24}},"54":{"start":{"line":55,"column":0},"end":{"line":55,"column":89}},"55":{"start":{"line":56,"column":0},"end":{"line":56,"column":102}},"56":{"start":{"line":57,"column":0},"end":{"line":57,"column":12}},"58":{"start":{"line":59,"column":0},"end":{"line":59,"column":45}},"60":{"start":{"line":61,"column":0},"end":{"line":61,"column":17}},"61":{"start":{"line":62,"column":0},"end":{"line":62,"column":15}},"62":{"start":{"line":63,"column":0},"end":{"line":63,"column":48}},"63":{"start":{"line":64,"column":0},"end":{"line":64,"column":38}},"64":{"start":{"line":65,"column":0},"end":{"line":65,"column":24}},"65":{"start":{"line":66,"column":0},"end":{"line":66,"column":89}},"66":{"start":{"line":67,"column":0},"end":{"line":67,"column":102}},"67":{"start":{"line":68,"column":0},"end":{"line":68,"column":12}},"69":{"start":{"line":70,"column":0},"end":{"line":70,"column":45}},"71":{"start":{"line":72,"column":0},"end":{"line":72,"column":17}},"72":{"start":{"line":73,"column":0},"end":{"line":73,"column":12}},"74":{"start":{"line":75,"column":0},"end":{"line":75,"column":16}},"75":{"start":{"line":76,"column":0},"end":{"line":76,"column":92}},"76":{"start":{"line":77,"column":0},"end":{"line":77,"column":17}},"77":{"start":{"line":78,"column":0},"end":{"line":78,"column":14}},"78":{"start":{"line":79,"column":0},"end":{"line":79,"column":21}},"79":{"start":{"line":80,"column":0},"end":{"line":80,"column":35}},"80":{"start":{"line":81,"column":0},"end":{"line":81,"column":77}},"81":{"start":{"line":82,"column":0},"end":{"line":82,"column":19}},"82":{"start":{"line":83,"column":0},"end":{"line":83,"column":20}},"83":{"start":{"line":84,"column":0},"end":{"line":84,"column":136}},"84":{"start":{"line":85,"column":0},"end":{"line":85,"column":26}},"85":{"start":{"line":86,"column":0},"end":{"line":86,"column":12}},"86":{"start":{"line":87,"column":0},"end":{"line":87,"column":14}},"88":{"start":{"line":89,"column":0},"end":{"line":89,"column":10}},"90":{"start":{"line":91,"column":0},"end":{"line":91,"column":1}}},"s":{"0":1,"1":1,"2":1,"3":1,"4":1,"6":1,"7":10,"8":10,"9":10,"10":10,"12":10,"13":2,"14":2,"15":2,"16":2,"17":2,"18":1,"19":1,"21":2,"22":0,"23":0,"24":2,"25":2,"26":2,"27":2,"28":0,"29":0,"30":2,"31":2,"32":2,"33":2,"35":10,"36":10,"37":10,"39":10,"40":10,"41":10,"42":10,"43":10,"44":10,"45":10,"46":10,"47":10,"49":10,"50":10,"51":10,"52":10,"53":10,"54":10,"55":10,"56":10,"58":10,"60":10,"61":10,"62":10,"63":10,"64":10,"65":10,"66":10,"67":10,"69":10,"71":10,"72":10,"74":10,"75":0,"76":0,"77":0,"78":10,"79":2,"80":2,"81":2,"82":2,"83":2,"84":2,"85":2,"86":2,"88":10,"90":10},"branchMap":{"0":{"type":"branch","line":7,"loc":{"start":{"line":7,"column":7},"end":{"line":91,"column":1}},"locations":[{"start":{"line":7,"column":7},"end":{"line":91,"column":1}}]},"1":{"type":"branch","line":53,"loc":{"start":{"line":53,"column":20},"end":{"line":53,"column":38}},"locations":[{"start":{"line":53,"column":20},"end":{"line":53,"column":38}}]},"2":{"type":"branch","line":64,"loc":{"start":{"line":64,"column":20},"end":{"line":64,"column":38}},"locations":[{"start":{"line":64,"column":20},"end":{"line":64,"column":38}}]},"3":{"type":"branch","line":75,"loc":{"start":{"line":75,"column":7},"end":{"line":78,"column":14}},"locations":[{"start":{"line":75,"column":7},"end":{"line":78,"column":14}}]},"4":{"type":"branch","line":79,"loc":{"start":{"line":79,"column":10},"end":{"line":87,"column":14}},"locations":[{"start":{"line":79,"column":10},"end":{"line":87,"column":14}}]},"5":{"type":"branch","line":13,"loc":{"start":{"line":13,"column":23},"end":{"line":34,"column":4}},"locations":[{"start":{"line":13,"column":23},"end":{"line":34,"column":4}}]},"6":{"type":"branch","line":18,"loc":{"start":{"line":18,"column":34},"end":{"line":20,"column":52}},"locations":[{"start":{"line":18,"column":34},"end":{"line":20,"column":52}}]},"7":{"type":"branch","line":20,"loc":{"start":{"line":20,"column":50},"end":{"line":22,"column":26}},"locations":[{"start":{"line":20,"column":50},"end":{"line":22,"column":26}}]},"8":{"type":"branch","line":22,"loc":{"start":{"line":22,"column":26},"end":{"line":25,"column":13}},"locations":[{"start":{"line":22,"column":26},"end":{"line":25,"column":13}}]},"9":{"type":"branch","line":28,"loc":{"start":{"line":28,"column":4},"end":{"line":31,"column":6}},"locations":[{"start":{"line":28,"column":4},"end":{"line":31,"column":6}}]},"10":{"type":"branch","line":45,"loc":{"start":{"line":45,"column":20},"end":{"line":45,"column":52}},"locations":[{"start":{"line":45,"column":20},"end":{"line":45,"column":52}}]},"11":{"type":"branch","line":52,"loc":{"start":{"line":52,"column":19},"end":{"line":52,"column":48}},"locations":[{"start":{"line":52,"column":19},"end":{"line":52,"column":48}}]},"12":{"type":"branch","line":63,"loc":{"start":{"line":63,"column":19},"end":{"line":63,"column":48}},"locations":[{"start":{"line":63,"column":19},"end":{"line":63,"column":48}}]}},"b":{"0":[10],"1":[8],"2":[8],"3":[0],"4":[2],"5":[2],"6":[1],"7":[1],"8":[0],"9":[0],"10":[2],"11":[1],"12":[1]},"fnMap":{"0":{"name":"Base64Tool","decl":{"start":{"line":7,"column":7},"end":{"line":91,"column":1}},"loc":{"start":{"line":7,"column":7},"end":{"line":91,"column":1}},"line":7},"1":{"name":"handleAction","decl":{"start":{"line":13,"column":23},"end":{"line":34,"column":4}},"loc":{"start":{"line":13,"column":23},"end":{"line":34,"column":4}},"line":13},"2":{"name":"onChange","decl":{"start":{"line":45,"column":20},"end":{"line":45,"column":52}},"loc":{"start":{"line":45,"column":20},"end":{"line":45,"column":52}},"line":45},"3":{"name":"onClick","decl":{"start":{"line":52,"column":19},"end":{"line":52,"column":48}},"loc":{"start":{"line":52,"column":19},"end":{"line":52,"column":48}},"line":52},"4":{"name":"onClick","decl":{"start":{"line":63,"column":19},"end":{"line":63,"column":48}},"loc":{"start":{"line":63,"column":19},"end":{"line":63,"column":48}},"line":63}},"f":{"0":10,"1":2,"2":2,"3":1,"4":1}}
,"/home/diego/workspace/golang/privutil/web/src/components/CertTool.tsx": {"path":"/home/diego/workspace/golang/privutil/web/src/components/CertTool.tsx","all":false,"statementMap":{"0":{"start":{"line":1,"column":0},"end":{"line":1,"column":33}},"1":{"start":{"line":2,"column":0},"end":{"line":2,"column":54}},"2":{"start":{"line":3,"column":0},"end":{"line":3,"column":39}},"3":{"start":{"line":4,"column":0},"end":{"line":4,"column":71}},"5":{"start":{"line":6,"column":0},"end":{"line":6,"column":28}},"6":{"start":{"line":7,"column":0},"end":{"line":7,"column":37}},"7":{"start":{"line":8,"column":0},"end":{"line":8,"column":46}},"8":{"start":{"line":9,"column":0},"end":{"line":9,"column":41}},"10":{"start":{"line":11,"column":0},"end":{"line":11,"column":41}},"11":{"start":{"line":12,"column":0},"end":{"line":12,"column":17}},"12":{"start":{"line":13,"column":0},"end":{"line":13,"column":23}},"13":{"start":{"line":14,"column":0},"end":{"line":14,"column":20}},"14":{"start":{"line":15,"column":0},"end":{"line":15,"column":13}},"15":{"start":{"line":16,"column":0},"end":{"line":16,"column":5}},"16":{"start":{"line":17,"column":0},"end":{"line":17,"column":9}},"17":{"start":{"line":18,"column":0},"end":{"line":18,"column":79}},"18":{"start":{"line":19,"column":0},"end":{"line":19,"column":23}},"19":{"start":{"line":20,"column":0},"end":{"line":20,"column":29}},"20":{"start":{"line":21,"column":0},"end":{"line":21,"column":22}},"21":{"start":{"line":22,"column":0},"end":{"line":22,"column":14}},"22":{"start":{"line":23,"column":0},"end":{"line":23,"column":21}},"23":{"start":{"line":24,"column":0},"end":{"line":24,"column":22}},"24":{"start":{"line":25,"column":0},"end":{"line":25,"column":7}},"25":{"start":{"line":26,"column":0},"end":{"line":26,"column":37}},"26":{"start":{"line":27,"column":0},"end":{"line":27,"column":4}},"28":{"start":{"line":29,"column":0},"end":{"line":29,"column":10}},"29":{"start":{"line":30,"column":0},"end":{"line":30,"column":31}},"30":{"start":{"line":31,"column":0},"end":{"line":31,"column":76}},"31":{"start":{"line":32,"column":0},"end":{"line":32,"column":58}},"33":{"start":{"line":34,"column":0},"end":{"line":34,"column":11}},"35":{"start":{"line":36,"column":0},"end":{"line":36,"column":49}},"36":{"start":{"line":37,"column":0},"end":{"line":37,"column":35}},"37":{"start":{"line":38,"column":0},"end":{"line":38,"column":74}},"38":{"start":{"line":39,"column":0},"end":{"line":39,"column":20}},"39":{"start":{"line":40,"column":0},"end":{"line":40,"column":24}},"40":{"start":{"line":41,"column":0},"end":{"line":41,"column":50}},"41":{"start":{"line":42,"column":0},"end":{"line":42,"column":57}},"42":{"start":{"line":43,"column":0},"end":{"line":43,"column":177}},"43":{"start":{"line":44,"column":0},"end":{"line":44,"column":12}},"44":{"start":{"line":45,"column":0},"end":{"line":45,"column":14}},"46":{"start":{"line":47,"column":0},"end":{"line":47,"column":35}},"47":{"start":{"line":48,"column":0},"end":{"line":48,"column":21}},"48":{"start":{"line":49,"column":0},"end":{"line":49,"column":93}},"49":{"start":{"line":50,"column":0},"end":{"line":50,"column":21}},"50":{"start":{"line":51,"column":0},"end":{"line":51,"column":18}},"53":{"start":{"line":54,"column":0},"end":{"line":54,"column":20}},"54":{"start":{"line":55,"column":0},"end":{"line":55,"column":91}},"55":{"start":{"line":56,"column":0},"end":{"line":56,"column":122}},"56":{"start":{"line":57,"column":0},"end":{"line":57,"column":85}},"57":{"start":{"line":58,"column":0},"end":{"line":58,"column":20}},"59":{"start":{"line":60,"column":0},"end":{"line":60,"column":45}},"60":{"start":{"line":61,"column":0},"end":{"line":61,"column":68}},"61":{"start":{"line":62,"column":0},"end":{"line":62,"column":66}},"63":{"start":{"line":64,"column":0},"end":{"line":64,"column":56}},"64":{"start":{"line":65,"column":0},"end":{"line":65,"column":45}},"65":{"start":{"line":66,"column":0},"end":{"line":66,"column":103}},"66":{"start":{"line":67,"column":0},"end":{"line":67,"column":64}},"67":{"start":{"line":68,"column":0},"end":{"line":68,"column":26}},"68":{"start":{"line":69,"column":0},"end":{"line":69,"column":91}},"69":{"start":{"line":70,"column":0},"end":{"line":70,"column":24}},"70":{"start":{"line":71,"column":0},"end":{"line":71,"column":45}},"71":{"start":{"line":72,"column":0},"end":{"line":72,"column":103}},"72":{"start":{"line":73,"column":0},"end":{"line":73,"column":63}},"73":{"start":{"line":74,"column":0},"end":{"line":74,"column":26}},"74":{"start":{"line":75,"column":0},"end":{"line":75,"column":90}},"75":{"start":{"line":76,"column":0},"end":{"line":76,"column":24}},"76":{"start":{"line":77,"column":0},"end":{"line":77,"column":22}},"78":{"start":{"line":79,"column":0},"end":{"line":79,"column":43}},"79":{"start":{"line":80,"column":0},"end":{"line":80,"column":101}},"80":{"start":{"line":81,"column":0},"end":{"line":81,"column":65}},"81":{"start":{"line":82,"column":0},"end":{"line":82,"column":24}},"82":{"start":{"line":83,"column":0},"end":{"line":83,"column":56}},"83":{"start":{"line":84,"column":0},"end":{"line":84,"column":58}},"84":{"start":{"line":85,"column":0},"end":{"line":85,"column":63}},"85":{"start":{"line":86,"column":0},"end":{"line":86,"column":112}},"86":{"start":{"line":87,"column":0},"end":{"line":87,"column":29}},"87":{"start":{"line":88,"column":0},"end":{"line":88,"column":31}},"88":{"start":{"line":89,"column":0},"end":{"line":89,"column":24}},"90":{"start":{"line":91,"column":0},"end":{"line":91,"column":80}},"92":{"start":{"line":93,"column":0},"end":{"line":93,"column":24}},"93":{"start":{"line":94,"column":0},"end":{"line":94,"column":22}},"94":{"start":{"line":95,"column":0},"end":{"line":95,"column":20}},"95":{"start":{"line":96,"column":0},"end":{"line":96,"column":18}},"98":{"start":{"line":99,"column":0},"end":{"line":99,"column":31}},"99":{"start":{"line":100,"column":0},"end":{"line":100,"column":133}},"101":{"start":{"line":102,"column":0},"end":{"line":102,"column":18}},"103":{"start":{"line":104,"column":0},"end":{"line":104,"column":14}},"104":{"start":{"line":105,"column":0},"end":{"line":105,"column":12}},"105":{"start":{"line":106,"column":0},"end":{"line":106,"column":10}},"107":{"start":{"line":108,"column":0},"end":{"line":108,"column":1}},"109":{"start":{"line":110,"column":0},"end":{"line":110,"column":74}},"112":{"start":{"line":113,"column":0},"end":{"line":113,"column":10}},"113":{"start":{"line":114,"column":0},"end":{"line":114,"column":31}},"114":{"start":{"line":115,"column":0},"end":{"line":115,"column":78}},"115":{"start":{"line":116,"column":0},"end":{"line":116,"column":115}},"116":{"start":{"line":117,"column":0},"end":{"line":117,"column":15}},"117":{"start":{"line":118,"column":0},"end":{"line":118,"column":12}},"118":{"start":{"line":119,"column":0},"end":{"line":119,"column":10}},"120":{"start":{"line":121,"column":0},"end":{"line":121,"column":1}}},"s":{"0":1,"1":1,"2":1,"3":1,"5":1,"6":4,"7":4,"8":4,"10":4,"11":1,"12":1,"13":0,"14":0,"15":0,"16":1,"17":1,"18":1,"19":0,"20":0,"21":1,"22":1,"23":1,"24":1,"25":1,"26":1,"28":4,"29":4,"30":4,"31":4,"33":4,"35":4,"36":4,"37":4,"38":4,"39":4,"40":4,"41":4,"42":4,"43":4,"44":4,"46":4,"47":4,"48":0,"49":0,"50":0,"53":4,"54":1,"55":1,"56":1,"57":1,"59":1,"60":1,"61":1,"63":1,"64":1,"65":1,"66":1,"67":1,"68":1,"69":1,"70":1,"71":1,"72":1,"73":1,"74":1,"75":1,"76":1,"78":1,"79":1,"80":1,"81":1,"82":1,"83":1,"84":0,"85":0,"86":0,"87":0,"88":0,"90":1,"92":1,"93":1,"94":1,"95":1,"98":4,"99":3,"101":3,"103":4,"104":4,"105":4,"107":4,"109":2,"112":2,"113":2,"114":2,"115":2,"116":2,"117":2,"118":2,"120":2},"branchMap":{"0":{"type":"branch","line":6,"loc":{"start":{"line":6,"column":7},"end":{"line":108,"column":1}},"locations":[{"start":{"line":6,"column":7},"end":{"line":108,"column":1}}]},"1":{"type":"branch","line":48,"loc":{"start":{"line":48,"column":11},"end":{"line":51,"column":18}},"locations":[{"start":{"line":48,"column":11},"end":{"line":51,"column":18}}]},"2":{"type":"branch","line":54,"loc":{"start":{"line":54,"column":11},"end":{"line":96,"column":18}},"locations":[{"start":{"line":54,"column":11},"end":{"line":96,"column":18}}]},"3":{"type":"branch","line":84,"loc":{"start":{"line":84,"column":53},"end":{"line":89,"column":24}},"locations":[{"start":{"line":84,"column":53},"end":{"line":89,"column":24}}]},"4":{"type":"branch","line":99,"loc":{"start":{"line":99,"column":12},"end":{"line":99,"column":31}},"locations":[{"start":{"line":99,"column":12},"end":{"line":99,"column":31}}]},"5":{"type":"branch","line":99,"loc":{"start":{"line":99,"column":21},"end":{"line":102,"column":18}},"locations":[{"start":{"line":99,"column":21},"end":{"line":102,"column":18}}]},"6":{"type":"branch","line":11,"loc":{"start":{"line":11,"column":16},"end":{"line":27,"column":4}},"locations":[{"start":{"line":11,"column":16},"end":{"line":27,"column":4}}]},"7":{"type":"branch","line":13,"loc":{"start":{"line":13,"column":22},"end":{"line":16,"column":5}},"locations":[{"start":{"line":13,"column":22},"end":{"line":16,"column":5}}]},"8":{"type":"branch","line":19,"loc":{"start":{"line":19,"column":22},"end":{"line":22,"column":13}},"locations":[{"start":{"line":19,"column":22},"end":{"line":22,"column":13}}]},"9":{"type":"branch","line":26,"loc":{"start":{"line":26,"column":4},"end":{"line":26,"column":37}},"locations":[{"start":{"line":26,"column":4},"end":{"line":26,"column":37}}]},"10":{"type":"branch","line":41,"loc":{"start":{"line":41,"column":22},"end":{"line":41,"column":50}},"locations":[{"start":{"line":41,"column":22},"end":{"line":41,"column":50}}]},"11":{"type":"branch","line":110,"loc":{"start":{"line":110,"column":0},"end":{"line":121,"column":1}},"locations":[{"start":{"line":110,"column":0},"end":{"line":121,"column":1}}]}},"b":{"0":[4],"1":[0],"2":[1],"3":[0],"4":[3],"5":[3],"6":[1],"7":[0],"8":[0],"9":[0],"10":[1],"11":[2]},"fnMap":{"0":{"name":"CertTool","decl":{"start":{"line":6,"column":7},"end":{"line":108,"column":1}},"loc":{"start":{"line":6,"column":7},"end":{"line":108,"column":1}},"line":6},"1":{"name":"parse","decl":{"start":{"line":11,"column":16},"end":{"line":27,"column":4}},"loc":{"start":{"line":11,"column":16},"end":{"line":27,"column":4}},"line":11},"2":{"name":"onChange","decl":{"start":{"line":41,"column":22},"end":{"line":41,"column":50}},"loc":{"start":{"line":41,"column":22},"end":{"line":41,"column":50}},"line":41},"3":{"name":"DetailGroup","decl":{"start":{"line":110,"column":0},"end":{"line":121,"column":1}},"loc":{"start":{"line":110,"column":0},"end":{"line":121,"column":1}},"line":110}},"f":{"0":4,"1":1,"2":1,"3":2}}
,"/home/diego/workspace/golang/privutil/web/src/components/ColorTool.tsx": {"path":"/home/diego/workspace/golang/privutil/web/src/components/ColorTool.tsx","all":false,"statementMap":{"0":{"start":{"line":1,"column":0},"end":{"line":1,"column":33}},"1":{"start":{"line":2,"column":0},"end":{"line":2,"column":55}},"2":{"start":{"line":3,"column":0},"end":{"line":3,"column":39}},"3":{"start":{"line":4,"column":0},"end":{"line":4,"column":45}},"5":{"start":{"line":6,"column":0},"end":{"line":6,"column":29}},"6":{"start":{"line":7,"column":0},"end":{"line":7,"column":48}},"7":{"start":{"line":8,"column":0},"end":{"line":8,"column":44}},"9":{"start":{"line":10,"column":0},"end":{"line":10,"column":42}},"10":{"start":{"line":11,"column":0},"end":{"line":11,"column":18}},"12":{"start":{"line":13,"column":0},"end":{"line":13,"column":72}},"13":{"start":{"line":14,"column":0},"end":{"line":14,"column":22}},"14":{"start":{"line":15,"column":0},"end":{"line":15,"column":39}},"15":{"start":{"line":16,"column":0},"end":{"line":16,"column":22}},"16":{"start":{"line":17,"column":0},"end":{"line":17,"column":5}},"17":{"start":{"line":18,"column":0},"end":{"line":18,"column":4}},"19":{"start":{"line":20,"column":0},"end":{"line":20,"column":44}},"20":{"start":{"line":21,"column":0},"end":{"line":21,"column":9}},"21":{"start":{"line":22,"column":0},"end":{"line":22,"column":89}},"22":{"start":{"line":23,"column":0},"end":{"line":23,"column":36}},"23":{"start":{"line":24,"column":0},"end":{"line":24,"column":37}},"24":{"start":{"line":25,"column":0},"end":{"line":25,"column":4}},"26":{"start":{"line":27,"column":0},"end":{"line":27,"column":10}},"27":{"start":{"line":28,"column":0},"end":{"line":28,"column":48}},"28":{"start":{"line":29,"column":0},"end":{"line":29,"column":76}},"29":{"start":{"line":30,"column":0},"end":{"line":30,"column":56}},"31":{"start":{"line":32,"column":0},"end":{"line":32,"column":11}},"33":{"start":{"line":34,"column":0},"end":{"line":34,"column":35}},"35":{"start":{"line":36,"column":0},"end":{"line":36,"column":10}},"37":{"start":{"line":38,"column":0},"end":{"line":38,"column":47}},"38":{"start":{"line":39,"column":0},"end":{"line":39,"column":15}},"39":{"start":{"line":40,"column":0},"end":{"line":40,"column":23}},"40":{"start":{"line":41,"column":0},"end":{"line":41,"column":39}},"41":{"start":{"line":42,"column":0},"end":{"line":42,"column":49}},"42":{"start":{"line":43,"column":0},"end":{"line":43,"column":82}},"43":{"start":{"line":44,"column":0},"end":{"line":44,"column":10}},"44":{"start":{"line":45,"column":0},"end":{"line":45,"column":15}},"45":{"start":{"line":46,"column":0},"end":{"line":46,"column":22}},"46":{"start":{"line":47,"column":0},"end":{"line":47,"column":24}},"47":{"start":{"line":48,"column":0},"end":{"line":48,"column":49}},"48":{"start":{"line":49,"column":0},"end":{"line":49,"column":45}},"49":{"start":{"line":50,"column":0},"end":{"line":50,"column":177}},"50":{"start":{"line":51,"column":0},"end":{"line":51,"column":10}},"51":{"start":{"line":52,"column":0},"end":{"line":52,"column":12}},"53":{"start":{"line":54,"column":0},"end":{"line":54,"column":15}},"54":{"start":{"line":55,"column":0},"end":{"line":55,"column":36}},"55":{"start":{"line":56,"column":0},"end":{"line":56,"column":66}},"56":{"start":{"line":57,"column":0},"end":{"line":57,"column":66}},"57":{"start":{"line":58,"column":0},"end":{"line":58,"column":66}},"58":{"start":{"line":59,"column":0},"end":{"line":59,"column":14}},"60":{"start":{"line":61,"column":0},"end":{"line":61,"column":10}},"62":{"start":{"line":63,"column":0},"end":{"line":63,"column":1}},"64":{"start":{"line":65,"column":0},"end":{"line":65,"column":93}},"65":{"start":{"line":66,"column":0},"end":{"line":66,"column":10}},"66":{"start":{"line":67,"column":0},"end":{"line":67,"column":151}},"67":{"start":{"line":68,"column":0},"end":{"line":68,"column":47}},"68":{"start":{"line":69,"column":0},"end":{"line":69,"column":90}},"69":{"start":{"line":70,"column":0},"end":{"line":70,"column":69}},"70":{"start":{"line":71,"column":0},"end":{"line":71,"column":12}},"71":{"start":{"line":72,"column":0},"end":{"line":72,"column":47}},"72":{"start":{"line":73,"column":0},"end":{"line":73,"column":64}},"73":{"start":{"line":74,"column":0},"end":{"line":74,"column":16}},"74":{"start":{"line":75,"column":0},"end":{"line":75,"column":62}},"75":{"start":{"line":76,"column":0},"end":{"line":76,"column":109}},"77":{"start":{"line":78,"column":0},"end":{"line":78,"column":38}},"78":{"start":{"line":79,"column":0},"end":{"line":79,"column":17}},"79":{"start":{"line":80,"column":0},"end":{"line":80,"column":12}},"80":{"start":{"line":81,"column":0},"end":{"line":81,"column":10}},"82":{"start":{"line":83,"column":0},"end":{"line":83,"column":1}}},"s":{"0":1,"1":1,"2":1,"3":1,"5":1,"6":4,"7":4,"9":4,"10":1,"12":1,"13":1,"14":1,"15":0,"16":0,"17":1,"19":4,"20":1,"21":1,"22":1,"23":1,"24":1,"26":4,"27":4,"28":4,"29":4,"31":4,"33":4,"35":4,"37":4,"38":4,"39":4,"40":4,"41":4,"42":4,"43":4,"44":4,"45":4,"46":4,"47":4,"48":4,"49":4,"50":4,"51":4,"53":4,"54":1,"55":1,"56":1,"57":1,"58":1,"60":4,"62":4,"64":3,"65":3,"66":3,"67":3,"68":3,"69":3,"70":3,"71":3,"72":3,"73":3,"74":3,"75":3,"77":3,"78":3,"79":3,"80":3,"82":3},"branchMap":{"0":{"type":"branch","line":6,"loc":{"start":{"line":6,"column":7},"end":{"line":63,"column":1}},"locations":[{"start":{"line":6,"column":7},"end":{"line":63,"column":1}}]},"1":{"type":"branch","line":41,"loc":{"start":{"line":41,"column":17},"end":{"line":41,"column":29}},"locations":[{"start":{"line":41,"column":17},"end":{"line":41,"column":29}}]},"2":{"type":"branch","line":41,"loc":{"start":{"line":41,"column":22},"end":{"line":41,"column":39}},"locations":[{"start":{"line":41,"column":22},"end":{"line":41,"column":39}}]},"3":{"type":"branch","line":54,"loc":{"start":{"line":54,"column":7},"end":{"line":59,"column":14}},"locations":[{"start":{"line":54,"column":7},"end":{"line":59,"column":14}}]},"4":{"type":"branch","line":10,"loc":{"start":{"line":10,"column":18},"end":{"line":18,"column":4}},"locations":[{"start":{"line":10,"column":18},"end":{"line":18,"column":4}}]},"5":{"type":"branch","line":15,"loc":{"start":{"line":15,"column":4},"end":{"line":17,"column":5}},"locations":[{"start":{"line":15,"column":4},"end":{"line":17,"column":5}}]},"6":{"type":"branch","line":20,"loc":{"start":{"line":20,"column":20},"end":{"line":25,"column":4}},"locations":[{"start":{"line":20,"column":20},"end":{"line":25,"column":4}}]},"7":{"type":"branch","line":24,"loc":{"start":{"line":24,"column":4},"end":{"line":24,"column":37}},"locations":[{"start":{"line":24,"column":4},"end":{"line":24,"column":37}}]},"8":{"type":"branch","line":48,"loc":{"start":{"line":48,"column":20},"end":{"line":48,"column":49}},"locations":[{"start":{"line":48,"column":20},"end":{"line":48,"column":49}}]},"9":{"type":"branch","line":65,"loc":{"start":{"line":65,"column":0},"end":{"line":83,"column":1}},"locations":[{"start":{"line":65,"column":0},"end":{"line":83,"column":1}}]}},"b":{"0":[4],"1":[1],"2":[3],"3":[1],"4":[1],"5":[0],"6":[1],"7":[0],"8":[1],"9":[3]},"fnMap":{"0":{"name":"ColorTool","decl":{"start":{"line":6,"column":7},"end":{"line":63,"column":1}},"loc":{"start":{"line":6,"column":7},"end":{"line":63,"column":1}},"line":6},"1":{"name":"convert","decl":{"start":{"line":10,"column":18},"end":{"line":18,"column":4}},"loc":{"start":{"line":10,"column":18},"end":{"line":18,"column":4}},"line":10},"2":{"name":"doConvert","decl":{"start":{"line":20,"column":20},"end":{"line":25,"column":4}},"loc":{"start":{"line":20,"column":20},"end":{"line":25,"column":4}},"line":20},"3":{"name":"onChange","decl":{"start":{"line":42,"column":20},"end":{"line":42,"column":49}},"loc":{"start":{"line":42,"column":20},"end":{"line":42,"column":49}},"line":42},"4":{"name":"onChange","decl":{"start":{"line":48,"column":20},"end":{"line":48,"column":49}},"loc":{"start":{"line":48,"column":20},"end":{"line":48,"column":49}},"line":48},"5":{"name":"ColorRow","decl":{"start":{"line":65,"column":0},"end":{"line":83,"column":1}},"loc":{"start":{"line":65,"column":0},"end":{"line":83,"column":1}},"line":65},"6":{"name":"onClick","decl":{"start":{"line":75,"column":19},"end":{"line":75,"column":62}},"loc":{"start":{"line":75,"column":19},"end":{"line":75,"column":62}},"line":75}},"f":{"0":4,"1":1,"2":1,"3":0,"4":1,"5":3,"6":0}}
,"/home/diego/workspace/golang/privutil/web/src/components/ConverterTool.tsx": {"path":"/home/diego/workspace/golang/privutil/web/src/components/ConverterTool.tsx","all":false,"statementMap":{"0":{"start":{"line":1,"column":0},"end":{"line":1,"column":33}},"1":{"start":{"line":2,"column":0},"end":{"line":2,"column":69}},"2":{"start":{"line":3,"column":0},"end":{"line":3,"column":39}},"3":{"start":{"line":4,"column":0},"end":{"line":4,"column":46}},"5":{"start":{"line":6,"column":0},"end":{"line":6,"column":33}},"6":{"start":{"line":7,"column":0},"end":{"line":7,"column":39}},"7":{"start":{"line":8,"column":0},"end":{"line":8,"column":43}},"8":{"start":{"line":9,"column":0},"end":{"line":9,"column":80}},"9":{"start":{"line":10,"column":0},"end":{"line":10,"column":80}},"10":{"start":{"line":11,"column":0},"end":{"line":11,"column":58}},"12":{"start":{"line":13,"column":0},"end":{"line":13,"column":37}},"13":{"start":{"line":14,"column":0},"end":{"line":14,"column":19}},"14":{"start":{"line":15,"column":0},"end":{"line":15,"column":9}},"15":{"start":{"line":16,"column":0},"end":{"line":16,"column":46}},"16":{"start":{"line":17,"column":0},"end":{"line":17,"column":14}},"17":{"start":{"line":18,"column":0},"end":{"line":18,"column":22}},"18":{"start":{"line":19,"column":0},"end":{"line":19,"column":21}},"19":{"start":{"line":20,"column":0},"end":{"line":20,"column":9}},"20":{"start":{"line":21,"column":0},"end":{"line":21,"column":60}},"21":{"start":{"line":22,"column":0},"end":{"line":22,"column":27}},"22":{"start":{"line":23,"column":0},"end":{"line":23,"column":33}},"23":{"start":{"line":24,"column":0},"end":{"line":24,"column":14}},"24":{"start":{"line":25,"column":0},"end":{"line":25,"column":33}},"25":{"start":{"line":26,"column":0},"end":{"line":26,"column":7}},"26":{"start":{"line":27,"column":0},"end":{"line":27,"column":19}},"27":{"start":{"line":28,"column":0},"end":{"line":28,"column":25}},"28":{"start":{"line":29,"column":0},"end":{"line":29,"column":36}},"29":{"start":{"line":30,"column":0},"end":{"line":30,"column":5}},"30":{"start":{"line":31,"column":0},"end":{"line":31,"column":4}},"32":{"start":{"line":33,"column":0},"end":{"line":33,"column":46}},"33":{"start":{"line":34,"column":0},"end":{"line":34,"column":17}},"34":{"start":{"line":35,"column":0},"end":{"line":35,"column":42}},"35":{"start":{"line":36,"column":0},"end":{"line":36,"column":42}},"36":{"start":{"line":37,"column":0},"end":{"line":37,"column":40}},"37":{"start":{"line":38,"column":0},"end":{"line":38,"column":32}},"38":{"start":{"line":39,"column":0},"end":{"line":39,"column":5}},"39":{"start":{"line":40,"column":0},"end":{"line":40,"column":4}},"41":{"start":{"line":42,"column":0},"end":{"line":42,"column":10}},"42":{"start":{"line":43,"column":0},"end":{"line":43,"column":31}},"43":{"start":{"line":44,"column":0},"end":{"line":44,"column":76}},"45":{"start":{"line":46,"column":0},"end":{"line":46,"column":77}},"46":{"start":{"line":47,"column":0},"end":{"line":47,"column":49}},"47":{"start":{"line":48,"column":0},"end":{"line":48,"column":53}},"48":{"start":{"line":49,"column":0},"end":{"line":49,"column":18}},"49":{"start":{"line":50,"column":0},"end":{"line":50,"column":32}},"50":{"start":{"line":51,"column":0},"end":{"line":51,"column":71}},"51":{"start":{"line":52,"column":0},"end":{"line":52,"column":109}},"53":{"start":{"line":54,"column":0},"end":{"line":54,"column":57}},"54":{"start":{"line":55,"column":0},"end":{"line":55,"column":57}},"55":{"start":{"line":56,"column":0},"end":{"line":56,"column":55}},"56":{"start":{"line":57,"column":0},"end":{"line":57,"column":19}},"57":{"start":{"line":58,"column":0},"end":{"line":58,"column":14}},"59":{"start":{"line":60,"column":0},"end":{"line":60,"column":60}},"61":{"start":{"line":62,"column":0},"end":{"line":62,"column":49}},"62":{"start":{"line":63,"column":0},"end":{"line":63,"column":51}},"63":{"start":{"line":64,"column":0},"end":{"line":64,"column":18}},"64":{"start":{"line":65,"column":0},"end":{"line":65,"column":33}},"65":{"start":{"line":66,"column":0},"end":{"line":66,"column":72}},"66":{"start":{"line":67,"column":0},"end":{"line":67,"column":110}},"68":{"start":{"line":69,"column":0},"end":{"line":69,"column":57}},"69":{"start":{"line":70,"column":0},"end":{"line":70,"column":57}},"70":{"start":{"line":71,"column":0},"end":{"line":71,"column":55}},"71":{"start":{"line":72,"column":0},"end":{"line":72,"column":19}},"72":{"start":{"line":73,"column":0},"end":{"line":73,"column":14}},"74":{"start":{"line":75,"column":0},"end":{"line":75,"column":15}},"75":{"start":{"line":76,"column":0},"end":{"line":76,"column":33}},"76":{"start":{"line":77,"column":0},"end":{"line":77,"column":145}},"77":{"start":{"line":78,"column":0},"end":{"line":78,"column":9}},"79":{"start":{"line":80,"column":0},"end":{"line":80,"column":17}},"80":{"start":{"line":81,"column":0},"end":{"line":81,"column":12}},"82":{"start":{"line":83,"column":0},"end":{"line":83,"column":46}},"83":{"start":{"line":84,"column":0},"end":{"line":84,"column":35}},"84":{"start":{"line":85,"column":0},"end":{"line":85,"column":106}},"85":{"start":{"line":86,"column":0},"end":{"line":86,"column":19}},"86":{"start":{"line":87,"column":0},"end":{"line":87,"column":177}},"87":{"start":{"line":88,"column":0},"end":{"line":88,"column":24}},"88":{"start":{"line":89,"column":0},"end":{"line":89,"column":53}},"89":{"start":{"line":90,"column":0},"end":{"line":90,"column":72}},"90":{"start":{"line":91,"column":0},"end":{"line":91,"column":12}},"91":{"start":{"line":92,"column":0},"end":{"line":92,"column":14}},"93":{"start":{"line":94,"column":0},"end":{"line":94,"column":35}},"94":{"start":{"line":95,"column":0},"end":{"line":95,"column":108}},"95":{"start":{"line":96,"column":0},"end":{"line":96,"column":21}},"96":{"start":{"line":97,"column":0},"end":{"line":97,"column":133}},"97":{"start":{"line":98,"column":0},"end":{"line":98,"column":23}},"98":{"start":{"line":99,"column":0},"end":{"line":99,"column":20}},"100":{"start":{"line":101,"column":0},"end":{"line":101,"column":22}},"101":{"start":{"line":102,"column":0},"end":{"line":102,"column":23}},"102":{"start":{"line":103,"column":0},"end":{"line":103,"column":144}},"103":{"start":{"line":104,"column":0},"end":{"line":104,"column":29}},"104":{"start":{"line":105,"column":0},"end":{"line":105,"column":15}},"106":{"start":{"line":107,"column":0},"end":{"line":107,"column":14}},"107":{"start":{"line":108,"column":0},"end":{"line":108,"column":12}},"108":{"start":{"line":109,"column":0},"end":{"line":109,"column":10}},"110":{"start":{"line":111,"column":0},"end":{"line":111,"column":1}}},"s":{"0":1,"1":1,"2":1,"3":1,"5":1,"6":6,"7":6,"8":6,"9":6,"10":6,"12":6,"13":1,"14":1,"15":1,"16":1,"17":1,"18":1,"19":1,"20":1,"21":1,"22":0,"23":1,"24":1,"25":1,"26":1,"27":0,"28":0,"29":0,"30":1,"32":6,"33":18,"34":18,"35":18,"36":18,"37":18,"38":18,"39":18,"41":6,"42":6,"43":6,"45":6,"46":6,"47":6,"48":6,"49":6,"50":6,"51":6,"53":6,"54":6,"55":6,"56":6,"57":6,"59":6,"61":6,"62":6,"63":6,"64":6,"65":6,"66":6,"68":6,"69":6,"70":6,"71":6,"72":6,"74":6,"75":6,"76":6,"77":6,"79":6,"80":6,"82":6,"83":6,"84":6,"85":6,"86":6,"87":6,"88":6,"89":6,"90":6,"91":6,"93":6,"94":6,"95":6,"96":0,"97":0,"98":0,"100":6,"101":6,"102":6,"103":6,"104":6,"106":6,"107":6,"108":6,"110":6},"branchMap":{"0":{"type":"branch","line":6,"loc":{"start":{"line":6,"column":7},"end":{"line":111,"column":1}},"locations":[{"start":{"line":6,"column":7},"end":{"line":111,"column":1}}]},"1":{"type":"branch","line":96,"loc":{"start":{"line":96,"column":12},"end":{"line":99,"column":20}},"locations":[{"start":{"line":96,"column":12},"end":{"line":99,"column":20}}]},"2":{"type":"branch","line":13,"loc":{"start":{"line":13,"column":24},"end":{"line":31,"column":4}},"locations":[{"start":{"line":13,"column":24},"end":{"line":31,"column":4}}]},"3":{"type":"branch","line":22,"loc":{"start":{"line":22,"column":26},"end":{"line":24,"column":13}},"locations":[{"start":{"line":22,"column":26},"end":{"line":24,"column":13}}]},"4":{"type":"branch","line":27,"loc":{"start":{"line":27,"column":4},"end":{"line":30,"column":5}},"locations":[{"start":{"line":27,"column":4},"end":{"line":30,"column":5}}]},"5":{"type":"branch","line":33,"loc":{"start":{"line":33,"column":24},"end":{"line":40,"column":4}},"locations":[{"start":{"line":33,"column":24},"end":{"line":40,"column":4}}]},"6":{"type":"branch","line":35,"loc":{"start":{"line":35,"column":6},"end":{"line":35,"column":42}},"locations":[{"start":{"line":35,"column":6},"end":{"line":35,"column":42}}]},"7":{"type":"branch","line":36,"loc":{"start":{"line":36,"column":6},"end":{"line":36,"column":42}},"locations":[{"start":{"line":36,"column":6},"end":{"line":36,"column":42}}]},"8":{"type":"branch","line":37,"loc":{"start":{"line":37,"column":6},"end":{"line":37,"column":40}},"locations":[{"start":{"line":37,"column":6},"end":{"line":37,"column":40}}]},"9":{"type":"branch","line":38,"loc":{"start":{"line":38,"column":6},"end":{"line":38,"column":32}},"locations":[{"start":{"line":38,"column":6},"end":{"line":38,"column":32}}]},"10":{"type":"branch","line":66,"loc":{"start":{"line":66,"column":23},"end":{"line":66,"column":72}},"locations":[{"start":{"line":66,"column":23},"end":{"line":66,"column":72}}]},"11":{"type":"branch","line":89,"loc":{"start":{"line":89,"column":22},"end":{"line":89,"column":53}},"locations":[{"start":{"line":89,"column":22},"end":{"line":89,"column":53}}]}},"b":{"0":[6],"1":[0],"2":[1],"3":[0],"4":[0],"5":[18],"6":[12],"7":[6],"8":[0],"9":[0],"10":[1],"11":[1]},"fnMap":{"0":{"name":"ConverterTool","decl":{"start":{"line":6,"column":7},"end":{"line":111,"column":1}},"loc":{"start":{"line":6,"column":7},"end":{"line":111,"column":1}},"line":6},"1":{"name":"handleConvert","decl":{"start":{"line":13,"column":24},"end":{"line":31,"column":4}},"loc":{"start":{"line":13,"column":24},"end":{"line":31,"column":4}},"line":13},"2":{"name":"getFormatName","decl":{"start":{"line":33,"column":24},"end":{"line":40,"column":4}},"loc":{"start":{"line":33,"column":24},"end":{"line":40,"column":4}},"line":33},"3":{"name":"onChange","decl":{"start":{"line":51,"column":22},"end":{"line":51,"column":71}},"loc":{"start":{"line":51,"column":22},"end":{"line":51,"column":71}},"line":51},"4":{"name":"onChange","decl":{"start":{"line":66,"column":23},"end":{"line":66,"column":72}},"loc":{"start":{"line":66,"column":23},"end":{"line":66,"column":72}},"line":66},"5":{"name":"onChange","decl":{"start":{"line":89,"column":22},"end":{"line":89,"column":53}},"loc":{"start":{"line":89,"column":22},"end":{"line":89,"column":53}},"line":89}},"f":{"0":6,"1":1,"2":18,"3":0,"4":1,"5":1}}
,"/home/diego/workspace/golang/privutil/web/src/components/CronTool.tsx": {"path":"/home/diego/workspace/golang/privutil/web/src/components/CronTool.tsx","all":false,"statementMap":{"0":{"start":{"line":1,"column":0},"end":{"line":1,"column":44}},"1":{"start":{"line":2,"column":0},"end":{"line":2,"column":54}},"2":{"start":{"line":3,"column":0},"end":{"line":3,"column":39}},"3":{"start":{"line":4,"column":0},"end":{"line":4,"column":37}},"5":{"start":{"line":6,"column":0},"end":{"line":6,"column":28}},"6":{"start":{"line":7,"column":0},"end":{"line":7,"column":50}},"7":{"start":{"line":8,"column":0},"end":{"line":8,"column":94}},"9":{"start":{"line":10,"column":0},"end":{"line":10,"column":19}},"10":{"start":{"line":11,"column":0},"end":{"line":11,"column":42}},"11":{"start":{"line":12,"column":0},"end":{"line":12,"column":24}},"12":{"start":{"line":13,"column":0},"end":{"line":13,"column":11}},"13":{"start":{"line":14,"column":0},"end":{"line":14,"column":95}},"14":{"start":{"line":15,"column":0},"end":{"line":15,"column":17}},"15":{"start":{"line":16,"column":0},"end":{"line":16,"column":34}},"16":{"start":{"line":17,"column":0},"end":{"line":17,"column":59}},"17":{"start":{"line":18,"column":0},"end":{"line":18,"column":28}},"18":{"start":{"line":19,"column":0},"end":{"line":19,"column":11}},"19":{"start":{"line":20,"column":0},"end":{"line":20,"column":39}},"20":{"start":{"line":21,"column":0},"end":{"line":21,"column":12}},"21":{"start":{"line":22,"column":0},"end":{"line":22,"column":37}},"22":{"start":{"line":23,"column":0},"end":{"line":23,"column":13}},"24":{"start":{"line":25,"column":0},"end":{"line":25,"column":10}},"25":{"start":{"line":26,"column":0},"end":{"line":26,"column":49}},"26":{"start":{"line":27,"column":0},"end":{"line":27,"column":76}},"27":{"start":{"line":28,"column":0},"end":{"line":28,"column":53}},"29":{"start":{"line":30,"column":0},"end":{"line":30,"column":11}},"31":{"start":{"line":32,"column":0},"end":{"line":32,"column":33}},"32":{"start":{"line":33,"column":0},"end":{"line":33,"column":72}},"33":{"start":{"line":34,"column":0},"end":{"line":34,"column":15}},"34":{"start":{"line":35,"column":0},"end":{"line":35,"column":22}},"35":{"start":{"line":36,"column":0},"end":{"line":36,"column":22}},"36":{"start":{"line":37,"column":0},"end":{"line":37,"column":49}},"37":{"start":{"line":38,"column":0},"end":{"line":38,"column":33}},"38":{"start":{"line":39,"column":0},"end":{"line":39,"column":166}},"39":{"start":{"line":40,"column":0},"end":{"line":40,"column":10}},"40":{"start":{"line":41,"column":0},"end":{"line":41,"column":97}},"41":{"start":{"line":42,"column":0},"end":{"line":42,"column":100}},"42":{"start":{"line":43,"column":0},"end":{"line":43,"column":98}},"43":{"start":{"line":44,"column":0},"end":{"line":44,"column":97}},"44":{"start":{"line":45,"column":0},"end":{"line":45,"column":99}},"45":{"start":{"line":46,"column":0},"end":{"line":46,"column":102}},"46":{"start":{"line":47,"column":0},"end":{"line":47,"column":14}},"47":{"start":{"line":48,"column":0},"end":{"line":48,"column":12}},"49":{"start":{"line":50,"column":0},"end":{"line":50,"column":15}},"50":{"start":{"line":51,"column":0},"end":{"line":51,"column":127}},"51":{"start":{"line":52,"column":0},"end":{"line":52,"column":24}},"52":{"start":{"line":53,"column":0},"end":{"line":53,"column":59}},"54":{"start":{"line":55,"column":0},"end":{"line":55,"column":39}},"55":{"start":{"line":56,"column":0},"end":{"line":56,"column":19}},"56":{"start":{"line":57,"column":0},"end":{"line":57,"column":103}},"57":{"start":{"line":58,"column":0},"end":{"line":58,"column":84}},"58":{"start":{"line":59,"column":0},"end":{"line":59,"column":20}},"60":{"start":{"line":61,"column":0},"end":{"line":61,"column":19}},"61":{"start":{"line":62,"column":0},"end":{"line":62,"column":103}},"62":{"start":{"line":63,"column":0},"end":{"line":63,"column":75}},"63":{"start":{"line":64,"column":0},"end":{"line":64,"column":43}},"64":{"start":{"line":65,"column":0},"end":{"line":65,"column":99}},"65":{"start":{"line":66,"column":0},"end":{"line":66,"column":71}},"66":{"start":{"line":67,"column":0},"end":{"line":67,"column":38}},"67":{"start":{"line":68,"column":0},"end":{"line":68,"column":26}},"68":{"start":{"line":69,"column":0},"end":{"line":69,"column":21}},"69":{"start":{"line":70,"column":0},"end":{"line":70,"column":22}},"70":{"start":{"line":71,"column":0},"end":{"line":71,"column":20}},"71":{"start":{"line":72,"column":0},"end":{"line":72,"column":18}},"73":{"start":{"line":74,"column":0},"end":{"line":74,"column":14}},"75":{"start":{"line":76,"column":0},"end":{"line":76,"column":10}},"77":{"start":{"line":78,"column":0},"end":{"line":78,"column":1}}},"s":{"0":1,"1":1,"2":1,"3":1,"5":1,"6":3,"7":3,"9":3,"10":2,"11":1,"12":1,"13":1,"14":1,"15":1,"16":1,"17":1,"18":1,"19":1,"20":2,"21":2,"22":3,"24":3,"25":3,"26":3,"27":3,"29":3,"31":3,"32":3,"33":3,"34":3,"35":3,"36":3,"37":3,"38":3,"39":3,"40":3,"41":3,"42":3,"43":3,"44":3,"45":3,"46":3,"47":3,"49":3,"50":1,"51":1,"52":0,"54":1,"55":1,"56":1,"57":1,"58":1,"60":1,"61":1,"62":1,"63":1,"64":2,"65":2,"66":2,"67":2,"68":1,"69":1,"70":1,"71":1,"73":1,"75":3,"77":3},"branchMap":{"0":{"type":"branch","line":6,"loc":{"start":{"line":6,"column":7},"end":{"line":78,"column":1}},"locations":[{"start":{"line":6,"column":7},"end":{"line":78,"column":1}}]},"1":{"type":"branch","line":50,"loc":{"start":{"line":50,"column":7},"end":{"line":74,"column":14}},"locations":[{"start":{"line":50,"column":7},"end":{"line":74,"column":14}}]},"2":{"type":"branch","line":51,"loc":{"start":{"line":51,"column":53},"end":{"line":51,"column":94}},"locations":[{"start":{"line":51,"column":53},"end":{"line":51,"column":94}}]},"3":{"type":"branch","line":52,"loc":{"start":{"line":52,"column":15},"end":{"line":53,"column":59}},"locations":[{"start":{"line":52,"column":15},"end":{"line":53,"column":59}}]},"4":{"type":"branch","line":10,"loc":{"start":{"line":10,"column":12},"end":{"line":23,"column":5}},"locations":[{"start":{"line":10,"column":12},"end":{"line":23,"column":5}}]},"5":{"type":"branch","line":11,"loc":{"start":{"line":11,"column":29},"end":{"line":21,"column":7}},"locations":[{"start":{"line":11,"column":29},"end":{"line":21,"column":7}}]},"6":{"type":"branch","line":12,"loc":{"start":{"line":12,"column":17},"end":{"line":12,"column":24}},"locations":[{"start":{"line":12,"column":17},"end":{"line":12,"column":24}}]},"7":{"type":"branch","line":20,"loc":{"start":{"line":20,"column":6},"end":{"line":20,"column":39}},"locations":[{"start":{"line":20,"column":6},"end":{"line":20,"column":39}}]},"8":{"type":"branch","line":22,"loc":{"start":{"line":22,"column":11},"end":{"line":22,"column":37}},"locations":[{"start":{"line":22,"column":11},"end":{"line":22,"column":37}}]},"9":{"type":"branch","line":64,"loc":{"start":{"line":64,"column":32},"end":{"line":68,"column":26}},"locations":[{"start":{"line":64,"column":32},"end":{"line":68,"column":26}}]}},"b":{"0":[3],"1":[1],"2":[0],"3":[0],"4":[2],"5":[1],"6":[0],"7":[0],"8":[2],"9":[2]},"fnMap":{"0":{"name":"CronTool","decl":{"start":{"line":6,"column":7},"end":{"line":78,"column":1}},"loc":{"start":{"line":6,"column":7},"end":{"line":78,"column":1}},"line":6},"1":{"name":"onChange","decl":{"start":{"line":37,"column":20},"end":{"line":37,"column":49}},"loc":{"start":{"line":37,"column":20},"end":{"line":37,"column":49}},"line":37}},"f":{"0":3,"1":0}}
,"/home/diego/workspace/golang/privutil/web/src/components/Dashboard.tsx": {"path":"/home/diego/workspace/golang/privutil/web/src/components/Dashboard.tsx","all":false,"statementMap":{"0":{"start":{"line":1,"column":0},"end":{"line":1,"column":33}},"1":{"start":{"line":2,"column":0},"end":{"line":2,"column":40}},"2":{"start":{"line":3,"column":0},"end":{"line":3,"column":38}},"3":{"start":{"line":4,"column":0},"end":{"line":4,"column":38}},"5":{"start":{"line":6,"column":0},"end":{"line":6,"column":29}},"6":{"start":{"line":7,"column":0},"end":{"line":7,"column":39}},"8":{"start":{"line":9,"column":0},"end":{"line":9,"column":43}},"9":{"start":{"line":10,"column":0},"end":{"line":10,"column":54}},"10":{"start":{"line":11,"column":0},"end":{"line":11,"column":62}},"11":{"start":{"line":12,"column":0},"end":{"line":12,"column":65}},"13":{"start":{"line":14,"column":0},"end":{"line":14,"column":4}},"15":{"start":{"line":16,"column":0},"end":{"line":16,"column":10}},"16":{"start":{"line":17,"column":0},"end":{"line":17,"column":31}},"17":{"start":{"line":18,"column":0},"end":{"line":18,"column":79}},"18":{"start":{"line":19,"column":0},"end":{"line":19,"column":116}},"20":{"start":{"line":21,"column":0},"end":{"line":21,"column":13}},"21":{"start":{"line":22,"column":0},"end":{"line":22,"column":66}},"23":{"start":{"line":24,"column":0},"end":{"line":24,"column":12}},"25":{"start":{"line":26,"column":0},"end":{"line":26,"column":63}},"26":{"start":{"line":27,"column":0},"end":{"line":27,"column":116}},"27":{"start":{"line":28,"column":0},"end":{"line":28,"column":17}},"28":{"start":{"line":29,"column":0},"end":{"line":29,"column":24}},"29":{"start":{"line":30,"column":0},"end":{"line":30,"column":24}},"30":{"start":{"line":31,"column":0},"end":{"line":31,"column":51}},"31":{"start":{"line":32,"column":0},"end":{"line":32,"column":41}},"32":{"start":{"line":33,"column":0},"end":{"line":33,"column":292}},"33":{"start":{"line":34,"column":0},"end":{"line":34,"column":21}},"34":{"start":{"line":35,"column":0},"end":{"line":35,"column":12}},"35":{"start":{"line":36,"column":0},"end":{"line":36,"column":14}},"36":{"start":{"line":37,"column":0},"end":{"line":37,"column":12}},"38":{"start":{"line":39,"column":0},"end":{"line":39,"column":97}},"39":{"start":{"line":40,"column":0},"end":{"line":40,"column":33}},"40":{"start":{"line":41,"column":0},"end":{"line":41,"column":33}},"41":{"start":{"line":42,"column":0},"end":{"line":42,"column":18}},"42":{"start":{"line":43,"column":0},"end":{"line":43,"column":18}},"43":{"start":{"line":44,"column":0},"end":{"line":44,"column":30}},"44":{"start":{"line":45,"column":0},"end":{"line":45,"column":28}},"45":{"start":{"line":46,"column":0},"end":{"line":46,"column":269}},"47":{"start":{"line":48,"column":0},"end":{"line":48,"column":60}},"48":{"start":{"line":49,"column":0},"end":{"line":49,"column":186}},"49":{"start":{"line":50,"column":0},"end":{"line":50,"column":46}},"50":{"start":{"line":51,"column":0},"end":{"line":51,"column":22}},"51":{"start":{"line":52,"column":0},"end":{"line":52,"column":146}},"52":{"start":{"line":53,"column":0},"end":{"line":53,"column":29}},"53":{"start":{"line":54,"column":0},"end":{"line":54,"column":21}},"54":{"start":{"line":55,"column":0},"end":{"line":55,"column":20}},"55":{"start":{"line":56,"column":0},"end":{"line":56,"column":88}},"56":{"start":{"line":57,"column":0},"end":{"line":57,"column":34}},"57":{"start":{"line":58,"column":0},"end":{"line":58,"column":18}},"58":{"start":{"line":59,"column":0},"end":{"line":59,"column":19}},"60":{"start":{"line":61,"column":0},"end":{"line":61,"column":11}},"61":{"start":{"line":62,"column":0},"end":{"line":62,"column":12}},"63":{"start":{"line":64,"column":0},"end":{"line":64,"column":33}},"64":{"start":{"line":65,"column":0},"end":{"line":65,"column":78}},"65":{"start":{"line":66,"column":0},"end":{"line":66,"column":42}},"66":{"start":{"line":67,"column":0},"end":{"line":67,"column":14}},"68":{"start":{"line":69,"column":0},"end":{"line":69,"column":10}},"70":{"start":{"line":71,"column":0},"end":{"line":71,"column":1}}},"s":{"0":1,"1":1,"2":1,"3":1,"5":1,"6":9,"8":9,"9":162,"10":153,"11":33,"13":9,"15":9,"16":9,"17":9,"18":9,"20":9,"21":9,"23":9,"25":9,"26":9,"27":9,"28":9,"29":9,"30":9,"31":9,"32":9,"33":9,"34":9,"35":9,"36":9,"38":9,"39":9,"40":122,"41":122,"42":122,"43":122,"44":122,"45":122,"47":122,"48":122,"49":122,"50":122,"51":122,"52":122,"53":122,"54":122,"55":122,"56":122,"57":122,"58":122,"60":9,"61":9,"63":9,"64":1,"65":1,"66":1,"68":9,"70":9},"branchMap":{"0":{"type":"branch","line":6,"loc":{"start":{"line":6,"column":7},"end":{"line":71,"column":1}},"locations":[{"start":{"line":6,"column":7},"end":{"line":71,"column":1}}]},"1":{"type":"branch","line":64,"loc":{"start":{"line":64,"column":27},"end":{"line":67,"column":14}},"locations":[{"start":{"line":64,"column":27},"end":{"line":67,"column":14}}]},"2":{"type":"branch","line":9,"loc":{"start":{"line":9,"column":35},"end":{"line":12,"column":65}},"locations":[{"start":{"line":9,"column":35},"end":{"line":12,"column":65}}]},"3":{"type":"branch","line":10,"loc":{"start":{"line":10,"column":18},"end":{"line":12,"column":65}},"locations":[{"start":{"line":10,"column":18},"end":{"line":12,"column":65}}]},"4":{"type":"branch","line":11,"loc":{"start":{"line":11,"column":57},"end":{"line":12,"column":65}},"locations":[{"start":{"line":11,"column":57},"end":{"line":12,"column":65}}]},"5":{"type":"branch","line":31,"loc":{"start":{"line":31,"column":22},"end":{"line":31,"column":51}},"locations":[{"start":{"line":31,"column":22},"end":{"line":31,"column":51}}]},"6":{"type":"branch","line":40,"loc":{"start":{"line":40,"column":22},"end":{"line":61,"column":9}},"locations":[{"start":{"line":40,"column":22},"end":{"line":61,"column":9}}]}},"b":{"0":[9],"1":[1],"2":[162],"3":[153],"4":[33],"5":[2],"6":[122]},"fnMap":{"0":{"name":"Dashboard","decl":{"start":{"line":6,"column":7},"end":{"line":71,"column":1}},"loc":{"start":{"line":6,"column":7},"end":{"line":71,"column":1}},"line":6},"1":{"name":"onChange","decl":{"start":{"line":31,"column":22},"end":{"line":31,"column":51}},"loc":{"start":{"line":31,"column":22},"end":{"line":31,"column":51}},"line":31}},"f":{"0":9,"1":2}}
,"/home/diego/workspace/golang/privutil/web/src/components/DevTools.tsx": {"path":"/home/diego/workspace/golang/privutil/web/src/components/DevTools.tsx","all":false,"statementMap":{"0":{"start":{"line":1,"column":0},"end":{"line":1,"column":33}},"1":{"start":{"line":2,"column":0},"end":{"line":2,"column":84}},"2":{"start":{"line":3,"column":0},"end":{"line":3,"column":39}},"3":{"start":{"line":4,"column":0},"end":{"line":4,"column":56}},"5":{"start":{"line":6,"column":0},"end":{"line":6,"column":28}},"6":{"start":{"line":7,"column":0},"end":{"line":7,"column":81}},"8":{"start":{"line":9,"column":0},"end":{"line":9,"column":10}},"9":{"start":{"line":10,"column":0},"end":{"line":10,"column":31}},"10":{"start":{"line":11,"column":0},"end":{"line":11,"column":76}},"12":{"start":{"line":13,"column":0},"end":{"line":13,"column":59}},"13":{"start":{"line":14,"column":0},"end":{"line":14,"column":212}},"15":{"start":{"line":16,"column":0},"end":{"line":16,"column":17}},"16":{"start":{"line":17,"column":0},"end":{"line":17,"column":216}},"18":{"start":{"line":19,"column":0},"end":{"line":19,"column":17}},"19":{"start":{"line":20,"column":0},"end":{"line":20,"column":220}},"21":{"start":{"line":22,"column":0},"end":{"line":22,"column":17}},"22":{"start":{"line":23,"column":0},"end":{"line":23,"column":12}},"24":{"start":{"line":25,"column":0},"end":{"line":25,"column":73}},"25":{"start":{"line":26,"column":0},"end":{"line":26,"column":48}},"26":{"start":{"line":27,"column":0},"end":{"line":27,"column":50}},"27":{"start":{"line":28,"column":0},"end":{"line":28,"column":49}},"28":{"start":{"line":29,"column":0},"end":{"line":29,"column":12}},"29":{"start":{"line":30,"column":0},"end":{"line":30,"column":10}},"31":{"start":{"line":32,"column":0},"end":{"line":32,"column":1}},"33":{"start":{"line":34,"column":0},"end":{"line":34,"column":24}},"34":{"start":{"line":35,"column":0},"end":{"line":35,"column":41}},"35":{"start":{"line":36,"column":0},"end":{"line":36,"column":97}},"37":{"start":{"line":38,"column":0},"end":{"line":38,"column":39}},"38":{"start":{"line":39,"column":0},"end":{"line":39,"column":16}},"39":{"start":{"line":40,"column":0},"end":{"line":40,"column":9}},"40":{"start":{"line":41,"column":0},"end":{"line":41,"column":82}},"41":{"start":{"line":42,"column":0},"end":{"line":42,"column":80}},"42":{"start":{"line":43,"column":0},"end":{"line":43,"column":37}},"43":{"start":{"line":44,"column":0},"end":{"line":44,"column":4}},"45":{"start":{"line":46,"column":0},"end":{"line":46,"column":10}},"46":{"start":{"line":47,"column":0},"end":{"line":47,"column":31}},"47":{"start":{"line":48,"column":0},"end":{"line":48,"column":66}},"48":{"start":{"line":49,"column":0},"end":{"line":49,"column":50}},"49":{"start":{"line":50,"column":0},"end":{"line":50,"column":12}},"50":{"start":{"line":51,"column":0},"end":{"line":51,"column":16}},"51":{"start":{"line":52,"column":0},"end":{"line":52,"column":22}},"52":{"start":{"line":53,"column":0},"end":{"line":53,"column":47}},"53":{"start":{"line":54,"column":0},"end":{"line":54,"column":40}},"54":{"start":{"line":55,"column":0},"end":{"line":55,"column":149}},"55":{"start":{"line":56,"column":0},"end":{"line":56,"column":8}},"56":{"start":{"line":57,"column":0},"end":{"line":57,"column":21}},"57":{"start":{"line":58,"column":0},"end":{"line":58,"column":81}},"59":{"start":{"line":60,"column":0},"end":{"line":60,"column":48}},"60":{"start":{"line":61,"column":0},"end":{"line":61,"column":15}},"61":{"start":{"line":62,"column":0},"end":{"line":62,"column":87}},"62":{"start":{"line":63,"column":0},"end":{"line":63,"column":129}},"63":{"start":{"line":64,"column":0},"end":{"line":64,"column":16}},"64":{"start":{"line":65,"column":0},"end":{"line":65,"column":15}},"65":{"start":{"line":66,"column":0},"end":{"line":66,"column":88}},"66":{"start":{"line":67,"column":0},"end":{"line":67,"column":129}},"67":{"start":{"line":68,"column":0},"end":{"line":68,"column":16}},"68":{"start":{"line":69,"column":0},"end":{"line":69,"column":14}},"70":{"start":{"line":71,"column":0},"end":{"line":71,"column":10}},"72":{"start":{"line":73,"column":0},"end":{"line":73,"column":1}},"74":{"start":{"line":75,"column":0},"end":{"line":75,"column":24}},"75":{"start":{"line":76,"column":0},"end":{"line":76,"column":45}},"76":{"start":{"line":77,"column":0},"end":{"line":77,"column":39}},"77":{"start":{"line":78,"column":0},"end":{"line":78,"column":55}},"78":{"start":{"line":79,"column":0},"end":{"line":79,"column":41}},"80":{"start":{"line":81,"column":0},"end":{"line":81,"column":28}},"81":{"start":{"line":82,"column":0},"end":{"line":82,"column":9}},"82":{"start":{"line":83,"column":0},"end":{"line":83,"column":89}},"83":{"start":{"line":84,"column":0},"end":{"line":84,"column":43}},"84":{"start":{"line":85,"column":0},"end":{"line":85,"column":12}},"85":{"start":{"line":86,"column":0},"end":{"line":86,"column":21}},"86":{"start":{"line":87,"column":0},"end":{"line":87,"column":33}},"87":{"start":{"line":88,"column":0},"end":{"line":88,"column":7}},"88":{"start":{"line":89,"column":0},"end":{"line":89,"column":37}},"89":{"start":{"line":90,"column":0},"end":{"line":90,"column":4}},"91":{"start":{"line":92,"column":0},"end":{"line":92,"column":10}},"92":{"start":{"line":93,"column":0},"end":{"line":93,"column":31}},"93":{"start":{"line":94,"column":0},"end":{"line":94,"column":66}},"94":{"start":{"line":95,"column":0},"end":{"line":95,"column":51}},"95":{"start":{"line":96,"column":0},"end":{"line":96,"column":12}},"96":{"start":{"line":97,"column":0},"end":{"line":97,"column":13}},"97":{"start":{"line":98,"column":0},"end":{"line":98,"column":20}},"98":{"start":{"line":99,"column":0},"end":{"line":99,"column":23}},"99":{"start":{"line":100,"column":0},"end":{"line":100,"column":50}},"100":{"start":{"line":101,"column":0},"end":{"line":101,"column":35}},"101":{"start":{"line":102,"column":0},"end":{"line":102,"column":100}},"102":{"start":{"line":103,"column":0},"end":{"line":103,"column":8}},"103":{"start":{"line":104,"column":0},"end":{"line":104,"column":34}},"104":{"start":{"line":105,"column":0},"end":{"line":105,"column":18}},"105":{"start":{"line":106,"column":0},"end":{"line":106,"column":23}},"106":{"start":{"line":107,"column":0},"end":{"line":107,"column":50}},"107":{"start":{"line":108,"column":0},"end":{"line":108,"column":39}},"108":{"start":{"line":109,"column":0},"end":{"line":109,"column":129}},"109":{"start":{"line":110,"column":0},"end":{"line":110,"column":10}},"110":{"start":{"line":111,"column":0},"end":{"line":111,"column":116}},"111":{"start":{"line":112,"column":0},"end":{"line":112,"column":20}},"112":{"start":{"line":113,"column":0},"end":{"line":113,"column":57}},"114":{"start":{"line":115,"column":0},"end":{"line":115,"column":39}},"115":{"start":{"line":116,"column":0},"end":{"line":116,"column":86}},"116":{"start":{"line":117,"column":0},"end":{"line":117,"column":38}},"117":{"start":{"line":118,"column":0},"end":{"line":118,"column":120}},"118":{"start":{"line":119,"column":0},"end":{"line":119,"column":17}},"119":{"start":{"line":120,"column":0},"end":{"line":120,"column":18}},"121":{"start":{"line":122,"column":0},"end":{"line":122,"column":14}},"122":{"start":{"line":123,"column":0},"end":{"line":123,"column":12}},"123":{"start":{"line":124,"column":0},"end":{"line":124,"column":119}},"124":{"start":{"line":125,"column":0},"end":{"line":125,"column":10}},"126":{"start":{"line":127,"column":0},"end":{"line":127,"column":1}},"128":{"start":{"line":129,"column":0},"end":{"line":129,"column":21}},"129":{"start":{"line":130,"column":0},"end":{"line":130,"column":39}},"130":{"start":{"line":131,"column":0},"end":{"line":131,"column":43}},"131":{"start":{"line":132,"column":0},"end":{"line":132,"column":41}},"133":{"start":{"line":134,"column":0},"end":{"line":134,"column":31}},"134":{"start":{"line":135,"column":0},"end":{"line":135,"column":9}},"135":{"start":{"line":136,"column":0},"end":{"line":136,"column":111}},"136":{"start":{"line":137,"column":0},"end":{"line":137,"column":43}},"137":{"start":{"line":138,"column":0},"end":{"line":138,"column":12}},"138":{"start":{"line":139,"column":0},"end":{"line":139,"column":21}},"139":{"start":{"line":140,"column":0},"end":{"line":140,"column":31}},"140":{"start":{"line":141,"column":0},"end":{"line":141,"column":7}},"141":{"start":{"line":142,"column":0},"end":{"line":142,"column":37}},"142":{"start":{"line":143,"column":0},"end":{"line":143,"column":4}},"144":{"start":{"line":145,"column":0},"end":{"line":145,"column":10}},"145":{"start":{"line":146,"column":0},"end":{"line":146,"column":31}},"146":{"start":{"line":147,"column":0},"end":{"line":147,"column":66}},"147":{"start":{"line":148,"column":0},"end":{"line":148,"column":55}},"148":{"start":{"line":149,"column":0},"end":{"line":149,"column":12}},"149":{"start":{"line":150,"column":0},"end":{"line":150,"column":46}},"150":{"start":{"line":151,"column":0},"end":{"line":151,"column":18}},"151":{"start":{"line":152,"column":0},"end":{"line":152,"column":23}},"152":{"start":{"line":153,"column":0},"end":{"line":153,"column":50}},"153":{"start":{"line":154,"column":0},"end":{"line":154,"column":41}},"154":{"start":{"line":155,"column":0},"end":{"line":155,"column":129}},"155":{"start":{"line":156,"column":0},"end":{"line":156,"column":10}},"156":{"start":{"line":157,"column":0},"end":{"line":157,"column":34}},"157":{"start":{"line":158,"column":0},"end":{"line":158,"column":20}},"158":{"start":{"line":159,"column":0},"end":{"line":159,"column":21}},"159":{"start":{"line":160,"column":0},"end":{"line":160,"column":36}},"160":{"start":{"line":161,"column":0},"end":{"line":161,"column":178}},"161":{"start":{"line":162,"column":0},"end":{"line":162,"column":12}},"162":{"start":{"line":163,"column":0},"end":{"line":163,"column":14}},"163":{"start":{"line":164,"column":0},"end":{"line":164,"column":12}},"164":{"start":{"line":165,"column":0},"end":{"line":165,"column":119}},"165":{"start":{"line":166,"column":0},"end":{"line":166,"column":10}},"167":{"start":{"line":168,"column":0},"end":{"line":168,"column":1}}},"s":{"0":1,"1":1,"2":1,"3":1,"5":1,"6":4,"8":4,"9":4,"10":4,"12":4,"13":4,"15":4,"16":4,"18":4,"19":4,"21":4,"22":4,"24":4,"25":4,"26":4,"27":4,"28":4,"29":4,"31":4,"33":5,"34":5,"35":5,"37":5,"38":1,"39":1,"40":1,"41":1,"42":1,"43":1,"45":5,"46":5,"47":5,"48":5,"49":5,"50":5,"51":5,"52":5,"53":5,"54":5,"55":5,"56":5,"57":0,"59":5,"60":5,"61":5,"62":5,"63":5,"64":5,"65":5,"66":5,"67":5,"68":5,"70":5,"72":5,"74":4,"75":4,"76":4,"77":4,"78":4,"80":4,"81":1,"82":1,"83":1,"84":1,"85":1,"86":1,"87":1,"88":1,"89":1,"91":4,"92":4,"93":4,"94":4,"95":4,"96":4,"97":4,"98":4,"99":4,"100":4,"101":4,"102":4,"103":4,"104":4,"105":4,"106":4,"107":4,"108":4,"109":4,"110":4,"111":4,"112":0,"114":4,"115":4,"116":4,"117":1,"118":4,"119":4,"121":4,"122":4,"123":4,"124":4,"126":4,"128":0,"129":0,"130":0,"131":0,"133":0,"134":0,"135":0,"136":0,"137":0,"138":0,"139":0,"140":0,"141":0,"142":0,"144":0,"145":0,"146":0,"147":0,"148":0,"149":0,"150":0,"151":0,"152":0,"153":0,"154":0,"155":0,"156":0,"157":0,"158":0,"159":0,"160":0,"161":0,"162":0,"163":0,"164":0,"165":0,"167":0},"branchMap":{"0":{"type":"branch","line":6,"loc":{"start":{"line":6,"column":7},"end":{"line":32,"column":1}},"locations":[{"start":{"line":6,"column":7},"end":{"line":32,"column":1}}]},"1":{"type":"branch","line":14,"loc":{"start":{"line":14,"column":120},"end":{"line":14,"column":173}},"locations":[{"start":{"line":14,"column":120},"end":{"line":14,"column":173}}]},"2":{"type":"branch","line":14,"loc":{"start":{"line":14,"column":128},"end":{"line":14,"column":208}},"locations":[{"start":{"line":14,"column":128},"end":{"line":14,"column":208}}]},"3":{"type":"branch","line":17,"loc":{"start":{"line":17,"column":122},"end":{"line":17,"column":177}},"locations":[{"start":{"line":17,"column":122},"end":{"line":17,"column":177}}]},"4":{"type":"branch","line":17,"loc":{"start":{"line":17,"column":132},"end":{"line":17,"column":212}},"locations":[{"start":{"line":17,"column":132},"end":{"line":17,"column":212}}]},"5":{"type":"branch","line":20,"loc":{"start":{"line":20,"column":124},"end":{"line":20,"column":181}},"locations":[{"start":{"line":20,"column":124},"end":{"line":20,"column":181}}]},"6":{"type":"branch","line":26,"loc":{"start":{"line":26,"column":23},"end":{"line":26,"column":48}},"locations":[{"start":{"line":26,"column":23},"end":{"line":26,"column":48}}]},"7":{"type":"branch","line":27,"loc":{"start":{"line":27,"column":23},"end":{"line":27,"column":50}},"locations":[{"start":{"line":27,"column":23},"end":{"line":27,"column":50}}]},"8":{"type":"branch","line":28,"loc":{"start":{"line":28,"column":23},"end":{"line":28,"column":49}},"locations":[{"start":{"line":28,"column":23},"end":{"line":28,"column":49}}]},"9":{"type":"branch","line":17,"loc":{"start":{"line":17,"column":25},"end":{"line":17,"column":54}},"locations":[{"start":{"line":17,"column":25},"end":{"line":17,"column":54}}]},"10":{"type":"branch","line":34,"loc":{"start":{"line":34,"column":0},"end":{"line":73,"column":1}},"locations":[{"start":{"line":34,"column":0},"end":{"line":73,"column":1}}]},"11":{"type":"branch","line":57,"loc":{"start":{"line":57,"column":7},"end":{"line":57,"column":21}},"locations":[{"start":{"line":57,"column":7},"end":{"line":57,"column":21}}]},"12":{"type":"branch","line":57,"loc":{"start":{"line":57,"column":12},"end":{"line":58,"column":81}},"locations":[{"start":{"line":57,"column":12},"end":{"line":58,"column":81}}]},"13":{"type":"branch","line":63,"loc":{"start":{"line":63,"column":111},"end":{"line":63,"column":123}},"locations":[{"start":{"line":63,"column":111},"end":{"line":63,"column":123}}]},"14":{"type":"branch","line":67,"loc":{"start":{"line":67,"column":110},"end":{"line":67,"column":123}},"locations":[{"start":{"line":67,"column":110},"end":{"line":67,"column":123}}]},"15":{"type":"branch","line":38,"loc":{"start":{"line":38,"column":17},"end":{"line":44,"column":4}},"locations":[{"start":{"line":38,"column":17},"end":{"line":44,"column":4}}]},"16":{"type":"branch","line":43,"loc":{"start":{"line":43,"column":4},"end":{"line":43,"column":37}},"locations":[{"start":{"line":43,"column":4},"end":{"line":43,"column":37}}]},"17":{"type":"branch","line":53,"loc":{"start":{"line":53,"column":18},"end":{"line":53,"column":47}},"locations":[{"start":{"line":53,"column":18},"end":{"line":53,"column":47}}]},"18":{"type":"branch","line":75,"loc":{"start":{"line":75,"column":0},"end":{"line":127,"column":1}},"locations":[{"start":{"line":75,"column":0},"end":{"line":127,"column":1}}]},"19":{"type":"branch","line":112,"loc":{"start":{"line":112,"column":11},"end":{"line":113,"column":57}},"locations":[{"start":{"line":112,"column":11},"end":{"line":113,"column":57}}]},"20":{"type":"branch","line":81,"loc":{"start":{"line":81,"column":15},"end":{"line":90,"column":4}},"locations":[{"start":{"line":81,"column":15},"end":{"line":90,"column":4}}]},"21":{"type":"branch","line":84,"loc":{"start":{"line":84,"column":22},"end":{"line":84,"column":43}},"locations":[{"start":{"line":84,"column":22},"end":{"line":84,"column":43}}]},"22":{"type":"branch","line":89,"loc":{"start":{"line":89,"column":4},"end":{"line":89,"column":37}},"locations":[{"start":{"line":89,"column":4},"end":{"line":89,"column":37}}]},"23":{"type":"branch","line":100,"loc":{"start":{"line":100,"column":18},"end":{"line":100,"column":50}},"locations":[{"start":{"line":100,"column":18},"end":{"line":100,"column":50}}]},"24":{"type":"branch","line":107,"loc":{"start":{"line":107,"column":20},"end":{"line":107,"column":50}},"locations":[{"start":{"line":107,"column":20},"end":{"line":107,"column":50}}]},"25":{"type":"branch","line":117,"loc":{"start":{"line":117,"column":27},"end":{"line":118,"column":120}},"locations":[{"start":{"line":117,"column":27},"end":{"line":118,"column":120}}]}},"b":{"0":[4],"1":[3],"2":[1],"3":[1],"4":[3],"5":[0],"6":[3],"7":[1],"8":[0],"9":[1],"10":[5],"11":[1],"12":[0],"13":[1],"14":[1],"15":[1],"16":[0],"17":[1],"18":[4],"19":[0],"20":[1],"21":[0],"22":[0],"23":[1],"24":[1],"25":[1]},"fnMap":{"0":{"name":"DevTools","decl":{"start":{"line":6,"column":7},"end":{"line":32,"column":1}},"loc":{"start":{"line":6,"column":7},"end":{"line":32,"column":1}},"line":6},"1":{"name":"onClick","decl":{"start":{"line":14,"column":25},"end":{"line":14,"column":52}},"loc":{"start":{"line":14,"column":25},"end":{"line":14,"column":52}},"line":14},"2":{"name":"onClick","decl":{"start":{"line":17,"column":25},"end":{"line":17,"column":54}},"loc":{"start":{"line":17,"column":25},"end":{"line":17,"column":54}},"line":17},"3":{"name":"onClick","decl":{"start":{"line":20,"column":25},"end":{"line":20,"column":56}},"loc":{"start":{"line":20,"column":25},"end":{"line":20,"column":56}},"line":20},"4":{"name":"JwtDebugger","decl":{"start":{"line":34,"column":0},"end":{"line":73,"column":1}},"loc":{"start":{"line":34,"column":0},"end":{"line":73,"column":1}},"line":34},"5":{"name":"decode","decl":{"start":{"line":38,"column":17},"end":{"line":44,"column":4}},"loc":{"start":{"line":38,"column":17},"end":{"line":44,"column":4}},"line":38},"6":{"name":"onChange","decl":{"start":{"line":53,"column":18},"end":{"line":53,"column":47}},"loc":{"start":{"line":53,"column":18},"end":{"line":53,"column":47}},"line":53},"7":{"name":"RegexTester","decl":{"start":{"line":75,"column":0},"end":{"line":127,"column":1}},"loc":{"start":{"line":75,"column":0},"end":{"line":127,"column":1}},"line":75},"8":{"name":"test","decl":{"start":{"line":81,"column":15},"end":{"line":90,"column":4}},"loc":{"start":{"line":81,"column":15},"end":{"line":90,"column":4}},"line":81},"9":{"name":"onChange","decl":{"start":{"line":100,"column":18},"end":{"line":100,"column":50}},"loc":{"start":{"line":100,"column":18},"end":{"line":100,"column":50}},"line":100},"10":{"name":"onChange","decl":{"start":{"line":107,"column":20},"end":{"line":107,"column":50}},"loc":{"start":{"line":107,"column":20},"end":{"line":107,"column":50}},"line":107},"11":{"name":"JsonToGo","decl":{"start":{"line":129,"column":0},"end":{"line":168,"column":1}},"loc":{"start":{"line":129,"column":0},"end":{"line":168,"column":1}},"line":129}},"f":{"0":4,"1":0,"2":1,"3":0,"4":5,"5":1,"6":1,"7":4,"8":1,"9":1,"10":1,"11":0}}
,"/home/diego/workspace/golang/privutil/web/src/components/DiffTool.tsx": {"path":"/home/diego/workspace/golang/privutil/web/src/components/DiffTool.tsx","all":false,"statementMap":{"0":{"start":{"line":1,"column":0},"end":{"line":1,"column":33}},"1":{"start":{"line":2,"column":0},"end":{"line":2,"column":54}},"2":{"start":{"line":3,"column":0},"end":{"line":3,"column":39}},"3":{"start":{"line":4,"column":0},"end":{"line":4,"column":34}},"4":{"start":{"line":5,"column":0},"end":{"line":5,"column":46}},"6":{"start":{"line":7,"column":0},"end":{"line":7,"column":28}},"7":{"start":{"line":8,"column":0},"end":{"line":8,"column":41}},"8":{"start":{"line":9,"column":0},"end":{"line":9,"column":41}},"9":{"start":{"line":10,"column":0},"end":{"line":10,"column":64}},"10":{"start":{"line":11,"column":0},"end":{"line":11,"column":48}},"12":{"start":{"line":13,"column":0},"end":{"line":13,"column":34}},"13":{"start":{"line":14,"column":0},"end":{"line":14,"column":21}},"14":{"start":{"line":15,"column":0},"end":{"line":15,"column":9}},"15":{"start":{"line":16,"column":0},"end":{"line":16,"column":59}},"16":{"start":{"line":17,"column":0},"end":{"line":17,"column":57}},"17":{"start":{"line":18,"column":0},"end":{"line":18,"column":37}},"18":{"start":{"line":19,"column":0},"end":{"line":19,"column":21}},"19":{"start":{"line":20,"column":0},"end":{"line":20,"column":51}},"20":{"start":{"line":21,"column":0},"end":{"line":21,"column":15}},"21":{"start":{"line":22,"column":0},"end":{"line":22,"column":24}},"22":{"start":{"line":23,"column":0},"end":{"line":23,"column":5}},"23":{"start":{"line":24,"column":0},"end":{"line":24,"column":4}},"25":{"start":{"line":26,"column":0},"end":{"line":26,"column":10}},"26":{"start":{"line":27,"column":0},"end":{"line":27,"column":31}},"27":{"start":{"line":28,"column":0},"end":{"line":28,"column":57}},"28":{"start":{"line":29,"column":0},"end":{"line":29,"column":70}},"29":{"start":{"line":30,"column":0},"end":{"line":30,"column":15}},"30":{"start":{"line":31,"column":0},"end":{"line":31,"column":30}},"31":{"start":{"line":32,"column":0},"end":{"line":32,"column":28}},"32":{"start":{"line":33,"column":0},"end":{"line":33,"column":24}},"33":{"start":{"line":34,"column":0},"end":{"line":34,"column":89}},"34":{"start":{"line":35,"column":0},"end":{"line":35,"column":102}},"35":{"start":{"line":36,"column":0},"end":{"line":36,"column":12}},"37":{"start":{"line":38,"column":0},"end":{"line":38,"column":48}},"38":{"start":{"line":39,"column":0},"end":{"line":39,"column":48}},"39":{"start":{"line":40,"column":0},"end":{"line":40,"column":17}},"40":{"start":{"line":41,"column":0},"end":{"line":41,"column":12}},"42":{"start":{"line":43,"column":0},"end":{"line":43,"column":46}},"43":{"start":{"line":44,"column":0},"end":{"line":44,"column":35}},"44":{"start":{"line":45,"column":0},"end":{"line":45,"column":84}},"45":{"start":{"line":46,"column":0},"end":{"line":46,"column":19}},"46":{"start":{"line":47,"column":0},"end":{"line":47,"column":172}},"47":{"start":{"line":48,"column":0},"end":{"line":48,"column":25}},"48":{"start":{"line":49,"column":0},"end":{"line":49,"column":54}},"49":{"start":{"line":50,"column":0},"end":{"line":50,"column":53}},"50":{"start":{"line":51,"column":0},"end":{"line":51,"column":12}},"51":{"start":{"line":52,"column":0},"end":{"line":52,"column":14}},"52":{"start":{"line":53,"column":0},"end":{"line":53,"column":35}},"53":{"start":{"line":54,"column":0},"end":{"line":54,"column":84}},"54":{"start":{"line":55,"column":0},"end":{"line":55,"column":19}},"55":{"start":{"line":56,"column":0},"end":{"line":56,"column":173}},"56":{"start":{"line":57,"column":0},"end":{"line":57,"column":25}},"57":{"start":{"line":58,"column":0},"end":{"line":58,"column":54}},"58":{"start":{"line":59,"column":0},"end":{"line":59,"column":53}},"59":{"start":{"line":60,"column":0},"end":{"line":60,"column":12}},"60":{"start":{"line":61,"column":0},"end":{"line":61,"column":14}},"61":{"start":{"line":62,"column":0},"end":{"line":62,"column":12}},"63":{"start":{"line":64,"column":0},"end":{"line":64,"column":20}},"64":{"start":{"line":65,"column":0},"end":{"line":65,"column":35}},"65":{"start":{"line":66,"column":0},"end":{"line":66,"column":77}},"66":{"start":{"line":67,"column":0},"end":{"line":67,"column":89}},"67":{"start":{"line":68,"column":0},"end":{"line":68,"column":17}},"68":{"start":{"line":69,"column":0},"end":{"line":69,"column":39}},"69":{"start":{"line":70,"column":0},"end":{"line":70,"column":61}},"70":{"start":{"line":71,"column":0},"end":{"line":71,"column":61}},"71":{"start":{"line":72,"column":0},"end":{"line":72,"column":14}},"72":{"start":{"line":73,"column":0},"end":{"line":73,"column":16}},"73":{"start":{"line":74,"column":0},"end":{"line":74,"column":14}},"75":{"start":{"line":76,"column":0},"end":{"line":76,"column":10}},"77":{"start":{"line":78,"column":0},"end":{"line":78,"column":1}}},"s":{"0":1,"1":1,"2":1,"3":1,"4":1,"6":1,"7":6,"8":6,"9":6,"10":6,"12":6,"13":1,"14":1,"15":1,"16":1,"17":1,"18":1,"19":0,"20":1,"21":1,"22":1,"23":1,"25":6,"26":6,"27":6,"28":6,"29":6,"30":6,"31":6,"32":6,"33":6,"34":6,"35":6,"37":6,"38":6,"39":6,"40":6,"42":6,"43":6,"44":6,"45":6,"46":6,"47":6,"48":6,"49":6,"50":6,"51":6,"52":6,"53":6,"54":6,"55":6,"56":6,"57":6,"58":6,"59":6,"60":6,"61":6,"63":6,"64":1,"65":1,"66":1,"67":1,"68":1,"69":1,"70":1,"71":1,"72":1,"73":1,"75":6,"77":6},"branchMap":{"0":{"type":"branch","line":7,"loc":{"start":{"line":7,"column":7},"end":{"line":78,"column":1}},"locations":[{"start":{"line":7,"column":7},"end":{"line":78,"column":1}}]},"1":{"type":"branch","line":39,"loc":{"start":{"line":39,"column":11},"end":{"line":39,"column":38}},"locations":[{"start":{"line":39,"column":11},"end":{"line":39,"column":38}}]},"2":{"type":"branch","line":39,"loc":{"start":{"line":39,"column":21},"end":{"line":39,"column":48}},"locations":[{"start":{"line":39,"column":21},"end":{"line":39,"column":48}}]},"3":{"type":"branch","line":64,"loc":{"start":{"line":64,"column":7},"end":{"line":74,"column":14}},"locations":[{"start":{"line":64,"column":7},"end":{"line":74,"column":14}}]},"4":{"type":"branch","line":13,"loc":{"start":{"line":13,"column":21},"end":{"line":24,"column":4}},"locations":[{"start":{"line":13,"column":21},"end":{"line":24,"column":4}}]},"5":{"type":"branch","line":19,"loc":{"start":{"line":19,"column":4},"end":{"line":21,"column":6}},"locations":[{"start":{"line":19,"column":4},"end":{"line":21,"column":6}}]},"6":{"type":"branch","line":49,"loc":{"start":{"line":49,"column":22},"end":{"line":49,"column":54}},"locations":[{"start":{"line":49,"column":22},"end":{"line":49,"column":54}}]},"7":{"type":"branch","line":58,"loc":{"start":{"line":58,"column":22},"end":{"line":58,"column":54}},"locations":[{"start":{"line":58,"column":22},"end":{"line":58,"column":54}}]}},"b":{"0":[6],"1":[1],"2":[5],"3":[1],"4":[1],"5":[0],"6":[1],"7":[1]},"fnMap":{"0":{"name":"DiffTool","decl":{"start":{"line":7,"column":7},"end":{"line":78,"column":1}},"loc":{"start":{"line":7,"column":7},"end":{"line":78,"column":1}},"line":7},"1":{"name":"handleDiff","decl":{"start":{"line":13,"column":21},"end":{"line":24,"column":4}},"loc":{"start":{"line":13,"column":21},"end":{"line":24,"column":4}},"line":13},"2":{"name":"onChange","decl":{"start":{"line":49,"column":22},"end":{"line":49,"column":54}},"loc":{"start":{"line":49,"column":22},"end":{"line":49,"column":54}},"line":49},"3":{"name":"onChange","decl":{"start":{"line":58,"column":22},"end":{"line":58,"column":54}},"loc":{"start":{"line":58,"column":22},"end":{"line":58,"column":54}},"line":58}},"f":{"0":6,"1":1,"2":1,"3":1}}
[...]
rt":{"line":19,"column":0},"end":{"line":19,"column":64}},"19":{"start":{"line":20,"column":0},"end":{"line":20,"column":4}},"21":{"start":{"line":22,"column":0},"end":{"line":22,"column":10}},"22":{"start":{"line":23,"column":0},"end":{"line":23,"column":12}},"23":{"start":{"line":24,"column":0},"end":{"line":24,"column":22}},"24":{"start":{"line":25,"column":0},"end":{"line":25,"column":122}},"25":{"start":{"line":26,"column":0},"end":{"line":26,"column":31}},"27":{"start":{"line":28,"column":0},"end":{"line":28,"column":17}},"28":{"start":{"line":29,"column":0},"end":{"line":29,"column":51}},"30":{"start":{"line":31,"column":0},"end":{"line":31,"column":51}},"32":{"start":{"line":33,"column":0},"end":{"line":33,"column":13}},"34":{"start":{"line":35,"column":0},"end":{"line":35,"column":1}}},"s":{"0":1,"1":1,"3":1,"4":10,"6":10,"8":5,"9":5,"10":5,"11":5,"12":10,"14":10,"15":2,"16":2,"17":2,"18":2,"19":2,"21":10,"22":10,"23":10,"24":10,"25":10,"27":10,"28":8,"30":2,"32":10,"34":10},"branchMap":{"0":{"type":"branch","line":4,"loc":{"start":{"line":4,"column":7},"end":{"line":35,"column":1}},"locations":[{"start":{"line":4,"column":7},"end":{"line":35,"column":1}}]},"1":{"type":"branch","line":28,"loc":{"start":{"line":28,"column":7},"end":{"line":29,"column":51}},"locations":[{"start":{"line":28,"column":7},"end":{"line":29,"column":51}}]},"2":{"type":"branch","line":29,"loc":{"start":{"line":29,"column":49},"end":{"line":31,"column":51}},"locations":[{"start":{"line":29,"column":49},"end":{"line":31,"column":51}}]},"3":{"type":"branch","line":7,"loc":{"start":{"line":7,"column":12},"end":{"line":13,"column":5}},"locations":[{"start":{"line":7,"column":12},"end":{"line":13,"column":5}}]},"4":{"type":"branch","line":15,"loc":{"start":{"line":15,"column":17},"end":{"line":20,"column":4}},"locations":[{"start":{"line":15,"column":17},"end":{"line":20,"column":4}}]},"5":{"type":"branch","line":18,"loc":{"start":{"line":18,"column":34},"end":{"line":18,"column":54}},"locations":[{"start":{"line":18,"column":34},"end":{"line":18,"column":54}}]},"6":{"type":"branch","line":18,"loc":{"start":{"line":18,"column":45},"end":{"line":18,"column":61}},"locations":[{"start":{"line":18,"column":45},"end":{"line":18,"column":61}}]}},"b":{"0":[10],"1":[8],"2":[2],"3":[5],"4":[2],"5":[1],"6":[1]},"fnMap":{"0":{"name":"ThemeToggle","decl":{"start":{"line":4,"column":7},"end":{"line":35,"column":1}},"loc":{"start":{"line":4,"column":7},"end":{"line":35,"column":1}},"line":4},"1":{"name":"toggle","decl":{"start":{"line":15,"column":17},"end":{"line":20,"column":4}},"loc":{"start":{"line":15,"column":17},"end":{"line":20,"column":4}},"line":15}},"f":{"0":10,"1":2}}
,"/home/diego/workspace/golang/privutil/web/src/components/TimeTool.tsx": {"path":"/home/diego/workspace/golang/privutil/web/src/components/TimeTool.tsx","all":false,"statementMap":{"0":{"start":{"line":1,"column":0},"end":{"line":1,"column":44}},"1":{"start":{"line":2,"column":0},"end":{"line":2,"column":68}},"2":{"start":{"line":3,"column":0},"end":{"line":3,"column":39}},"3":{"start":{"line":4,"column":0},"end":{"line":4,"column":37}},"5":{"start":{"line":6,"column":0},"end":{"line":6,"column":28}},"6":{"start":{"line":7,"column":0},"end":{"line":7,"column":41}},"7":{"start":{"line":8,"column":0},"end":{"line":8,"column":66}},"9":{"start":{"line":10,"column":0},"end":{"line":10,"column":42}},"10":{"start":{"line":11,"column":0},"end":{"line":11,"column":9}},"11":{"start":{"line":12,"column":0},"end":{"line":12,"column":87}},"12":{"start":{"line":13,"column":0},"end":{"line":13,"column":22}},"13":{"start":{"line":14,"column":0},"end":{"line":14,"column":37}},"14":{"start":{"line":15,"column":0},"end":{"line":15,"column":4}},"16":{"start":{"line":17,"column":0},"end":{"line":17,"column":19}},"17":{"start":{"line":18,"column":0},"end":{"line":18,"column":19}},"18":{"start":{"line":19,"column":0},"end":{"line":19,"column":9}},"20":{"start":{"line":21,"column":0},"end":{"line":21,"column":10}},"21":{"start":{"line":22,"column":0},"end":{"line":22,"column":49}},"22":{"start":{"line":23,"column":0},"end":{"line":23,"column":76}},"23":{"start":{"line":24,"column":0},"end":{"line":24,"column":52}},"25":{"start":{"line":26,"column":0},"end":{"line":26,"column":11}},"27":{"start":{"line":28,"column":0},"end":{"line":28,"column":34}},"28":{"start":{"line":29,"column":0},"end":{"line":29,"column":15}},"29":{"start":{"line":30,"column":0},"end":{"line":30,"column":22}},"30":{"start":{"line":31,"column":0},"end":{"line":31,"column":23}},"31":{"start":{"line":32,"column":0},"end":{"line":32,"column":50}},"32":{"start":{"line":33,"column":0},"end":{"line":33,"column":82}},"33":{"start":{"line":34,"column":0},"end":{"line":34,"column":147}},"34":{"start":{"line":35,"column":0},"end":{"line":35,"column":10}},"35":{"start":{"line":36,"column":0},"end":{"line":36,"column":16}},"36":{"start":{"line":37,"column":0},"end":{"line":37,"column":40}},"37":{"start":{"line":38,"column":0},"end":{"line":38,"column":95}},"38":{"start":{"line":39,"column":0},"end":{"line":39,"column":9}},"40":{"start":{"line":41,"column":0},"end":{"line":41,"column":17}},"41":{"start":{"line":42,"column":0},"end":{"line":42,"column":16}},"42":{"start":{"line":43,"column":0},"end":{"line":43,"column":62}},"43":{"start":{"line":44,"column":0},"end":{"line":44,"column":95}},"44":{"start":{"line":45,"column":0},"end":{"line":45,"column":9}},"46":{"start":{"line":47,"column":0},"end":{"line":47,"column":17}},"47":{"start":{"line":48,"column":0},"end":{"line":48,"column":12}},"49":{"start":{"line":50,"column":0},"end":{"line":50,"column":18}},"50":{"start":{"line":51,"column":0},"end":{"line":51,"column":87}},"51":{"start":{"line":52,"column":0},"end":{"line":52,"column":77}},"52":{"start":{"line":53,"column":0},"end":{"line":53,"column":64}},"53":{"start":{"line":54,"column":0},"end":{"line":54,"column":59}},"54":{"start":{"line":55,"column":0},"end":{"line":55,"column":63}},"55":{"start":{"line":56,"column":0},"end":{"line":56,"column":14}},"57":{"start":{"line":58,"column":0},"end":{"line":58,"column":10}},"59":{"start":{"line":60,"column":0},"end":{"line":60,"column":1}},"61":{"start":{"line":62,"column":0},"end":{"line":62,"column":94}},"62":{"start":{"line":63,"column":0},"end":{"line":63,"column":10}},"63":{"start":{"line":64,"column":0},"end":{"line":64,"column":137}},"64":{"start":{"line":65,"column":0},"end":{"line":65,"column":69}},"65":{"start":{"line":66,"column":0},"end":{"line":66,"column":83}},"66":{"start":{"line":67,"column":0},"end":{"line":67,"column":16}},"67":{"start":{"line":68,"column":0},"end":{"line":68,"column":16}},"68":{"start":{"line":69,"column":0},"end":{"line":69,"column":62}},"69":{"start":{"line":70,"column":0},"end":{"line":70,"column":93}},"70":{"start":{"line":71,"column":0},"end":{"line":71,"column":9}},"72":{"start":{"line":73,"column":0},"end":{"line":73,"column":17}},"74":{"start":{"line":75,"column":0},"end":{"line":75,"column":10}},"76":{"start":{"line":77,"column":0},"end":{"line":77,"column":1}}},"s":{"0":1,"1":1,"2":1,"3":1,"5":1,"6":4,"7":4,"9":4,"10":3,"11":3,"12":3,"13":3,"14":3,"16":4,"17":2,"18":4,"20":4,"21":4,"22":4,"23":4,"25":4,"27":4,"28":4,"29":4,"30":4,"31":4,"32":4,"33":4,"34":4,"35":4,"36":4,"37":4,"38":4,"40":4,"41":4,"42":4,"43":4,"44":4,"46":4,"47":4,"49":4,"50":1,"51":1,"52":1,"53":1,"54":1,"55":1,"57":4,"59":4,"61":4,"62":4,"63":4,"64":4,"65":4,"66":4,"67":3,"68":3,"69":3,"70":3,"72":3,"74":4,"76":4},"branchMap":{"0":{"type":"branch","line":6,"loc":{"start":{"line":6,"column":7},"end":{"line":60,"column":1}},"locations":[{"start":{"line":6,"column":7},"end":{"line":60,"column":1}}]},"1":{"type":"branch","line":50,"loc":{"start":{"line":50,"column":7},"end":{"line":56,"column":14}},"locations":[{"start":{"line":50,"column":7},"end":{"line":56,"column":14}}]},"2":{"type":"branch","line":10,"loc":{"start":{"line":10,"column":18},"end":{"line":15,"column":4}},"locations":[{"start":{"line":10,"column":18},"end":{"line":15,"column":4}}]},"3":{"type":"branch","line":14,"loc":{"start":{"line":14,"column":4},"end":{"line":14,"column":37}},"locations":[{"start":{"line":14,"column":4},"end":{"line":14,"column":37}}]},"4":{"type":"branch","line":17,"loc":{"start":{"line":17,"column":12},"end":{"line":19,"column":5}},"locations":[{"start":{"line":17,"column":12},"end":{"line":19,"column":5}}]},"5":{"type":"branch","line":32,"loc":{"start":{"line":32,"column":20},"end":{"line":32,"column":50}},"locations":[{"start":{"line":32,"column":20},"end":{"line":32,"column":50}}]},"6":{"type":"branch","line":37,"loc":{"start":{"line":37,"column":19},"end":{"line":37,"column":40}},"locations":[{"start":{"line":37,"column":19},"end":{"line":37,"column":40}}]},"7":{"type":"branch","line":62,"loc":{"start":{"line":62,"column":0},"end":{"line":77,"column":1}},"locations":[{"start":{"line":62,"column":0},"end":{"line":77,"column":1}}]},"8":{"type":"branch","line":67,"loc":{"start":{"line":67,"column":7},"end":{"line":73,"column":17}},"locations":[{"start":{"line":67,"column":7},"end":{"line":73,"column":17}}]}},"b":{"0":[4],"1":[1],"2":[3],"3":[0],"4":[2],"5":[1],"6":[1],"7":[4],"8":[3]},"fnMap":{"0":{"name":"TimeTool","decl":{"start":{"line":6,"column":7},"end":{"line":60,"column":1}},"loc":{"start":{"line":6,"column":7},"end":{"line":60,"column":1}},"line":6},"1":{"name":"convert","decl":{"start":{"line":10,"column":18},"end":{"line":15,"column":4}},"loc":{"start":{"line":10,"column":18},"end":{"line":15,"column":4}},"line":10},"2":{"name":"onChange","decl":{"start":{"line":32,"column":20},"end":{"line":32,"column":50}},"loc":{"start":{"line":32,"column":20},"end":{"line":32,"column":50}},"line":32},"3":{"name":"onClick","decl":{"start":{"line":37,"column":19},"end":{"line":37,"column":40}},"loc":{"start":{"line":37,"column":19},"end":{"line":37,"column":40}},"line":37},"4":{"name":"onClick","decl":{"start":{"line":43,"column":19},"end":{"line":43,"column":62}},"loc":{"start":{"line":43,"column":19},"end":{"line":43,"column":62}},"line":43},"5":{"name":"ResultRow","decl":{"start":{"line":62,"column":0},"end":{"line":77,"column":1}},"loc":{"start":{"line":62,"column":0},"end":{"line":77,"column":1}},"line":62},"6":{"name":"onClick","decl":{"start":{"line":69,"column":19},"end":{"line":69,"column":62}},"loc":{"start":{"line":69,"column":19},"end":{"line":69,"column":62}},"line":69}},"f":{"0":4,"1":3,"2":1,"3":1,"4":0,"5":4,"6":0}}
,"/home/diego/workspace/golang/privutil/web/src/lib/nav.ts": {"path":"/home/diego/workspace/golang/privutil/web/src/lib/nav.ts","all":false,"statementMap":{"0":{"start":{"line":1,"column":0},"end":{"line":1,"column":9}},"27":{"start":{"line":28,"column":0},"end":{"line":28,"column":37}},"28":{"start":{"line":29,"column":0},"end":{"line":29,"column":4}},"29":{"start":{"line":30,"column":0},"end":{"line":30,"column":23}},"30":{"start":{"line":31,"column":0},"end":{"line":31,"column":27}},"31":{"start":{"line":32,"column":0},"end":{"line":32,"column":14}},"32":{"start":{"line":33,"column":0},"end":{"line":33,"column":50}},"33":{"start":{"line":34,"column":0},"end":{"line":34,"column":4}},"34":{"start":{"line":35,"column":0},"end":{"line":35,"column":4}},"35":{"start":{"line":36,"column":0},"end":{"line":36,"column":26}},"36":{"start":{"line":37,"column":0},"end":{"line":37,"column":20}},"37":{"start":{"line":38,"column":0},"end":{"line":38,"column":18}},"38":{"start":{"line":39,"column":0},"end":{"line":39,"column":63}},"39":{"start":{"line":40,"column":0},"end":{"line":40,"column":4}},"40":{"start":{"line":41,"column":0},"end":{"line":41,"column":4}},"41":{"start":{"line":42,"column":0},"end":{"line":42,"column":25}},"42":{"start":{"line":43,"column":0},"end":{"line":43,"column":18}},"43":{"start":{"line":44,"column":0},"end":{"line":44,"column":20}},"44":{"start":{"line":45,"column":0},"end":{"line":45,"column":51}},"45":{"start":{"line":46,"column":0},"end":{"line":46,"column":4}},"46":{"start":{"line":47,"column":0},"end":{"line":47,"column":4}},"47":{"start":{"line":48,"column":0},"end":{"line":48,"column":28}},"48":{"start":{"line":49,"column":0},"end":{"line":49,"column":20}},"49":{"start":{"line":50,"column":0},"end":{"line":50,"column":18}},"50":{"start":{"line":51,"column":0},"end":{"line":51,"column":56}},"51":{"start":{"line":52,"column":0},"end":{"line":52,"column":4}},"52":{"start":{"line":53,"column":0},"end":{"line":53,"column":4}},"53":{"start":{"line":54,"column":0},"end":{"line":54,"column":33}},"54":{"start":{"line":55,"column":0},"end":{"line":55,"column":26}},"55":{"start":{"line":56,"column":0},"end":{"line":56,"column":21}},"56":{"start":{"line":57,"column":0},"end":{"line":57,"column":62}},"57":{"start":{"line":58,"column":0},"end":{"line":58,"column":4}},"58":{"start":{"line":59,"column":0},"end":{"line":59,"column":4}},"59":{"start":{"line":60,"column":0},"end":{"line":60,"column":24}},"60":{"start":{"line":61,"column":0},"end":{"line":61,"column":15}},"61":{"start":{"line":62,"column":0},"end":{"line":62,"column":24}},"62":{"start":{"line":63,"column":0},"end":{"line":63,"column":58}},"63":{"start":{"line":64,"column":0},"end":{"line":64,"column":4}},"64":{"start":{"line":65,"column":0},"end":{"line":65,"column":4}},"65":{"start":{"line":66,"column":0},"end":{"line":66,"column":24}},"66":{"start":{"line":67,"column":0},"end":{"line":67,"column":21}},"67":{"start":{"line":68,"column":0},"end":{"line":68,"column":18}},"68":{"start":{"line":69,"column":0},"end":{"line":69,"column":61}},"69":{"start":{"line":70,"column":0},"end":{"line":70,"column":4}},"70":{"start":{"line":71,"column":0},"end":{"line":71,"column":4}},"71":{"start":{"line":72,"column":0},"end":{"line":72,"column":22}},"72":{"start":{"line":73,"column":0},"end":{"line":73,"column":20}},"73":{"start":{"line":74,"column":0},"end":{"line":74,"column":21}},"74":{"start":{"line":75,"column":0},"end":{"line":75,"column":56}},"75":{"start":{"line":76,"column":0},"end":{"line":76,"column":4}},"76":{"start":{"line":77,"column":0},"end":{"line":77,"column":4}},"77":{"start":{"line":78,"column":0},"end":{"line":78,"column":28}},"78":{"start":{"line":79,"column":0},"end":{"line":79,"column":17}},"79":{"start":{"line":80,"column":0},"end":{"line":80,"column":18}},"80":{"start":{"line":81,"column":0},"end":{"line":81,"column":47}},"81":{"start":{"line":82,"column":0},"end":{"line":82,"column":4}},"82":{"start":{"line":83,"column":0},"end":{"line":83,"column":4}},"83":{"start":{"line":84,"column":0},"end":{"line":84,"column":23}},"84":{"start":{"line":85,"column":0},"end":{"line":85,"column":20}},"85":{"start":{"line":86,"column":0},"end":{"line":86,"column":17}},"86":{"start":{"line":87,"column":0},"end":{"line":87,"column":57}},"87":{"start":{"line":88,"column":0},"end":{"line":88,"column":4}},"88":{"start":{"line":89,"column":0},"end":{"line":89,"column":4}},"89":{"start":{"line":90,"column":0},"end":{"line":90,"column":24}},"90":{"start":{"line":91,"column":0},"end":{"line":91,"column":17}},"91":{"start":{"line":92,"column":0},"end":{"line":92,"column":18}},"92":{"start":{"line":93,"column":0},"end":{"line":93,"column":52}},"93":{"start":{"line":94,"column":0},"end":{"line":94,"column":4}},"94":{"start":{"line":95,"column":0},"end":{"line":95,"column":4}},"95":{"start":{"line":96,"column":0},"end":{"line":96,"column":25}},"96":{"start":{"line":97,"column":0},"end":{"line":97,"column":21}},"97":{"start":{"line":98,"column":0},"end":{"line":98,"column":18}},"98":{"start":{"line":99,"column":0},"end":{"line":99,"column":55}},"99":{"start":{"line":100,"column":0},"end":{"line":100,"column":4}},"100":{"start":{"line":101,"column":0},"end":{"line":101,"column":4}},"101":{"start":{"line":102,"column":0},"end":{"line":102,"column":29}},"102":{"start":{"line":103,"column":0},"end":{"line":103,"column":19}},"103":{"start":{"line":104,"column":0},"end":{"line":104,"column":19}},"104":{"start":{"line":105,"column":0},"end":{"line":105,"column":51}},"105":{"start":{"line":106,"column":0},"end":{"line":106,"column":4}},"106":{"start":{"line":107,"column":0},"end":{"line":107,"column":4}},"107":{"start":{"line":108,"column":0},"end":{"line":108,"column":26}},"108":{"start":{"line":109,"column":0},"end":{"line":109,"column":25}},"109":{"start":{"line":110,"column":0},"end":{"line":110,"column":20}},"110":{"start":{"line":111,"column":0},"end":{"line":111,"column":54}},"111":{"start":{"line":112,"column":0},"end":{"line":112,"column":4}},"112":{"start":{"line":113,"column":0},"end":{"line":113,"column":4}},"113":{"start":{"line":114,"column":0},"end":{"line":114,"column":24}},"114":{"start":{"line":115,"column":0},"end":{"line":115,"column":28}},"115":{"start":{"line":116,"column":0},"end":{"line":116,"column":23}},"116":{"start":{"line":117,"column":0},"end":{"line":117,"column":60}},"117":{"start":{"line":118,"column":0},"end":{"line":118,"column":4}},"118":{"start":{"line":119,"column":0},"end":{"line":119,"column":4}},"119":{"start":{"line":120,"column":0},"end":{"line":120,"column":27}},"120":{"start":{"line":121,"column":0},"end":{"line":121,"column":20}},"121":{"start":{"line":122,"column":0},"end":{"line":122,"column":17}},"122":{"start":{"line":123,"column":0},"end":{"line":123,"column":50}},"123":{"start":{"line":124,"column":0},"end":{"line":124,"column":4}},"124":{"start":{"line":125,"column":0},"end":{"line":125,"column":4}},"125":{"start":{"line":126,"column":0},"end":{"line":126,"column":21}},"126":{"start":{"line":127,"column":0},"end":{"line":127,"column":19}},"127":{"start":{"line":128,"column":0},"end":{"line":128,"column":16}},"128":{"start":{"line":129,"column":0},"end":{"line":129,"column":46}},"129":{"start":{"line":130,"column":0},"end":{"line":130,"column":4}},"130":{"start":{"line":131,"column":0},"end":{"line":131,"column":4}},"131":{"start":{"line":132,"column":0},"end":{"line":132,"column":32}},"132":{"start":{"line":133,"column":0},"end":{"line":133,"column":15}},"133":{"start":{"line":134,"column":0},"end":{"line":134,"column":22}},"134":{"start":{"line":135,"column":0},"end":{"line":135,"column":51}},"135":{"start":{"line":136,"column":0},"end":{"line":136,"column":4}},"136":{"start":{"line":137,"column":0},"end":{"line":137,"column":2}}},"s":{"0":1,"27":1,"28":1,"29":1,"30":1,"31":1,"32":1,"33":1,"34":1,"35":1,"36":1,"37":1,"38":1,"39":1,"40":1,"41":1,"42":1,"43":1,"44":1,"45":1,"46":1,"47":1,"48":1,"49":1,"50":1,"51":1,"52":1,"53":1,"54":1,"55":1,"56":1,"57":1,"58":1,"59":1,"60":1,"61":1,"62":1,"63":1,"64":1,"65":1,"66":1,"67":1,"68":1,"69":1,"70":1,"71":1,"72":1,"73":1,"74":1,"75":1,"76":1,"77":1,"78":1,"79":1,"80":1,"81":1,"82":1,"83":1,"84":1,"85":1,"86":1,"87":1,"88":1,"89":1,"90":1,"91":1,"92":1,"93":1,"94":1,"95":1,"96":1,"97":1,"98":1,"99":1,"100":1,"101":1,"102":1,"103":1,"104":1,"105":1,"106":1,"107":1,"108":1,"109":1,"110":1,"111":1,"112":1,"113":1,"114":1,"115":1,"116":1,"117":1,"118":1,"119":1,"120":1,"121":1,"122":1,"123":1,"124":1,"125":1,"126":1,"127":1,"128":1,"129":1,"130":1,"131":1,"132":1,"133":1,"134":1,"135":1,"136":1},"branchMap":{},"b":{},"fnMap":{},"f":{}}
,"/home/diego/workspace/golang/privutil/web/src/lib/utils.ts": {"path":"/home/diego/workspace/golang/privutil/web/src/lib/utils.ts","all":false,"statementMap":{"0":{"start":{"line":1,"column":0},"end":{"line":1,"column":45}},"1":{"start":{"line":2,"column":0},"end":{"line":2,"column":41}},"3":{"start":{"line":4,"column":0},"end":{"line":4,"column":45}},"4":{"start":{"line":5,"column":0},"end":{"line":5,"column":31}},"5":{"start":{"line":6,"column":0},"end":{"line":6,"column":1}}},"s":{"0":1,"1":1,"3":1,"4":84,"5":84},"branchMap":{"0":{"type":"branch","line":4,"loc":{"start":{"line":4,"column":7},"end":{"line":6,"column":1}},"locations":[{"start":{"line":4,"column":7},"end":{"line":6,"column":1}}]}},"b":{"0":[84]},"fnMap":{"0":{"name":"cn","decl":{"start":{"line":4,"column":7},"end":{"line":6,"column":1}},"loc":{"start":{"line":4,"column":7},"end":{"line":6,"column":1}},"line":4}},"f":{"0":84}}
}
