{"/home/diego/workspace/golang/privutil/web/src/components/Base64Tool.tsx": {"path":"/home/diego/workspace/golang/privutil/web/src/components/Base64Tool.tsx","all":false,"statementMap":{"0":{"start":{"line":1,"column":0},"end":{"line":1,"column":33}},"1":{"start":{"line":2,"column":0},"end":{"line":2,"column":39}},"2":{"start":{"line":3,"column":0},"end":{"line":3,"column":34}},"3":{"start":{"line":4,"column":0},"end":{"line":4,"column":43}},"5":{"start":{"line":6,"column":0},"end":{"line":6,"column":30}},"6":{"start":{"line":7,"column":0},"end":{"line":7,"column":41}},"7":{"start":{"line":8,"column":0},"end":{"line":8,"column":43}},"8":{"start":{"line":9,"column":0},"end":{"line":9,"column":58}},"9":{"start":{"line":10,"column":0},"end":{"line":10,"column":48}},"11":{"start":{"line":12,"column":0},"end":{"line":12,"column":63}},"12":{"start":{"line":13,"column":0},"end":{"line":13,"column":21}},"13":{"start":{"line":14,"column":0},"end":{"line":14,"column":19}},"14":{"start":{"line":15,"column":0},"end":{"line":15,"column":9}},"15":{"start":{"line":16,"column":0},"end":{"line":16,"column":43}},"16":{"start":{"line":17,"column":0},"end":{"line":17,"column":97}},"17":{"start":{"line":18,"column":0},"end":{"line":18,"column":98}},"19":{"start":{"line":20,"column":0},"end":{"line":20,"column":27}},"20":{"start":{"line":21,"column":0},"end":{"line":21,"column":33}},"21":{"start":{"line":22,"column":0},"end":{"line":22,"column":22}},"22":{"start":{"line":23,"column":0},"end":{"line":23,"column":14}},"23":{"start":{"line":24,"column":0},"end":{"line":24,"column":33}},"24":{"start":{"line":25,"column":0},"end":{"line":25,"column":7}},"25":{"start":{"line":26,"column":0},"end":{"line":26,"column":19}},"26":{"start":{"line":27,"column":0},"end":{"line":27,"column":25}},"27":{"start":{"line":28,"column":0},"end":{"line":28,"column":47}},"28":{"start":{"line":29,"column":0},"end":{"line":29,"column":15}},"29":{"start":{"line":30,"column":0},"end":{"line":30,"column":24}},"30":{"start":{"line":31,"column":0},"end":{"line":31,"column":5}},"31":{"start":{"line":32,"column":0},"end":{"line":32,"column":4}},"33":{"start":{"line":34,"column":0},"end":{"line":34,"column":10}},"34":{"start":{"line":35,"column":0},"end":{"line":35,"column":41}},"35":{"start":{"line":36,"column":0},"end":{"line":36,"column":79}},"37":{"start":{"line":38,"column":0},"end":{"line":38,"column":33}},"38":{"start":{"line":39,"column":0},"end":{"line":39,"column":74}},"39":{"start":{"line":40,"column":0},"end":{"line":40,"column":17}},"40":{"start":{"line":41,"column":0},"end":{"line":41,"column":170}},"41":{"start":{"line":42,"column":0},"end":{"line":42,"column":23}},"42":{"start":{"line":43,"column":0},"end":{"line":43,"column":52}},"43":{"start":{"line":44,"column":0},"end":{"line":44,"column":57}},"44":{"start":{"line":45,"column":0},"end":{"line":45,"column":10}},"45":{"start":{"line":46,"column":0},"end":{"line":46,"column":12}},"47":{"start":{"line":48,"column":0},"end":{"line":48,"column":34}},"48":{"start":{"line":49,"column":0},"end":{"line":49,"column":15}},"49":{"start":{"line":50,"column":0},"end":{"line":50,"column":48}},"50":{"start":{"line":51,"column":0},"end":{"line":51,"column":38}},"51":{"start":{"line":52,"column":0},"end":{"line":52,"column":24}},"52":{"start":{"line":53,"column":0},"end":{"line":53,"column":89}},"53":{"start":{"line":54,"column":0},"end":{"line":54,"column":102}},"54":{"start":{"line":55,"column":0},"end":{"line":55,"column":12}},"56":{"start":{"line":57,"column":0},"end":{"line":57,"column":45}},"58":{"start":{"line":59,"column":0},"end":{"line":59,"column":17}},"59":{"start":{"line":60,"column":0},"end":{"line":60,"column":15}},"60":{"start":{"line":61,"column":0},"end":{"line":61,"column":48}},"61":{"start":{"line":62,"column":0},"end":{"line":62,"column":38}},"62":{"start":{"line":63,"column":0},"end":{"line":63,"column":24}},"63":{"start":{"line":64,"column":0},"end":{"line":64,"column":89}},"64":{"start":{"line":65,"column":0},"end":{"line":65,"column":102}},"65":{"start":{"line":66,"column":0},"end":{"line":66,"column":12}},"67":{"start":{"line":68,"column":0},"end":{"line":68,"column":45}},"69":{"start":{"line":70,"column":0},"end":{"line":70,"column":17}},"70":{"start":{"line":71,"column":0},"end":{"line":71,"column":12}},"72":{"start":{"line":73,"column":0},"end":{"line":73,"column":16}},"73":{"start":{"line":74,"column":0},"end":{"line":74,"column":92}},"74":{"start":{"line":75,"column":0},"end":{"line":75,"column":17}},"75":{"start":{"line":76,"column":0},"end":{"line":76,"column":14}},"76":{"start":{"line":77,"column":0},"end":{"line":77,"column":21}},"77":{"start":{"line":78,"column":0},"end":{"line":78,"column":35}},"78":{"start":{"line":79,"column":0},"end":{"line":79,"column":77}},"79":{"start":{"line":80,"column":0},"end":{"line":80,"column":19}},"80":{"start":{"line":81,"column":0},"end":{"line":81,"column":20}},"81":{"start":{"line":82,"column":0},"end":{"line":82,"column":136}},"82":{"start":{"line":83,"column":0},"end":{"line":83,"column":26}},"83":{"start":{"line":84,"column":0},"end":{"line":84,"column":12}},"84":{"start":{"line":85,"column":0},"end":{"line":85,"column":14}},"86":{"start":{"line":87,"column":0},"end":{"line":87,"column":10}},"88":{"start":{"line":89,"column":0},"end":{"line":89,"column":1}}},"s":{"0":1,"1":1,"2":1,"3":1,"5":1,"6":10,"7":10,"8":10,"9":10,"11":10,"12":2,"13":2,"14":2,"15":2,"16":1,"17":1,"19":2,"20":0,"21":0,"22":2,"23":2,"24":2,"25":2,"26":0,"27":0,"28":2,"29":2,"30":2,"31":2,"33":10,"34":10,"35":10,"37":10,"38":10,"39":10,"40":10,"41":10,"42":10,"43":10,"44":10,"45":10,"47":10,"48":10,"49":10,"50":10,"51":10,"52":10,"53":10,"54":10,"56":10,"58":10,"59":10,"60":10,"61":10,"62":10,"63":10,"64":10,"65":10,"67":10,"69":10,"70":10,"72":10,"73":0,"74":0,"75":0,"76":10,"77":2,"78":2,"79":2,"80":2,"81":2,"82":2,"83":2,"84":2,"86":10,"88":10},"branchMap":{"0":{"type":"branch","line":6,"loc":{"start":{"line":6,"column":7},"end":{"line":89,"column":1}},"locations":[{"start":{"line":6,"column":7},"end":{"line":89,"column":1}}]},"1":{"type":"branch","line":51,"loc":{"start":{"line":51,"column":20},"end":{"line":51,"column":38}},"locations":[{"start":{"line":51,"column":20},"end":{"line":51,"column":38}}]},"2":{"type":"branch","line":62,"loc":{"start":{"line":62,"column":20},"end":{"line":62,"column":38}},"locations":[{"start":{"line":62,"column":20},"end":{"line":62,"column":38}}]},"3":{"type":"branch","line":73,"loc":{"start":{"line":73,"column":7},"end":{"line":76,"column":14}},"locations":[{"start":{"line":73,"column":7},"end":{"line":76,"column":14}}]},"4":{"type":"branch","line":77,"loc":{"start":{"line":77,"column":10},"end":{"line":85,"column":14}},"locations":[{"start":{"line":77,"column":10},"end":{"line":85,"column":14}}]},"5":{"type":"branch","line":12,"loc":{"start":{"line":12,"column":23},"end":{"line":32,"column":4}},"locations":[{"start":{"line":12,"column":23},"end":{"line":32,"column":4}}]},"6":{"type":"branch","line":16,"loc":{"start":{"line":16,"column":34},"end":{"line":18,"column":98}},"locations":[{"start":{"line":16,"column":34},"end":{"line":18,"column":98}}]},"7":{"type":"branch","line":18,"loc":{"start":{"line":18,"column":96},"end":{"line":20,"column":26}},"locations":[{"start":{"line":18,"column":96},"end":{"line":20,"column":26}}]},"8":{"type":"branch","line":20,"loc":{"start":{"line":20,"column":26},"end":{"line":23,"column":13}},"locations":[{"start":{"line":20,"column":26},"end":{"line":23,"column":13}}]},"9":{"type":"branch","line":26,"loc":{"start":{"line":26,"column":4},"end":{"line":29,"column":6}},"locations":[{"start":{"line":26,"column":4},"end":{"line":29,"column":6}}]},"10":{"type":"branch","line":43,"loc":{"start":{"line":43,"column":20},"end":{"line":43,"column":52}},"locations":[{"start":{"line":43,"column":20},"end":{"line":43,"column":52}}]},"11":{"type":"branch","line":50,"loc":{"start":{"line":50,"column":19},"end":{"line":50,"column":48}},"locations":[{"start":{"line":50,"column":19},"end":{"line":50,"column":48}}]},"12":{"type":"branch","line":61,"loc":{"start":{"line":61,"column":19},"end":{"line":61,"column":48}},"locations":[{"start":{"line":61,"column":19},"end":{"line":61,"column":48}}]}},"b":{"0":[10],"1":[8],"2":[8],"3":[0],"4":[2],"5":[2],"6":[1],"7":[1],"8":[0],"9":[0],"10":[2],"11":[1],"12":[1]},"fnMap":{"0":{"name":"Base64Tool","decl":{"start":{"line":6,"column":7},"end":{"line":89,"column":1}},"loc":{"start":{"line":6,"column":7},"end":{"line":89,"column":1}},"line":6},"1":{"name":"handleAction","decl":{"start":{"line":12,"column":23},"end":{"line":32,"column":4}},"loc":{"start":{"line":12,"column":23},"end":{"line":32,"column":4}},"line":12},"2":{"name":"onChange","decl":{"start":{"line":43,"column":20},"end":{"line":43,"column":52}},"loc":{"start":{"line":43,"column":20},"end":{"line":43,"column":52}},"line":43},"3":{"name":"onClick","decl":{"start":{"line":50,"column":19},"end":{"line":50,"column":48}},"loc":{"start":{"line":50,"column":19},"end":{"line":50,"column":48}},"line":50},"4":{"name":"onClick","decl":{"start":{"line":61,"column":19},"end":{"line":61,"column":48}},"loc":{"start":{"line":61,"column":19},"end":{"line":61,"column":48}},"line":61}},"f":{"0":10,"1":2,"2":2,"3":1,"4":1}}
,"/home/diego/workspace/golang/privutil/web/src/components/CertTool.tsx": {"path":"/home/diego/workspace/golang/privutil/web/src/components/CertTool.tsx","all":false,"statementMap":{"0":{"start":{"line":1,"column":0},"end":{"line":1,"column":33}},"1":{"start":{"line":2,"column":0},"end":{"line":2,"column":55}},"2":{"start":{"line":3,"column":0},"end":{"line":3,"column":39}},"3":{"start":{"line":4,"column":0},"end":{"line":4,"column":71}},"5":{"start":{"line":6,"column":0},"end":{"line":6,"column":28}},"6":{"start":{"line":7,"column":0},"end":{"line":7,"column":37}},"7":{"start":{"line":8,"column":0},"end":{"line":8,"column":62}},"8":{"start":{"line":9,"column":0},"end":{"line":9,"column":41}},"10":{"start":{"line":11,"column":0},"end":{"line":11,"column":41}},"11":{"start":{"line":12,"column":0},"end":{"line":12,"column":17}},"12":{"start":{"line":13,"column":0},"end":{"line":13,"column":23}},"13":{"start":{"line":14,"column":0},"end":{"line":14,"column":20}},"14":{"start":{"line":15,"column":0},"end":{"line":15,"column":13}},"15":{"start":{"line":16,"column":0},"end":{"line":16,"column":5}},"16":{"start":{"line":17,"column":0},"end":{"line":17,"column":9}},"17":{"start":{"line":18,"column":0},"end":{"line":18,"column":94}},"18":{"start":{"line":19,"column":0},"end":{"line":19,"column":23}},"19":{"start":{"line":20,"column":0},"end":{"line":20,"column":29}},"20":{"start":{"line":21,"column":0},"end":{"line":21,"column":22}},"21":{"start":{"line":22,"column":0},"end":{"line":22,"column":14}},"22":{"start":{"line":23,"column":0},"end":{"line":23,"column":21}},"23":{"start":{"line":24,"column":0},"end":{"line":24,"column":22}},"24":{"start":{"line":25,"column":0},"end":{"line":25,"column":7}},"25":{"start":{"line":26,"column":0},"end":{"line":26,"column":37}},"26":{"start":{"line":27,"column":0},"end":{"line":27,"column":4}},"28":{"start":{"line":29,"column":0},"end":{"line":29,"column":10}},"29":{"start":{"line":30,"column":0},"end":{"line":30,"column":31}},"30":{"start":{"line":31,"column":0},"end":{"line":31,"column":76}},"31":{"start":{"line":32,"column":0},"end":{"line":32,"column":58}},"33":{"start":{"line":34,"column":0},"end":{"line":34,"column":11}},"35":{"start":{"line":36,"column":0},"end":{"line":36,"column":49}},"36":{"start":{"line":37,"column":0},"end":{"line":37,"column":35}},"37":{"start":{"line":38,"column":0},"end":{"line":38,"column":74}},"38":{"start":{"line":39,"column":0},"end":{"line":39,"column":20}},"39":{"start":{"line":40,"column":0},"end":{"line":40,"column":24}},"40":{"start":{"line":41,"column":0},"end":{"line":41,"column":50}},"41":{"start":{"line":42,"column":0},"end":{"line":42,"column":57}},"42":{"start":{"line":43,"column":0},"end":{"line":43,"column":177}},"43":{"start":{"line":44,"column":0},"end":{"line":44,"column":12}},"44":{"start":{"line":45,"column":0},"end":{"line":45,"column":14}},"46":{"start":{"line":47,"column":0},"end":{"line":47,"column":35}},"47":{"start":{"line":48,"column":0},"end":{"line":48,"column":21}},"48":{"start":{"line":49,"column":0},"end":{"line":49,"column":93}},"49":{"start":{"line":50,"column":0},"end":{"line":50,"column":21}},"50":{"start":{"line":51,"column":0},"end":{"line":51,"column":18}},"53":{"start":{"line":54,"column":0},"end":{"line":54,"column":20}},"54":{"start":{"line":55,"column":0},"end":{"line":55,"column":91}},"55":{"start":{"line":56,"column":0},"end":{"line":56,"column":122}},"56":{"start":{"line":57,"column":0},"end":{"line":57,"column":85}},"57":{"start":{"line":58,"column":0},"end":{"line":58,"column":20}},"59":{"start":{"line":60,"column":0},"end":{"line":60,"column":45}},"60":{"start":{"line":61,"column":0},"end":{"line":61,"column":68}},"61":{"start":{"line":62,"column":0},"end":{"line":62,"column":66}},"63":{"start":{"line":64,"column":0},"end":{"line":64,"column":56}},"64":{"start":{"line":65,"column":0},"end":{"line":65,"column":45}},"65":{"start":{"line":66,"column":0},"end":{"line":66,"column":103}},"66":{"start":{"line":67,"column":0},"end":{"line":67,"column":64}},"67":{"start":{"line":68,"column":0},"end":{"line":68,"column":26}},"68":{"start":{"line":69,"column":0},"end":{"line":69,"column":91}},"69":{"start":{"line":70,"column":0},"end":{"line":70,"column":24}},"70":{"start":{"line":71,"column":0},"end":{"line":71,"column":45}},"71":{"start":{"line":72,"column":0},"end":{"line":72,"column":103}},"72":{"start":{"line":73,"column":0},"end":{"line":73,"column":63}},"73":{"start":{"line":74,"column":0},"end":{"line":74,"column":26}},"74":{"start":{"line":75,"column":0},"end":{"line":75,"column":90}},"75":{"start":{"line":76,"column":0},"end":{"line":76,"column":24}},"76":{"start":{"line":77,"column":0},"end":{"line":77,"column":22}},"78":{"start":{"line":79,"column":0},"end":{"line":79,"column":43}},"79":{"start":{"line":80,"column":0},"end":{"line":80,"column":101}},"80":{"start":{"line":81,"column":0},"end":{"line":81,"column":65}},"81":{"start":{"line":82,"column":0},"end":{"line":82,"column":24}},"82":{"start":{"line":83,"column":0},"end":{"line":83,"column":56}},"83":{"start":{"line":84,"column":0},"end":{"line":84,"column":58}},"84":{"start":{"line":85,"column":0},"end":{"line":85,"column":63}},"85":{"start":{"line":86,"column":0},"end":{"line":86,"column":112}},"86":{"start":{"line":87,"column":0},"end":{"line":87,"column":29}},"87":{"start":{"line":88,"column":0},"end":{"line":88,"column":31}},"88":{"start":{"line":89,"column":0},"end":{"line":89,"column":24}},"90":{"start":{"line":91,"column":0},"end":{"line":91,"column":80}},"92":{"start":{"line":93,"column":0},"end":{"line":93,"column":24}},"93":{"start":{"line":94,"column":0},"end":{"line":94,"column":22}},"94":{"start":{"line":95,"column":0},"end":{"line":95,"column":20}},"95":{"start":{"line":96,"column":0},"end":{"line":96,"column":18}},"98":{"start":{"line":99,"column":0},"end":{"line":99,"column":31}},"99":{"start":{"line":100,"column":0},"end":{"line":100,"column":133}},"101":{"start":{"line":102,"column":0},"end":{"line":102,"column":18}},"103":{"start":{"line":104,"column":0},"end":{"line":104,"column":14}},"104":{"start":{"line":105,"column":0},"end":{"line":105,"column":12}},"105":{"start":{"line":106,"column":0},"end":{"line":106,"column":10}},"107":{"start":{"line":108,"column":0},"end":{"line":108,"column":1}},"109":{"start":{"line":110,"column":0},"end":{"line":110,"column":74}},"112":{"start":{"line":113,"column":0},"end":{"line":113,"column":10}},"113":{"start":{"line":114,"column":0},"end":{"line":114,"column":31}},"114":{"start":{"line":115,"column":0},"end":{"line":115,"column":78}},"115":{"start":{"line":116,"column":0},"end":{"line":116,"column":115}},"116":{"start":{"line":117,"column":0},"end":{"line":117,"column":15}},"117":{"start":{"line":118,"column":0},"end":{"line":118,"column":12}},"118":{"start":{"line":119,"column":0},"end":{"line":119,"column":10}},"120":{"start":{"line":121,"column":0},"end":{"line":121,"column":1}}},"s":{"0":1,"1":1,"2":1,"3":1,"5":1,"6":4,"7":4,"8":4,"10":4,"11":1,"12":1,"13":0,"14":0,"15":0,"16":1,"17":1,"18":1,"19":0,"20":0,"21":1,"22":1,"23":1,"24":1,"25":1,"26":1,"28":4,"29":4,"30":4,"31":4,"33":4,"35":4,"36":4,"37":4,"38":4,"39":4,"40":4,"41":4,"42":4,"43":4,"44":4,"46":4,"47":4,"48":0,"49":0,"50":0,"53":4,"54":1,"55":1,"56":1,"57":1,"59":1,"60":1,"61":1,"63":1,"64":1,"65":1,"66":1,"67":1,"68":1,"69":1,"70":1,"71":1,"72":1,"73":1,"74":1,"75":1,"76":1,"78":1,"79":1,"80":1,"81":1,"82":1,"83":1,"84":0,"85":0,"86":0,"87":0,"88":0,"90":1,"92":1,"93":1,"94":1,"95":1,"98":4,"99":3,"101":3,"103":4,"104":4,"105":4,"107":4,"109":2,"112":2,"113":2,"114":2,"115":2,"116":2,"117":2,"118":2,"120":2},"branchMap":{"0":{"type":"branch","line":6,"loc":{"start":{"line":6,"column":7},"end":{"line":108,"column":1}},"locations":[{"start":{"line":6,"column":7},"end":{"line":108,"column":1}}]},"1":{"type":"branch","line":48,"loc":{"start":{"line":48,"column":11},"end":{"line":51,"column":18}},"locations":[{"start":{"line":48,"column":11},"end":{"line":51,"column":18}}]},"2":{"type":"branch","line":54,"loc":{"start":{"line":54,"column":11},"end":{"line":96,"column":18}},"locations":[{"start":{"line":54,"column":11},"end":{"line":96,"column":18}}]},"3":{"type":"branch","line":84,"loc":{"start":{"line":84,"column":53},"end":{"line":89,"column":24}},"locations":[{"start":{"line":84,"column":53},"end":{"line":89,"column":24}}]},"4":{"type":"branch","line":99,"loc":{"start":{"line":99,"column":12},"end":{"line":99,"column":31}},"locations":[{"start":{"line":99,"column":12},"end":{"line":99,"column":31}}]},"5":{"type":"branch","line":99,"loc":{"start":{"line":99,"column":21},"end":{"line":102,"column":18}},"locations":[{"start":{"line":99,"column":21},"end":{"line":102,"column":18}}]},"6":{"type":"branch","line":11,"loc":{"start":{"line":11,"column":16},"end":{"line":27,"column":4}},"locations":[{"start":{"line":11,"column":16},"end":{"line":27,"column":4}}]},"7":{"type":"branch","line":13,"loc":{"start":{"line":13,"column":22},"end":{"line":16,"column":5}},"locations":[{"start":{"line":13,"column":22},"end":{"line":16,"column":5}}]},"8":{"type":"branch","line":19,"loc":{"start":{"line":19,"column":22},"end":{"line":22,"column":13}},"locations":[{"start":{"line":19,"column":22},"end":{"line":22,"column":13}}]},"9":{"type":"branch","line":26,"loc":{"start":{"line":26,"column":4},"end":{"line":26,"column":37}},"locations":[{"start":{"line":26,"column":4},"end":{"line":26,"column":37}}]},"10":{"type":"branch","line":41,"loc":{"start":{"line":41,"column":22},"end":{"line":41,"column":50}},"locations":[{"start":{"line":41,"column":22},"end":{"line":41,"column":50}}]},"11":{"type":"branch","line":110,"loc":{"start":{"line":110,"column":0},"end":{"line":121,"column":1}},"locations":[{"start":{"line":110,"column":0},"end":{"line":121,"column":1}}]}},"b":{"0":[4],"1":[0],"2":[1],"3":[0],"4":[3],"5":[3],"6":[1],"7":[0],"8":[0],"9":[0],"10":[1],"11":[2]},"fnMap":{"0":{"name":"CertTool","decl":{"start":{"line":6,"column":7},"end":{"line":108,"column":1}},"loc":{"start":{"line":6,"column":7},"end":{"line":108,"column":1}},"line":6},"1":{"name":"parse","decl":{"start":{"line":11,"column":16},"end":{"line":27,"column":4}},"loc":{"start":{"line":11,"column":16},"end":{"line":27,"column":4}},"line":11},"2":{"name":"onChange","decl":{"start":{"line":41,"column":22},"end":{"line":41,"column":50}},"loc":{"start":{"line":41,"column":22},"end":{"line":41,"column":50}},"line":41},"3":{"name":"DetailGroup","decl":{"start":{"line":110,"column":0},"end":{"line":121,"column":1}},"loc":{"start":{"line":110,"column":0},"end":{"line":121,"column":1}},"line":110}},"f":{"0":4,"1":1,"2":1,"3":2}}
,"/home/diego/workspace/golang/privutil/web/src/components/ColorTool.tsx": {"path":"/home/diego/workspace/golang/privutil/web/src/components/ColorTool.tsx","all":false,"statementMap":{"0":{"start":{"line":1,"column":0},"end":{"line":1,"column":33}},"1":{"start":{"line":2,"column":0},"end":{"line":2,"column":56}},"2":{"start":{"line":3,"column":0},"end":{"line":3,"column":39}},"3":{"start":{"line":4,"column":0},"end":{"line":4,"column":45}},"5":{"start":{"line":6,"column":0},"end":{"line":6,"column":29}},"6":{"start":{"line":7,"column":0},"end":{"line":7,"column":48}},"7":{"start":{"line":8,"column":0},"end":{"line":8,"column":61}},"9":{"start":{"line":10,"column":0},"end":{"line":10,"column":42}},"10":{"start":{"line":11,"column":0},"end":{"line":11,"column":18}},"12":{"start":{"line":13,"column":0},"end":{"line":13,"column":72}},"13":{"start":{"line":14,"column":0},"end":{"line":14,"column":22}},"14":{"start":{"line":15,"column":0},"end":{"line":15,"column":39}},"15":{"start":{"line":16,"column":0},"end":{"line":16,"column":22}},"16":{"start":{"line":17,"column":0},"end":{"line":17,"column":5}},"17":{"start":{"line":18,"column":0},"end":{"line":18,"column":4}},"19":{"start":{"line":20,"column":0},"end":{"line":20,"column":44}},"20":{"start":{"line":21,"column":0},"end":{"line":21,"column":9}},"21":{"start":{"line":22,"column":0},"end":{"line":22,"column":106}},"22":{"start":{"line":23,"column":0},"end":{"line":23,"column":36}},"23":{"start":{"line":24,"column":0},"end":{"line":24,"column":37}},"24":{"start":{"line":25,"column":0},"end":{"line":25,"column":4}},"26":{"start":{"line":27,"column":0},"end":{"line":27,"column":10}},"27":{"start":{"line":28,"column":0},"end":{"line":28,"column":48}},"28":{"start":{"line":29,"column":0},"end":{"line":29,"column":76}},"29":{"start":{"line":30,"column":0},"end":{"line":30,"column":56}},"31":{"start":{"line":32,"column":0},"end":{"line":32,"column":11}},"33":{"start":{"line":34,"column":0},"end":{"line":34,"column":35}},"35":{"start":{"line":36,"column":0},"end":{"line":36,"column":10}},"37":{"start":{"line":38,"column":0},"end":{"line":38,"column":47}},"38":{"start":{"line":39,"column":0},"end":{"line":39,"column":15}},"39":{"start":{"line":40,"column":0},"end":{"line":40,"column":23}},"40":{"start":{"line":41,"column":0},"end":{"line":41,"column":39}},"41":{"start":{"line":42,"column":0},"end":{"line":42,"column":49}},"42":{"start":{"line":43,"column":0},"end":{"line":43,"column":82}},"43":{"start":{"line":44,"column":0},"end":{"line":44,"column":10}},"44":{"start":{"line":45,"column":0},"end":{"line":45,"column":15}},"45":{"start":{"line":46,"column":0},"end":{"line":46,"column":22}},"46":{"start":{"line":47,"column":0},"end":{"line":47,"column":24}},"47":{"start":{"line":48,"column":0},"end":{"line":48,"column":49}},"48":{"start":{"line":49,"column":0},"end":{"line":49,"column":45}},"49":{"start":{"line":50,"column":0},"end":{"line":50,"column":177}},"50":{"start":{"line":51,"column":0},"end":{"line":51,"column":10}},"51":{"start":{"line":52,"column":0},"end":{"line":52,"column":12}},"53":{"start":{"line":54,"column":0},"end":{"line":54,"column":15}},"54":{"start":{"line":55,"column":0},"end":{"line":55,"column":36}},"55":{"start":{"line":56,"column":0},"end":{"line":56,"column":66}},"56":{"start":{"line":57,"column":0},"end":{"line":57,"column":66}},"57":{"start":{"line":58,"column":0},"end":{"line":58,"column":66}},"58":{"start":{"line":59,"column":0},"end":{"line":59,"column":14}},"60":{"start":{"line":61,"column":0},"end":{"line":61,"column":10}},"62":{"start":{"line":63,"column":0},"end":{"line":63,"column":1}},"64":{"start":{"line":65,"column":0},"end":{"line":65,"column":93}},"65":{"start":{"line":66,"column":0},"end":{"line":66,"column":10}},"66":{"start":{"line":67,"column":0},"end":{"line":67,"column":151}},"67":{"start":{"line":68,"column":0},"end":{"line":68,"column":47}},"68":{"start":{"line":69,"column":0},"end":{"line":69,"column":90}},"69":{"start":{"line":70,"column":0},"end":{"line":70,"column":69}},"70":{"start":{"line":71,"column":0},"end":{"line":71,"column":12}},"71":{"start":{"line":72,"column":0},"end":{"line":72,"column":47}},"72":{"start":{"line":73,"column":0},"end":{"line":73,"column":64}},"73":{"start":{"line":74,"column":0},"end":{"line":74,"column":16}},"74":{"start":{"line":75,"column":0},"end":{"line":75,"column":62}},"75":{"start":{"line":76,"column":0},"end":{"line":76,"column":109}},"77":{"start":{"line":78,"column":0},"end":{"line":78,"column":38}},"78":{"start":{"line":79,"column":0},"end":{"line":79,"column":17}},"79":{"start":{"line":80,"column":0},"end":{"line":80,"column":12}},"80":{"start":{"line":81,"column":0},"end":{"line":81,"column":10}},"82":{"start":{"line":83,"column":0},"end":{"line":83,"column":1}}},"s":{"0":1,"1":1,"2":1,"3":1,"5":1,"6":4,"7":4,"9":4,"10":1,"12":1,"13":1,"14":1,"15":0,"16":0,"17":1,"19":4,"20":1,"21":1,"22":1,"23":1,"24":1,"26":4,"27":4,"28":4,"29":4,"31":4,"33":4,"35":4,"37":4,"38":4,"39":4,"40":4,"41":4,"42":4,"43":4,"44":4,"45":4,"46":4,"47":4,"48":4,"49":4,"50":4,"51":4,"53":4,"54":1,"55":1,"56":1,"57":1,"58":1,"60":4,"62":4,"64":3,"65":3,"66":3,"67":3,"68":3,"69":3,"70":3,"71":3,"72":3,"73":3,"74":3,"75":3,"77":3,"78":3,"79":3,"80":3,"82":3},"branchMap":{"0":{"type":"branch","line":6,"loc":{"start":{"line":6,"column":7},"end":{"line":63,"column":1}},"locations":[{"start":{"line":6,"column":7},"end":{"line":63,"column":1}}]},"1":{"type":"branch","line":41,"loc":{"start":{"line":41,"column":17},"end":{"line":41,"column":29}},"locations":[{"start":{"line":41,"column":17},"end":{"line":41,"column":29}}]},"2":{"type":"branch","line":41,"loc":{"start":{"line":41,"column":22},"end":{"line":41,"column":39}},"locations":[{"start":{"line":41,"column":22},"end":{"line":41,"column":39}}]},"3":{"type":"branch","line":54,"loc":{"start":{"line":54,"column":7},"end":{"line":59,"column":14}},"locations":[{"start":{"line":54,"column":7},"end":{"line":59,"column":14}}]},"4":{"type":"branch","line":10,"loc":{"start":{"line":10,"column":18},"end":{"line":18,"column":4}},"locations":[{"start":{"line":10,"column":18},"end":{"line":18,"column":4}}]},"5":{"type":"branch","line":15,"loc":{"start":{"line":15,"column":4},"end":{"line":17,"column":5}},"locations":[{"start":{"line":15,"column":4},"end":{"line":17,"column":5}}]},"6":{"type":"branch","line":20,"loc":{"start":{"line":20,"column":20},"end":{"line":25,"column":4}},"locations":[{"start":{"line":20,"column":20},"end":{"line":25,"column":4}}]},"7":{"type":"branch","line":24,"loc":{"start":{"line":24,"column":4},"end":{"line":24,"column":37}},"locations":[{"start":{"line":24,"column":4},"end":{"line":24,"column":37}}]},"8":{"type":"branch","line":48,"loc":{"start":{"line":48,"column":20},"end":{"line":48,"column":49}},"locations":[{"start":{"line":48,"column":20},"end":{"line":48,"column":49}}]},"9":{"type":"branch","line":65,"loc":{"start":{"line":65,"column":0},"end":{"line":83,"column":1}},"locations":[{"start":{"line":65,"column":0},"end":{"line":83,"column":1}}]}},"b":{"0":[4],"1":[1],"2":[3],"3":[1],"4":[1],"5":[0],"6":[1],"7":[0],"8":[1],"9":[3]},"fnMap":{"0":{"name":"ColorTool","decl":{"start":{"line":6,"column":7},"end":{"line":63,"column":1}},"loc":{"start":{"line":6,"column":7},"end":{"line":63,"column":1}},"line":6},"1":{"name":"convert","decl":{"start":{"line":10,"column":18},"end":{"line":18,"column":4}},"loc":{"start":{"line":10,"column":18},"end":{"line":18,"column":4}},"line":10},"2":{"name":"doConvert","decl":{"start":{"line":20,"column":20},"end":{"line":25,"column":4}},"loc":{"start":{"line":20,"column":20},"end":{"line":25,"column":4}},"line":20},"3":{"name":"onChange","decl":{"start":{"line":42,"column":20},"end":{"line":42,"column":49}},"loc":{"start":{"line":42,"column":20},"end":{"line":42,"column":49}},"line":42},"4":{"name":"onChange","decl":{"start":{"line":48,"column":20},"end":{"line":48,"column":49}},"loc":{"start":{"line":48,"column":20},"end":{"line":48,"column":49}},"line":48},"5":{"name":"ColorRow","decl":{"start":{"line":65,"column":0},"end":{"line":83,"column":1}},"loc":{"start":{"line":65,"column":0},"end":{"line":83,"column":1}},"line":65},"6":{"name":"onClick","decl":{"start":{"line":75,"column":19},"end":{"line":75,"column":62}},"loc":{"start":{"line":75,"column":19},"end":{"line":75,"column":62}},"line":75}},"f":{"0":4,"1":1,"2":1,"3":0,"4":1,"5":3,"6":0}}
,"/home/diego/workspace/golang/privutil/web/src/components/ConverterTool.tsx": {"path":"/home/diego/workspace/golang/privutil/web/src/components/ConverterTool.tsx","all":false,"statementMap":{"0":{"start":{"line":1,"column":0},"end":{"line":1,"column":33}},"1":{"start":{"line":2,"column":0},"end":{"line":2,"column":53}},"2":{"start":{"line":3,"column":0},"end":{"line":3,"column":39}},"3":{"start":{"line":4,"column":0},"end":{"line":4,"column":46}},"5":{"start":{"line":6,"column":0},"end":{"line":6,"column":33}},"6":{"start":{"line":7,"column":0},"end":{"line":7,"column":39}},"7":{"start":{"line":8,"column":0},"end":{"line":8,"column":43}},"8":{"start":{"line":9,"column":0},"end":{"line":9,"column":80}},"9":{"start":{"line":10,"column":0},"end":{"line":10,"column":80}},"10":{"start":{"line":11,"column":0},"end":{"line":11,"column":58}},"12":{"start":{"line":13,"column":0},"end":{"line":13,"column":37}},"13":{"start":{"line":14,"column":0},"end":{"line":14,"column":19}},"14":{"start":{"line":15,"column":0},"end":{"line":15,"column":9}},"15":{"start":{"line":16,"column":0},"end":{"line":16,"column":46}},"16":{"start":{"line":17,"column":0},"end":{"line":17,"column":14}},"17":{"start":{"line":18,"column":0},"end":{"line":18,"column":22}},"18":{"start":{"line":19,"column":0},"end":{"line":19,"column":21}},"19":{"start":{"line":20,"column":0},"end":{"line":20,"column":49}},"20":{"start":{"line":21,"column":0},"end":{"line":21,"column":27}},"21":{"start":{"line":22,"column":0},"end":{"line":22,"column":33}},"22":{"start":{"line":23,"column":0},"end":{"line":23,"column":14}},"23":{"start":{"line":24,"column":0},"end":{"line":24,"column":33}},"24":{"start":{"line":25,"column":0},"end":{"line":25,"column":7}},"25":{"start":{"line":26,"column":0},"end":{"line":26,"column":19}},"26":{"start":{"line":27,"column":0},"end":{"line":27,"column":25}},"27":{"start":{"line":28,"column":0},"end":{"line":28,"column":36}},"28":{"start":{"line":29,"column":0},"end":{"line":29,"column":5}},"29":{"start":{"line":30,"column":0},"end":{"line":30,"column":4}},"31":{"start":{"line":32,"column":0},"end":{"line":32,"column":46}},"32":{"start":{"line":33,"column":0},"end":{"line":33,"column":17}},"33":{"start":{"line":34,"column":0},"end":{"line":34,"column":42}},"34":{"start":{"line":35,"column":0},"end":{"line":35,"column":42}},"35":{"start":{"line":36,"column":0},"end":{"line":36,"column":40}},"36":{"start":{"line":37,"column":0},"end":{"line":37,"column":32}},"37":{"start":{"line":38,"column":0},"end":{"line":38,"column":5}},"38":{"start":{"line":39,"column":0},"end":{"line":39,"column":4}},"40":{"start":{"line":41,"column":0},"end":{"line":41,"column":10}},"41":{"start":{"line":42,"column":0},"end":{"line":42,"column":31}},"42":{"start":{"line":43,"column":0},"end":{"line":43,"column":76}},"44":{"start":{"line":45,"column":0},"end":{"line":45,"column":77}},"45":{"start":{"line":46,"column":0},"end":{"line":46,"column":49}},"46":{"start":{"line":47,"column":0},"end":{"line":47,"column":53}},"47":{"start":{"line":48,"column":0},"end":{"line":48,"column":18}},"48":{"start":{"line":49,"column":0},"end":{"line":49,"column":32}},"49":{"start":{"line":50,"column":0},"end":{"line":50,"column":71}},"50":{"start":{"line":51,"column":0},"end":{"line":51,"column":109}},"52":{"start":{"line":53,"column":0},"end":{"line":53,"column":57}},"53":{"start":{"line":54,"column":0},"end":{"line":54,"column":57}},"54":{"start":{"line":55,"column":0},"end":{"line":55,"column":55}},"55":{"start":{"line":56,"column":0},"end":{"line":56,"column":19}},"56":{"start":{"line":57,"column":0},"end":{"line":57,"column":14}},"58":{"start":{"line":59,"column":0},"end":{"line":59,"column":60}},"60":{"start":{"line":61,"column":0},"end":{"line":61,"column":49}},"61":{"start":{"line":62,"column":0},"end":{"line":62,"column":51}},"62":{"start":{"line":63,"column":0},"end":{"line":63,"column":18}},"63":{"start":{"line":64,"column":0},"end":{"line":64,"column":33}},"64":{"start":{"line":65,"column":0},"end":{"line":65,"column":72}},"65":{"start":{"line":66,"column":0},"end":{"line":66,"column":110}},"67":{"start":{"line":68,"column":0},"end":{"line":68,"column":57}},"68":{"start":{"line":69,"column":0},"end":{"line":69,"column":57}},"69":{"start":{"line":70,"column":0},"end":{"line":70,"column":55}},"70":{"start":{"line":71,"column":0},"end":{"line":71,"column":19}},"71":{"start":{"line":72,"column":0},"end":{"line":72,"column":14}},"73":{"start":{"line":74,"column":0},"end":{"line":74,"column":15}},"74":{"start":{"line":75,"column":0},"end":{"line":75,"column":33}},"75":{"start":{"line":76,"column":0},"end":{"line":76,"column":145}},"76":{"start":{"line":77,"column":0},"end":{"line":77,"column":9}},"78":{"start":{"line":79,"column":0},"end":{"line":79,"column":17}},"79":{"start":{"line":80,"column":0},"end":{"line":80,"column":12}},"81":{"start":{"line":82,"column":0},"end":{"line":82,"column":46}},"82":{"start":{"line":83,"column":0},"end":{"line":83,"column":35}},"83":{"start":{"line":84,"column":0},"end":{"line":84,"column":106}},"84":{"start":{"line":85,"column":0},"end":{"line":85,"column":19}},"85":{"start":{"line":86,"column":0},"end":{"line":86,"column":177}},"86":{"start":{"line":87,"column":0},"end":{"line":87,"column":24}},"87":{"start":{"line":88,"column":0},"end":{"line":88,"column":53}},"88":{"start":{"line":89,"column":0},"end":{"line":89,"column":72}},"89":{"start":{"line":90,"column":0},"end":{"line":90,"column":12}},"90":{"start":{"line":91,"column":0},"end":{"line":91,"column":14}},"92":{"start":{"line":93,"column":0},"end":{"line":93,"column":35}},"93":{"start":{"line":94,"column":0},"end":{"line":94,"column":108}},"94":{"start":{"line":95,"column":0},"end":{"line":95,"column":21}},"95":{"start":{"line":96,"column":0},"end":{"line":96,"column":133}},"96":{"start":{"line":97,"column":0},"end":{"line":97,"column":23}},"97":{"start":{"line":98,"column":0},"end":{"line":98,"column":20}},"99":{"start":{"line":100,"column":0},"end":{"line":100,"column":22}},"100":{"start":{"line":101,"column":0},"end":{"line":101,"column":23}},"101":{"start":{"line":102,"column":0},"end":{"line":102,"column":144}},"102":{"start":{"line":103,"column":0},"end":{"line":103,"column":29}},"103":{"start":{"line":104,"column":0},"end":{"line":104,"column":15}},"105":{"start":{"line":106,"column":0},"end":{"line":106,"column":14}},"106":{"start":{"line":107,"column":0},"end":{"line":107,"column":12}},"107":{"start":{"line":108,"column":0},"end":{"line":108,"column":10}},"109":{"start":{"line":110,"column":0},"end":{"line":110,"column":1}}},"s":{"0":1,"1":1,"2":1,"3":1,"5":1,"6":6,"7":6,"8":6,"9":6,"10":6,"12":6,"13":1,"14":1,"15":1,"16":1,"17":1,"18":1,"19":1,"20":1,"21":0,"22":1,"23":1,"24":1,"25":1,"26":0,"27":0,"28":0,"29":1,"31":6,"32":18,"33":18,"34":18,"35":18,"36":18,"37":18,"38":18,"40":6,"41":6,"42":6,"44":6,"45":6,"46":6,"47":6,"48":6,"49":6,"50":6,"52":6,"53":6,"54":6,"55":6,"56":6,"58":6,"60":6,"61":6,"62":6,"63":6,"64":6,"65":6,"67":6,"68":6,"69":6,"70":6,"71":6,"73":6,"74":6,"75":6,"76":6,"78":6,"79":6,"81":6,"82":6,"83":6,"84":6,"85":6,"86":6,"87":6,"88":6,"89":6,"90":6,"92":6,"93":6,"94":6,"95":0,"96":0,"97":0,"99":6,"100":6,"101":6,"102":6,"103":6,"105":6,"106":6,"107":6,"109":6},"branchMap":{"0":{"type":"branch","line":6,"loc":{"start":{"line":6,"column":7},"end":{"line":110,"column":1}},"locations":[{"start":{"line":6,"column":7},"end":{"line":110,"column":1}}]},"1":{"type":"branch","line":95,"loc":{"start":{"line":95,"column":12},"end":{"line":98,"column":20}},"locations":[{"start":{"line":95,"column":12},"end":{"line":98,"column":20}}]},"2":{"type":"branch","line":13,"loc":{"start":{"line":13,"column":24},"end":{"line":30,"column":4}},"locations":[{"start":{"line":13,"column":24},"end":{"line":30,"column":4}}]},"3":{"type":"branch","line":21,"loc":{"start":{"line":21,"column":26},"end":{"line":23,"column":13}},"locations":[{"start":{"line":21,"column":26},"end":{"line":23,"column":13}}]},"4":{"type":"branch","line":26,"loc":{"start":{"line":26,"column":4},"end":{"line":29,"column":5}},"locations":[{"start":{"line":26,"column":4},"end":{"line":29,"column":5}}]},"5":{"type":"branch","line":32,"loc":{"start":{"line":32,"column":24},"end":{"line":39,"column":4}},"locations":[{"start":{"line":32,"column":24},"end":{"line":39,"column":4}}]},"6":{"type":"branch","line":34,"loc":{"start":{"line":34,"column":6},"end":{"line":34,"column":42}},"locations":[{"start":{"line":34,"column":6},"end":{"line":34,"column":42}}]},"7":{"type":"branch","line":35,"loc":{"start":{"line":35,"column":6},"end":{"line":35,"column":42}},"locations":[{"start":{"line":35,"column":6},"end":{"line":35,"column":42}}]},"8":{"type":"branch","line":36,"loc":{"start":{"line":36,"column":6},"end":{"line":36,"column":40}},"locations":[{"start":{"line":36,"column":6},"end":{"line":36,"column":40}}]},"9":{"type":"branch","line":37,"loc":{"start":{"line":37,"column":6},"end":{"line":37,"column":32}},"locations":[{"start":{"line":37,"column":6},"end":{"line":37,"column":32}}]},"10":{"type":"branch","line":65,"loc":{"start":{"line":65,"column":23},"end":{"line":65,"column":72}},"locations":[{"start":{"line":65,"column":23},"end":{"line":65,"column":72}}]},"11":{"type":"branch","line":88,"loc":{"start":{"line":88,"column":22},"end":{"line":88,"column":53}},"locations":[{"start":{"line":88,"column":22},"end":{"line":88,"column":53}}]}},"b":{"0":[6],"1":[0],"2":[1],"3":[0],"4":[0],"5":[18],"6":[12],"7":[6],"8":[0],"9":[0],"10":[1],"11":[1]},"fnMap":{"0":{"name":"ConverterTool","decl":{"start":{"line":6,"column":7},"end":{"line":110,"column":1}},"loc":{"start":{"line":6,"column":7},"end":{"line":110,"column":1}},"line":6},"1":{"name":"handleConvert","decl":{"start":{"line":13,"column":24},"end":{"line":30,"column":4}},"loc":{"start":{"line":13,"column":24},"end":{"line":30,"column":4}},"line":13},"2":{"name":"getFormatName","decl":{"start":{"line":32,"column":24},"end":{"line":39,"column":4}},"loc":{"start":{"line":32,"column":24},"end":{"line":39,"column":4}},"line":32},"3":{"name":"onChange","decl":{"start":{"line":50,"column":22},"end":{"line":50,"column":71}},"loc":{"start":{"line":50,"column":22},"end":{"line":50,"column":71}},"line":50},"4":{"name":"onChange","decl":{"start":{"line":65,"column":23},"end":{"line":65,"column":72}},"loc":{"start":{"line":65,"column":23},"end":{"line":65,"column":72}},"line":65},"5":{"name":"onChange","decl":{"start":{"line":88,"column":22},"end":{"line":88,"column":53}},"loc":{"start":{"line":88,"column":22},"end":{"line":88,"column":53}},"line":88}},"f":{"0":6,"1":1,"2":18,"3":0,"4":1,"5":1}}
,"/home/diego/workspace/golang/privutil/web/src/components/CronTool.tsx": {"path":"/home/diego/workspace/golang/privutil/web/src/components/CronTool.tsx","all":false,"statementMap":{"0":{"start":{"line":1,"column":0},"end":{"line":1,"column":44}},"1":{"start":{"line":2,"column":0},"end":{"line":2,"column":39}},"2":{"start":{"line":3,"column":0},"end":{"line":3,"column":37}},"4":{"start":{"line":5,"column":0},"end":{"line":5,"column":28}},"5":{"start":{"line":6,"column":0},"end":{"line":6,"column":50}},"6":{"start":{"line":7,"column":0},"end":{"line":7,"column":94}},"8":{"start":{"line":9,"column":0},"end":{"line":9,"column":19}},"9":{"start":{"line":10,"column":0},"end":{"line":10,"column":42}},"10":{"start":{"line":11,"column":0},"end":{"line":11,"column":24}},"11":{"start":{"line":12,"column":0},"end":{"line":12,"column":11}},"12":{"start":{"line":13,"column":0},"end":{"line":13,"column":112}},"13":{"start":{"line":14,"column":0},"end":{"line":14,"column":17}},"14":{"start":{"line":15,"column":0},"end":{"line":15,"column":34}},"15":{"start":{"line":16,"column":0},"end":{"line":16,"column":59}},"16":{"start":{"line":17,"column":0},"end":{"line":17,"column":28}},"17":{"start":{"line":18,"column":0},"end":{"line":18,"column":11}},"18":{"start":{"line":19,"column":0},"end":{"line":19,"column":39}},"19":{"start":{"line":20,"column":0},"end":{"line":20,"column":12}},"20":{"start":{"line":21,"column":0},"end":{"line":21,"column":37}},"21":{"start":{"line":22,"column":0},"end":{"line":22,"column":13}},"23":{"start":{"line":24,"column":0},"end":{"line":24,"column":10}},"24":{"start":{"line":25,"column":0},"end":{"line":25,"column":49}},"25":{"start":{"line":26,"column":0},"end":{"line":26,"column":76}},"26":{"start":{"line":27,"column":0},"end":{"line":27,"column":53}},"28":{"start":{"line":29,"column":0},"end":{"line":29,"column":11}},"30":{"start":{"line":31,"column":0},"end":{"line":31,"column":33}},"31":{"start":{"line":32,"column":0},"end":{"line":32,"column":72}},"32":{"start":{"line":33,"column":0},"end":{"line":33,"column":15}},"33":{"start":{"line":34,"column":0},"end":{"line":34,"column":22}},"34":{"start":{"line":35,"column":0},"end":{"line":35,"column":22}},"35":{"start":{"line":36,"column":0},"end":{"line":36,"column":49}},"36":{"start":{"line":37,"column":0},"end":{"line":37,"column":33}},"37":{"start":{"line":38,"column":0},"end":{"line":38,"column":166}},"38":{"start":{"line":39,"column":0},"end":{"line":39,"column":10}},"39":{"start":{"line":40,"column":0},"end":{"line":40,"column":97}},"40":{"start":{"line":41,"column":0},"end":{"line":41,"column":100}},"41":{"start":{"line":42,"column":0},"end":{"line":42,"column":98}},"42":{"start":{"line":43,"column":0},"end":{"line":43,"column":97}},"43":{"start":{"line":44,"column":0},"end":{"line":44,"column":99}},"44":{"start":{"line":45,"column":0},"end":{"line":45,"column":102}},"45":{"start":{"line":46,"column":0},"end":{"line":46,"column":14}},"46":{"start":{"line":47,"column":0},"end":{"line":47,"column":12}},"48":{"start":{"line":49,"column":0},"end":{"line":49,"column":15}},"49":{"start":{"line":50,"column":0},"end":{"line":50,"column":127}},"50":{"start":{"line":51,"column":0},"end":{"line":51,"column":24}},"51":{"start":{"line":52,"column":0},"end":{"line":52,"column":59}},"53":{"start":{"line":54,"column":0},"end":{"line":54,"column":39}},"54":{"start":{"line":55,"column":0},"end":{"line":55,"column":19}},"55":{"start":{"line":56,"column":0},"end":{"line":56,"column":103}},"56":{"start":{"line":57,"column":0},"end":{"line":57,"column":84}},"57":{"start":{"line":58,"column":0},"end":{"line":58,"column":20}},"59":{"start":{"line":60,"column":0},"end":{"line":60,"column":19}},"60":{"start":{"line":61,"column":0},"end":{"line":61,"column":103}},"61":{"start":{"line":62,"column":0},"end":{"line":62,"column":75}},"62":{"start":{"line":63,"column":0},"end":{"line":63,"column":43}},"63":{"start":{"line":64,"column":0},"end":{"line":64,"column":99}},"64":{"start":{"line":65,"column":0},"end":{"line":65,"column":71}},"65":{"start":{"line":66,"column":0},"end":{"line":66,"column":38}},"66":{"start":{"line":67,"column":0},"end":{"line":67,"column":26}},"67":{"start":{"line":68,"column":0},"end":{"line":68,"column":21}},"68":{"start":{"line":69,"column":0},"end":{"line":69,"column":22}},"69":{"start":{"line":70,"column":0},"end":{"line":70,"column":20}},"70":{"start":{"line":71,"column":0},"end":{"line":71,"column":18}},"72":{"start":{"line":73,"column":0},"end":{"line":73,"column":14}},"74":{"start":{"line":75,"column":0},"end":{"line":75,"column":10}},"76":{"start":{"line":77,"column":0},"end":{"line":77,"column":1}}},"s":{"0":1,"1":1,"2":1,"4":1,"5":3,"6":3,"8":3,"9":2,"10":1,"11":1,"12":1,"13":1,"14":1,"15":1,"16":1,"17":1,"18":1,"19":2,"20":2,"21":3,"23":3,"24":3,"25":3,"26":3,"28":3,"30":3,"31":3,"32":3,"33":3,"34":3,"35":3,"36":3,"37":3,"38":3,"39":3,"40":3,"41":3,"42":3,"43":3,"44":3,"45":3,"46":3,"48":3,"49":1,"50":1,"51":0,"53":1,"54":1,"55":1,"56":1,"57":1,"59":1,"60":1,"61":1,"62":1,"63":2,"64":2,"65":2,"66":2,"67":1,"68":1,"69":1,"70":1,"72":1,"74":3,"76":3},"branchMap":{"0":{"type":"branch","line":5,"loc":{"start":{"line":5,"column":7},"end":{"line":77,"column":1}},"locations":[{"start":{"line":5,"column":7},"end":{"line":77,"column":1}}]},"1":{"type":"branch","line":49,"loc":{"start":{"line":49,"column":7},"end":{"line":73,"column":14}},"locations":[{"start":{"line":49,"column":7},"end":{"line":73,"column":14}}]},"2":{"type":"branch","line":50,"loc":{"start":{"line":50,"column":53},"end":{"line":50,"column":94}},"locations":[{"start":{"line":50,"column":53},"end":{"line":50,"column":94}}]},"3":{"type":"branch","line":51,"loc":{"start":{"line":51,"column":15},"end":{"line":52,"column":59}},"locations":[{"start":{"line":51,"column":15},"end":{"line":52,"column":59}}]},"4":{"type":"branch","line":9,"loc":{"start":{"line":9,"column":12},"end":{"line":22,"column":5}},"locations":[{"start":{"line":9,"column":12},"end":{"line":22,"column":5}}]},"5":{"type":"branch","line":10,"loc":{"start":{"line":10,"column":29},"end":{"line":20,"column":7}},"locations":[{"start":{"line":10,"column":29},"end":{"line":20,"column":7}}]},"6":{"type":"branch","line":11,"loc":{"start":{"line":11,"column":17},"end":{"line":11,"column":24}},"locations":[{"start":{"line":11,"column":17},"end":{"line":11,"column":24}}]},"7":{"type":"branch","line":19,"loc":{"start":{"line":19,"column":6},"end":{"line":19,"column":39}},"locations":[{"start":{"line":19,"column":6},"end":{"line":19,"column":39}}]},"8":{"type":"branch","line":21,"loc":{"start":{"line":21,"column":11},"end":{"line":21,"column":37}},"locations":[{"start":{"line":21,"column":11},"end":{"line":21,"column":37}}]},"9":{"type":"branch","line":63,"loc":{"start":{"line":63,"column":32},"end":{"line":67,"column":26}},"locations":[{"start":{"line":63,"column":32},"end":{"line":67,"column":26}}]}},"b":{"0":[3],"1":[1],"2":[0],"3":[0],"4":[2],"5":[1],"6":[0],"7":[0],"8":[2],"9":[2]},"fnMap":{"0":{"name":"CronTool","decl":{"start":{"line":5,"column":7},"end":{"line":77,"column":1}},"loc":{"start":{"line":5,"column":7},"end":{"line":77,"column":1}},"line":5},"1":{"name":"onChange","decl":{"start":{"line":36,"column":20},"end":{"line":36,"column":49}},"loc":{"start":{"line":36,"column":20},"end":{"line":36,"column":49}},"line":36}},"f":{"0":3,"1":0}}
,"/home/diego/workspace/golang/privutil/web/src/components/Dashboard.tsx": {"path":"/home/diego/workspace/golang/privutil/web/src/components/Dashboard.tsx","all":false,"statementMap":{"0":{"start":{"line":1,"column":0},"end":{"line":1,"column":33}},"1":{"start":{"line":2,"column":0},"end":{"line":2,"column":40}},"2":{"start":{"line":3,"column":0},"end":{"line":3,"column":38}},"3":{"start":{"line":4,"column":0},"end":{"line":4,"column":38}},"5":{"start":{"line":6,"column":0},"end":{"line":6,"column":29}},"6":{"start":{"line":7,"column":0},"end":{"line":7,"column":39}},"8":{"start":{"line":9,"column":0},"end":{"line":9,"column":43}},"9":{"start":{"line":10,"column":0},"end":{"line":10,"column":54}},"10":{"start":{"line":11,"column":0},"end":{"line":11,"column":62}},"11":{"start":{"line":12,"column":0},"end":{"line":12,"column":65}},"13":{"start":{"line":14,"column":0},"end":{"line":14,"column":4}},"15":{"start":{"line":16,"column":0},"end":{"line":16,"column":10}},"16":{"start":{"line":17,"column":0},"end":{"line":17,"column":31}},"17":{"start":{"line":18,"column":0},"end":{"line":18,"column":79}},"18":{"start":{"line":19,"column":0},"end":{"line":19,"column":116}},"20":{"start":{"line":21,"column":0},"end":{"line":21,"column":13}},"21":{"start":{"line":22,"column":0},"end":{"line":22,"column":66}},"23":{"start":{"line":24,"column":0},"end":{"line":24,"column":12}},"25":{"start":{"line":26,"column":0},"end":{"line":26,"column":63}},"26":{"start":{"line":27,"column":0},"end":{"line":27,"column":116}},"27":{"start":{"line":28,"column":0},"end":{"line":28,"column":17}},"28":{"start":{"line":29,"column":0},"end":{"line":29,"column":24}},"29":{"start":{"line":30,"column":0},"end":{"line":30,"column":24}},"30":{"start":{"line":31,"column":0},"end":{"line":31,"column":51}},"31":{"start":{"line":32,"column":0},"end":{"line":32,"column":41}},"32":{"start":{"line":33,"column":0},"end":{"line":33,"column":292}},"33":{"start":{"line":34,"column":0},"end":{"line":34,"column":21}},"34":{"start":{"line":35,"column":0},"end":{"line":35,"column":12}},"35":{"start":{"line":36,"column":0},"end":{"line":36,"column":14}},"36":{"start":{"line":37,"column":0},"end":{"line":37,"column":12}},"38":{"start":{"line":39,"column":0},"end":{"line":39,"column":97}},"39":{"start":{"line":40,"column":0},"end":{"line":40,"column":33}},"40":{"start":{"line":41,"column":0},"end":{"line":41,"column":33}},"41":{"start":{"line":42,"column":0},"end":{"line":42,"column":18}},"42":{"start":{"line":43,"column":0},"end":{"line":43,"column":18}},"43":{"start":{"line":44,"column":0},"end":{"line":44,"column":30}},"44":{"start":{"line":45,"column":0},"end":{"line":45,"column":28}},"45":{"start":{"line":46,"column":0},"end":{"line":46,"column":269}},"47":{"start":{"line":48,"column":0},"end":{"line":48,"column":60}},"48":{"start":{"line":49,"column":0},"end":{"line":49,"column":186}},"49":{"start":{"line":50,"column":0},"end":{"line":50,"column":46}},"50":{"start":{"line":51,"column":0},"end":{"line":51,"column":22}},"51":{"start":{"line":52,"column":0},"end":{"line":52,"column":146}},"52":{"start":{"line":53,"column":0},"end":{"line":53,"column":29}},"53":{"start":{"line":54,"column":0},"end":{"line":54,"column":21}},"54":{"start":{"line":55,"column":0},"end":{"line":55,"column":20}},"55":{"start":{"line":56,"column":0},"end":{"line":56,"column":88}},"56":{"start":{"line":57,"column":0},"end":{"line":57,"column":34}},"57":{"start":{"line":58,"column":0},"end":{"line":58,"column":18}},"58":{"start":{"line":59,"column":0},"end":{"line":59,"column":19}},"60":{"start":{"line":61,"column":0},"end":{"line":61,"column":11}},"61":{"start":{"line":62,"column":0},"end":{"line":62,"column":12}},"63":{"start":{"line":64,"column":0},"end":{"line":64,"column":33}},"64":{"start":{"line":65,"column":0},"end":{"line":65,"column":78}},"65":{"start":{"line":66,"column":0},"end":{"line":66,"column":42}},"66":{"start":{"line":67,"column":0},"end":{"line":67,"column":14}},"68":{"start":{"line":69,"column":0},"end":{"line":69,"column":10}},"70":{"start":{"line":71,"column":0},"end":{"line":71,"column":1}}},"s":{"0":1,"1":1,"2":1,"3":1,"5":1,"6":9,"8":9,"9":162,"10":153,"11":33,"13":9,"15":9,"16":9,"17":9,"18":9,"20":9,"21":9,"23":9,"25":9,"26":9,"27":9,"28":9,"29":9,"30":9,"31":9,"32":9,"33":9,"34":9,"35":9,"36":9,"38":9,"39":9,"40":122,"41":122,"42":122,"43":122,"44":122,"45":122,"47":122,"48":122,"49":122,"50":122,"51":122,"52":122,"53":122,"54":122,"55":122,"56":122,"57":122,"58":122,"60":9,"61":9,"63":9,"64":1,"65":1,"66":1,"68":9,"70":9},"branchMap":{"0":{"type":"branch","line":6,"loc":{"start":{"line":6,"column":7},"end":{"line":71,"column":1}},"locations":[{"start":{"line":6,"column":7},"end":{"line":71,"column":1}}]},"1":{"type":"branch","line":64,"loc":{"start":{"line":64,"column":27},"end":{"line":67,"column":14}},"locations":[{"start":{"line":64,"column":27},"end":{"line":67,"column":14}}]},"2":{"type":"branch","line":9,"loc":{"start":{"line":9,"column":35},"end":{"line":12,"column":65}},"locations":[{"start":{"line":9,"column":35},"end":{"line":12,"column":65}}]},"3":{"type":"branch","line":10,"loc":{"start":{"line":10,"column":18},"end":{"line":12,"column":65}},"locations":[{"start":{"line":10,"column":18},"end":{"line":12,"column":65}}]},"4":{"type":"branch","line":11,"loc":{"start":{"line":11,"column":57},"end":{"line":12,"column":65}},"locations":[{"start":{"line":11,"column":57},"end":{"line":12,"column":65}}]},"5":{"type":"branch","line":31,"loc":{"start":{"line":31,"column":22},"end":{"line":31,"column":51}},"locations":[{"start":{"line":31,"column":22},"end":{"line":31,"column":51}}]},"6":{"type":"branch","line":40,"loc":{"start":{"line":40,"column":22},"end":{"line":61,"column":9}},"locations":[{"start":{"line":40,"column":22},"end":{"line":61,"column":9}}]}},"b":{"0":[9],"1":[1],"2":[162],"3":[153],"4":[33],"5":[2],"6":[122]},"fnMap":{"0":{"name":"Dashboard","decl":{"start":{"line":6,"column":7},"end":{"line":71,"column":1}},"loc":{"start":{"line":6,"column":7},"end":{"line":71,"column":1}},"line":6},"1":{"name":"onChange","decl":{"start":{"line":31,"column":22},"end":{"line":31,"column":51}},"loc":{"start":{"line":31,"column":22},"end":{"line":31,"column":51}},"line":31}},"f":{"0":9,"1":2}}
,"/home/diego/workspace/golang/privutil/web/src/components/DevTools.tsx": {"path":"/home/diego/workspace/golang/privutil/web/src/components/DevTools.tsx","all":false,"statementMap":{"0":{"start":{"line":1,"column":0},"end":{"line":1,"column":33}},"1":{"start":{"line":2,"column":0},"end":{"line":2,"column":39}},"2":{"start":{"line":3,"column":0},"end":{"line":3,"column":56}},"4":{"start":{"line":5,"column":0},"end":{"line":5,"column":28}},"5":{"start":{"line":6,"column":0},"end":{"line":6,"column":81}},"7":{"start":{"line":8,"column":0},"end":{"line":8,"column":10}},"8":{"start":{"line":9,"column":0},"end":{"line":9,"column":31}},"9":{"start":{"line":10,"column":0},"end":{"line":10,"column":76}},"11":{"start":{"line":12,"column":0},"end":{"line":12,"column":59}},"12":{"start":{"line":13,"column":0},"end":{"line":13,"column":212}},"14":{"start":{"line":15,"column":0},"end":{"line":15,"column":17}},"15":{"start":{"line":16,"column":0},"end":{"line":16,"column":216}},"17":{"start":{"line":18,"column":0},"end":{"line":18,"column":17}},"18":{"start":{"line":19,"column":0},"end":{"line":19,"column":220}},"20":{"start":{"line":21,"column":0},"end":{"line":21,"column":17}},"21":{"start":{"line":22,"column":0},"end":{"line":22,"column":12}},"23":{"start":{"line":24,"column":0},"end":{"line":24,"column":73}},"24":{"start":{"line":25,"column":0},"end":{"line":25,"column":48}},"25":{"start":{"line":26,"column":0},"end":{"line":26,"column":50}},"26":{"start":{"line":27,"column":0},"end":{"line":27,"column":49}},"27":{"start":{"line":28,"column":0},"end":{"line":28,"column":12}},"28":{"start":{"line":29,"column":0},"end":{"line":29,"column":10}},"30":{"start":{"line":31,"column":0},"end":{"line":31,"column":1}},"32":{"start":{"line":33,"column":0},"end":{"line":33,"column":24}},"33":{"start":{"line":34,"column":0},"end":{"line":34,"column":41}},"34":{"start":{"line":35,"column":0},"end":{"line":35,"column":97}},"36":{"start":{"line":37,"column":0},"end":{"line":37,"column":39}},"37":{"start":{"line":38,"column":0},"end":{"line":38,"column":16}},"38":{"start":{"line":39,"column":0},"end":{"line":39,"column":9}},"39":{"start":{"line":40,"column":0},"end":{"line":40,"column":98}},"40":{"start":{"line":41,"column":0},"end":{"line":41,"column":80}},"41":{"start":{"line":42,"column":0},"end":{"line":42,"column":37}},"42":{"start":{"line":43,"column":0},"end":{"line":43,"column":4}},"44":{"start":{"line":45,"column":0},"end":{"line":45,"column":10}},"45":{"start":{"line":46,"column":0},"end":{"line":46,"column":31}},"46":{"start":{"line":47,"column":0},"end":{"line":47,"column":66}},"47":{"start":{"line":48,"column":0},"end":{"line":48,"column":50}},"48":{"start":{"line":49,"column":0},"end":{"line":49,"column":12}},"49":{"start":{"line":50,"column":0},"end":{"line":50,"column":16}},"50":{"start":{"line":51,"column":0},"end":{"line":51,"column":22}},"51":{"start":{"line":52,"column":0},"end":{"line":52,"column":47}},"52":{"start":{"line":53,"column":0},"end":{"line":53,"column":40}},"53":{"start":{"line":54,"column":0},"end":{"line":54,"column":149}},"54":{"start":{"line":55,"column":0},"end":{"line":55,"column":8}},"55":{"start":{"line":56,"column":0},"end":{"line":56,"column":21}},"56":{"start":{"line":57,"column":0},"end":{"line":57,"column":81}},"58":{"start":{"line":59,"column":0},"end":{"line":59,"column":48}},"59":{"start":{"line":60,"column":0},"end":{"line":60,"column":15}},"60":{"start":{"line":61,"column":0},"end":{"line":61,"column":87}},"61":{"start":{"line":62,"column":0},"end":{"line":62,"column":129}},"62":{"start":{"line":63,"column":0},"end":{"line":63,"column":16}},"63":{"start":{"line":64,"column":0},"end":{"line":64,"column":15}},"64":{"start":{"line":65,"column":0},"end":{"line":65,"column":88}},"65":{"start":{"line":66,"column":0},"end":{"line":66,"column":129}},"66":{"start":{"line":67,"column":0},"end":{"line":67,"column":16}},"67":{"start":{"line":68,"column":0},"end":{"line":68,"column":14}},"69":{"start":{"line":70,"column":0},"end":{"line":70,"column":10}},"71":{"start":{"line":72,"column":0},"end":{"line":72,"column":1}},"73":{"start":{"line":74,"column":0},"end":{"line":74,"column":24}},"74":{"start":{"line":75,"column":0},"end":{"line":75,"column":45}},"75":{"start":{"line":76,"column":0},"end":{"line":76,"column":39}},"76":{"start":{"line":77,"column":0},"end":{"line":77,"column":55}},"77":{"start":{"line":78,"column":0},"end":{"line":78,"column":41}},"79":{"start":{"line":80,"column":0},"end":{"line":80,"column":28}},"80":{"start":{"line":81,"column":0},"end":{"line":81,"column":9}},"81":{"start":{"line":82,"column":0},"end":{"line":82,"column":103}},"82":{"start":{"line":83,"column":0},"end":{"line":83,"column":43}},"83":{"start":{"line":84,"column":0},"end":{"line":84,"column":12}},"84":{"start":{"line":85,"column":0},"end":{"line":85,"column":21}},"85":{"start":{"line":86,"column":0},"end":{"line":86,"column":33}},"86":{"start":{"line":87,"column":0},"end":{"line":87,"column":7}},"87":{"start":{"line":88,"column":0},"end":{"line":88,"column":37}},"88":{"start":{"line":89,"column":0},"end":{"line":89,"column":4}},"90":{"start":{"line":91,"column":0},"end":{"line":91,"column":10}},"91":{"start":{"line":92,"column":0},"end":{"line":92,"column":31}},"92":{"start":{"line":93,"column":0},"end":{"line":93,"column":66}},"93":{"start":{"line":94,"column":0},"end":{"line":94,"column":51}},"94":{"start":{"line":95,"column":0},"end":{"line":95,"column":12}},"95":{"start":{"line":96,"column":0},"end":{"line":96,"column":13}},"96":{"start":{"line":97,"column":0},"end":{"line":97,"column":20}},"97":{"start":{"line":98,"column":0},"end":{"line":98,"column":23}},"98":{"start":{"line":99,"column":0},"end":{"line":99,"column":50}},"99":{"start":{"line":100,"column":0},"end":{"line":100,"column":35}},"100":{"start":{"line":101,"column":0},"end":{"line":101,"column":100}},"101":{"start":{"line":102,"column":0},"end":{"line":102,"column":8}},"102":{"start":{"line":103,"column":0},"end":{"line":103,"column":34}},"103":{"start":{"line":104,"column":0},"end":{"line":104,"column":18}},"104":{"start":{"line":105,"column":0},"end":{"line":105,"column":23}},"105":{"start":{"line":106,"column":0},"end":{"line":106,"column":50}},"106":{"start":{"line":107,"column":0},"end":{"line":107,"column":39}},"107":{"start":{"line":108,"column":0},"end":{"line":108,"column":129}},"108":{"start":{"line":109,"column":0},"end":{"line":109,"column":10}},"109":{"start":{"line":110,"column":0},"end":{"line":110,"column":116}},"110":{"start":{"line":111,"column":0},"end":{"line":111,"column":20}},"111":{"start":{"line":112,"column":0},"end":{"line":112,"column":57}},"113":{"start":{"line":114,"column":0},"end":{"line":114,"column":39}},"114":{"start":{"line":115,"column":0},"end":{"line":115,"column":86}},"115":{"start":{"line":116,"column":0},"end":{"line":116,"column":38}},"116":{"start":{"line":117,"column":0},"end":{"line":117,"column":120}},"117":{"start":{"line":118,"column":0},"end":{"line":118,"column":17}},"118":{"start":{"line":119,"column":0},"end":{"line":119,"column":18}},"120":{"start":{"line":121,"column":0},"end":{"line":121,"column":14}},"121":{"start":{"line":122,"column":0},"end":{"line":122,"column":12}},"122":{"start":{"line":123,"column":0},"end":{"line":123,"column":119}},"123":{"start":{"line":124,"column":0},"end":{"line":124,"column":10}},"125":{"start":{"line":126,"column":0},"end":{"line":126,"column":1}},"127":{"start":{"line":128,"column":0},"end":{"line":128,"column":21}},"128":{"start":{"line":129,"column":0},"end":{"line":129,"column":39}},"129":{"start":{"line":130,"column":0},"end":{"line":130,"column":43}},"130":{"start":{"line":131,"column":0},"end":{"line":131,"column":41}},"132":{"start":{"line":133,"column":0},"end":{"line":133,"column":31}},"133":{"start":{"line":134,"column":0},"end":{"line":134,"column":9}},"134":{"start":{"line":135,"column":0},"end":{"line":135,"column":121}},"135":{"start":{"line":136,"column":0},"end":{"line":136,"column":43}},"136":{"start":{"line":137,"column":0},"end":{"line":137,"column":12}},"137":{"start":{"line":138,"column":0},"end":{"line":138,"column":21}},"138":{"start":{"line":139,"column":0},"end":{"line":139,"column":31}},"139":{"start":{"line":140,"column":0},"end":{"line":140,"column":7}},"140":{"start":{"line":141,"column":0},"end":{"line":141,"column":37}},"141":{"start":{"line":142,"column":0},"end":{"line":142,"column":4}},"143":{"start":{"line":144,"column":0},"end":{"line":144,"column":10}},"144":{"start":{"line":145,"column":0},"end":{"line":145,"column":31}},"145":{"start":{"line":146,"column":0},"end":{"line":146,"column":66}},"146":{"start":{"line":147,"column":0},"end":{"line":147,"column":55}},"147":{"start":{"line":148,"column":0},"end":{"line":148,"column":12}},"148":{"start":{"line":149,"column":0},"end":{"line":149,"column":46}},"149":{"start":{"line":150,"column":0},"end":{"line":150,"column":18}},"150":{"start":{"line":151,"column":0},"end":{"line":151,"column":23}},"151":{"start":{"line":152,"column":0},"end":{"line":152,"column":50}},"152":{"start":{"line":153,"column":0},"end":{"line":153,"column":41}},"153":{"start":{"line":154,"column":0},"end":{"line":154,"column":129}},"154":{"start":{"line":155,"column":0},"end":{"line":155,"column":10}},"155":{"start":{"line":156,"column":0},"end":{"line":156,"column":34}},"156":{"start":{"line":157,"column":0},"end":{"line":157,"column":20}},"157":{"start":{"line":158,"column":0},"end":{"line":158,"column":21}},"158":{"start":{"line":159,"column":0},"end":{"line":159,"column":36}},"159":{"start":{"line":160,"column":0},"end":{"line":160,"column":178}},"160":{"start":{"line":161,"column":0},"end":{"line":161,"column":12}},"161":{"start":{"line":162,"column":0},"end":{"line":162,"column":14}},"162":{"start":{"line":163,"column":0},"end":{"line":163,"column":12}},"163":{"start":{"line":164,"column":0},"end":{"line":164,"column":119}},"164":{"start":{"line":165,"column":0},"end":{"line":165,"column":10}},"166":{"start":{"line":167,"column":0},"end":{"line":167,"column":1}}},"s":{"0":1,"1":1,"2":1,"4":1,"5":4,"7":4,"8":4,"9":4,"11":4,"12":4,"14":4,"15":4,"17":4,"18":4,"20":4,"21":4,"23":4,"24":4,"25":4,"26":4,"27":4,"28":4,"30":4,"32":5,"33":5,"34":5,"36":5,"37":1,"38":1,"39":1,"40":1,"41":1,"42":1,"44":5,"45":5,"46":5,"47":5,"48":5,"49":5,"50":5,"51":5,"52":5,"53":5,"54":5,"55":5,"56":0,"58":5,"59":5,"60":5,"61":5,"62":5,"63":5,"64":5,"65":5,"66":5,"67":5,"69":5,"71":5,"73":4,"74":4,"75":4,"76":4,"77":4,"79":4,"80":1,"81":1,"82":1,"83":1,"84":1,"85":1,"86":1,"87":1,"88":1,"90":4,"91":4,"92":4,"93":4,"94":4,"95":4,"96":4,"97":4,"98":4,"99":4,"100":4,"101":4,"102":4,"103":4,"104":4,"105":4,"106":4,"107":4,"108":4,"109":4,"110":4,"111":0,"113":4,"114":4,"115":4,"116":1,"117":4,"118":4,"120":4,"121":4,"122":4,"123":4,"125":4,"127":0,"128":0,"129":0,"130":0,"132":0,"133":0,"134":0,"135":0,"136":0,"137":0,"138":0,"139":0,"140":0,"141":0,"143":0,"144":0,"145":0,"146":0,"147":0,"148":0,"149":0,"150":0,"151":0,"152":0,"153":0,"154":0,"155":0,"156":0,"157":0,"158":0,"159":0,"160":0,"161":0,"162":0,"163":0,"164":0,"166":0},"branchMap":{"0":{"type":"branch","line":5,"loc":{"start":{"line":5,"column":7},"end":{"line":31,"column":1}},"locations":[{"start":{"line":5,"column":7},"end":{"line":31,"column":1}}]},"1":{"type":"branch","line":13,"loc":{"start":{"line":13,"column":120},"end":{"line":13,"column":173}},"locations":[{"start":{"line":13,"column":120},"end":{"line":13,"column":173}}]},"2":{"type":"branch","line":13,"loc":{"start":{"line":13,"column":128},"end":{"line":13,"column":208}},"locations":[{"start":{"line":13,"column":128},"end":{"line":13,"column":208}}]},"3":{"type":"branch","line":16,"loc":{"start":{"line":16,"column":122},"end":{"line":16,"column":177}},"locations":[{"start":{"line":16,"column":122},"end":{"line":16,"column":177}}]},"4":{"type":"branch","line":16,"loc":{"start":{"line":16,"column":132},"end":{"line":16,"column":212}},"locations":[{"start":{"line":16,"column":132},"end":{"line":16,"column":212}}]},"5":{"type":"branch","line":19,"loc":{"start":{"line":19,"column":124},"end":{"line":19,"column":181}},"locations":[{"start":{"line":19,"column":124},"end":{"line":19,"column":181}}]},"6":{"type":"branch","line":25,"loc":{"start":{"line":25,"column":23},"end":{"line":25,"column":48}},"locations":[{"start":{"line":25,"column":23},"end":{"line":25,"column":48}}]},"7":{"type":"branch","line":26,"loc":{"start":{"line":26,"column":23},"end":{"line":26,"column":50}},"locations":[{"start":{"line":26,"column":23},"end":{"line":26,"column":50}}]},"8":{"type":"branch","line":27,"loc":{"start":{"line":27,"column":23},"end":{"line":27,"column":49}},"locations":[{"start":{"line":27,"column":23},"end":{"line":27,"column":49}}]},"9":{"type":"branch","line":16,"loc":{"start":{"line":16,"column":25},"end":{"line":16,"column":54}},"locations":[{"start":{"line":16,"column":25},"end":{"line":16,"column":54}}]},"10":{"type":"branch","line":33,"loc":{"start":{"line":33,"column":0},"end":{"line":72,"column":1}},"locations":[{"start":{"line":33,"column":0},"end":{"line":72,"column":1}}]},"11":{"type":"branch","line":56,"loc":{"start":{"line":56,"column":7},"end":{"line":56,"column":21}},"locations":[{"start":{"line":56,"column":7},"end":{"line":56,"column":21}}]},"12":{"type":"branch","line":56,"loc":{"start":{"line":56,"column":12},"end":{"line":57,"column":81}},"locations":[{"start":{"line":56,"column":12},"end":{"line":57,"column":81}}]},"13":{"type":"branch","line":62,"loc":{"start":{"line":62,"column":111},"end":{"line":62,"column":123}},"locations":[{"start":{"line":62,"column":111},"end":{"line":62,"column":123}}]},"14":{"type":"branch","line":66,"loc":{"start":{"line":66,"column":110},"end":{"line":66,"column":123}},"locations":[{"start":{"line":66,"column":110},"end":{"line":66,"column":123}}]},"15":{"type":"branch","line":37,"loc":{"start":{"line":37,"column":17},"end":{"line":43,"column":4}},"locations":[{"start":{"line":37,"column":17},"end":{"line":43,"column":4}}]},"16":{"type":"branch","line":42,"loc":{"start":{"line":42,"column":4},"end":{"line":42,"column":37}},"locations":[{"start":{"line":42,"column":4},"end":{"line":42,"column":37}}]},"17":{"type":"branch","line":52,"loc":{"start":{"line":52,"column":18},"end":{"line":52,"column":47}},"locations":[{"start":{"line":52,"column":18},"end":{"line":52,"column":47}}]},"18":{"type":"branch","line":74,"loc":{"start":{"line":74,"column":0},"end":{"line":126,"column":1}},"locations":[{"start":{"line":74,"column":0},"end":{"line":126,"column":1}}]},"19":{"type":"branch","line":111,"loc":{"start":{"line":111,"column":11},"end":{"line":112,"column":57}},"locations":[{"start":{"line":111,"column":11},"end":{"line":112,"column":57}}]},"20":{"type":"branch","line":80,"loc":{"start":{"line":80,"column":15},"end":{"line":89,"column":4}},"locations":[{"start":{"line":80,"column":15},"end":{"line":89,"column":4}}]},"21":{"type":"branch","line":83,"loc":{"start":{"line":83,"column":22},"end":{"line":83,"column":43}},"locations":[{"start":{"line":83,"column":22},"end":{"line":83,"column":43}}]},"22":{"type":"branch","line":88,"loc":{"start":{"line":88,"column":4},"end":{"line":88,"column":37}},"locations":[{"start":{"line":88,"column":4},"end":{"line":88,"column":37}}]},"23":{"type":"branch","line":99,"loc":{"start":{"line":99,"column":18},"end":{"line":99,"column":50}},"locations":[{"start":{"line":99,"column":18},"end":{"line":99,"column":50}}]},"24":{"type":"branch","line":106,"loc":{"start":{"line":106,"column":20},"end":{"line":106,"column":50}},"locations":[{"start":{"line":106,"column":20},"end":{"line":106,"column":50}}]},"25":{"type":"branch","line":116,"loc":{"start":{"line":116,"column":27},"end":{"line":117,"column":120}},"locations":[{"start":{"line":116,"column":27},"end":{"line":117,"column":120}}]}},"b":{"0":[4],"1":[3],"2":[1],"3":[1],"4":[3],"5":[0],"6":[3],"7":[1],"8":[0],"9":[1],"10":[5],"11":[1],"12":[0],"13":[1],"14":[1],"15":[1],"16":[0],"17":[1],"18":[4],"19":[0],"20":[1],"21":[0],"22":[0],"23":[1],"24":[1],"25":[1]},"fnMap":{"0":{"name":"DevTools","decl":{"start":{"line":5,"column":7},"end":{"line":31,"column":1}},"loc":{"start":{"line":5,"column":7},"end":{"line":31,"column":1}},"line":5},"1":{"name":"onClick","decl":{"start":{"line":13,"column":25},"end":{"line":13,"column":52}},"loc":{"start":{"line":13,"column":25},"end":{"line":13,"column":52}},"line":13},"2":{"name":"onClick","decl":{"start":{"line":16,"column":25},"end":{"line":16,"column":54}},"loc":{"start":{"line":16,"column":25},"end":{"line":16,"column":54}},"line":16},"3":{"name":"onClick","decl":{"start":{"line":19,"column":25},"end":{"line":19,"column":56}},"loc":{"start":{"line":19,"column":25},"end":{"line":19,"column":56}},"line":19},"4":{"name":"JwtDebugger","decl":{"start":{"line":33,"column":0},"end":{"line":72,"column":1}},"loc":{"start":{"line":33,"column":0},"end":{"line":72,"column":1}},"line":33},"5":{"name":"decode","decl":{"start":{"line":37,"column":17},"end":{"line":43,"column":4}},"loc":{"start":{"line":37,"column":17},"end":{"line":43,"column":4}},"line":37},"6":{"name":"onChange","decl":{"start":{"line":52,"column":18},"end":{"line":52,"column":47}},"loc":{"start":{"line":52,"column":18},"end":{"line":52,"column":47}},"line":52},"7":{"name":"RegexTester","decl":{"start":{"line":74,"column":0},"end":{"line":126,"column":1}},"loc":{"start":{"line":74,"column":0},"end":{"line":126,"column":1}},"line":74},"8":{"name":"test","decl":{"start":{"line":80,"column":15},"end":{"line":89,"column":4}},"loc":{"start":{"line":80,"column":15},"end":{"line":89,"column":4}},"line":80},"9":{"name":"onChange","decl":{"start":{"line":99,"column":18},"end":{"line":99,"column":50}},"loc":{"start":{"line":99,"column":18},"end":{"line":99,"column":50}},"line":99},"10":{"name":"onChange","decl":{"start":{"line":106,"column":20},"end":{"line":106,"column":50}},"loc":{"start":{"line":106,"column":20},"end":{"line":106,"column":50}},"line":106},"11":{"name":"JsonToGo","decl":{"start":{"line":128,"column":0},"end":{"line":167,"column":1}},"loc":{"start":{"line":128,"column":0},"end":{"line":167,"column":1}},"line":128}},"f":{"0":4,"1":0,"2":1,"3":0,"4":5,"5":1,"6":1,"7":4,"8":1,"9":1,"10":1,"11":0}}
,"/home/diego/workspace/golang/privutil/web/src/components/DiffTool.tsx": {"path":"/home/diego/workspace/golang/privutil/web/src/components/DiffTool.tsx","all":false,"statementMap":{"0":{"start":{"line":1,"column":0},"end":{"line":1,"column":33}},"1":{"start":{"line":2,"column":0},"end":{"line":2,"column":39}},"2":{"start":{"line":3,"column":0},"end":{"line":3,"column":34}},"3":{"start":{"line":4,"column":0},"end":{"line":4,"column":46}},"5":{"start":{"line":6,"column":0},"end":{"line":6,"column":28}},"6":{"start":{"line":7,"column":0},"end":{"line":7,"column":41}},"7":{"start":{"line":8,"column":0},"end":{"line":8,"column":41}},"8":{"start":{"line":9,"column":0},"end":{"line":9,"column":64}},"9":{"start":{"line":10,"column":0},"end":{"line":10,"column":48}},"11":{"start":{"line":12,"column":0},"end":{"line":12,"column":34}},"12":{"start":{"line":13,"column":0},"end":{"line":13,"column":21}},"13":{"start":{"line":14,"column":0},"end":{"line":14,"column":9}},"14":{"start":{"line":15,"column":0},"end":{"line":15,"column":96}},"15":{"start":{"line":16,"column":0},"end":{"line":16,"column":37}},"16":{"start":{"line":17,"column":0},"end":{"line":17,"column":21}},"17":{"start":{"line":18,"column":0},"end":{"line":18,"column":51}},"18":{"start":{"line":19,"column":0},"end":{"line":19,"column":15}},"19":{"start":{"line":20,"column":0},"end":{"line":20,"column":24}},"20":{"start":{"line":21,"column":0},"end":{"line":21,"column":5}},"21":{"start":{"line":22,"column":0},"end":{"line":22,"column":4}},"23":{"start":{"line":24,"column":0},"end":{"line":24,"column":10}},"24":{"start":{"line":25,"column":0},"end":{"line":25,"column":31}},"25":{"start":{"line":26,"column":0},"end":{"line":26,"column":57}},"26":{"start":{"line":27,"column":0},"end":{"line":27,"column":70}},"27":{"start":{"line":28,"column":0},"end":{"line":28,"column":15}},"28":{"start":{"line":29,"column":0},"end":{"line":29,"column":30}},"29":{"start":{"line":30,"column":0},"end":{"line":30,"column":28}},"30":{"start":{"line":31,"column":0},"end":{"line":31,"column":24}},"31":{"start":{"line":32,"column":0},"end":{"line":32,"column":89}},"32":{"start":{"line":33,"column":0},"end":{"line":33,"column":102}},"33":{"start":{"line":34,"column":0},"end":{"line":34,"column":12}},"35":{"start":{"line":36,"column":0},"end":{"line":36,"column":48}},"36":{"start":{"line":37,"column":0},"end":{"line":37,"column":48}},"37":{"start":{"line":38,"column":0},"end":{"line":38,"column":17}},"38":{"start":{"line":39,"column":0},"end":{"line":39,"column":12}},"40":{"start":{"line":41,"column":0},"end":{"line":41,"column":46}},"41":{"start":{"line":42,"column":0},"end":{"line":42,"column":35}},"42":{"start":{"line":43,"column":0},"end":{"line":43,"column":84}},"43":{"start":{"line":44,"column":0},"end":{"line":44,"column":19}},"44":{"start":{"line":45,"column":0},"end":{"line":45,"column":172}},"45":{"start":{"line":46,"column":0},"end":{"line":46,"column":25}},"46":{"start":{"line":47,"column":0},"end":{"line":47,"column":54}},"47":{"start":{"line":48,"column":0},"end":{"line":48,"column":53}},"48":{"start":{"line":49,"column":0},"end":{"line":49,"column":12}},"49":{"start":{"line":50,"column":0},"end":{"line":50,"column":14}},"50":{"start":{"line":51,"column":0},"end":{"line":51,"column":35}},"51":{"start":{"line":52,"column":0},"end":{"line":52,"column":84}},"52":{"start":{"line":53,"column":0},"end":{"line":53,"column":19}},"53":{"start":{"line":54,"column":0},"end":{"line":54,"column":173}},"54":{"start":{"line":55,"column":0},"end":{"line":55,"column":25}},"55":{"start":{"line":56,"column":0},"end":{"line":56,"column":54}},"56":{"start":{"line":57,"column":0},"end":{"line":57,"column":53}},"57":{"start":{"line":58,"column":0},"end":{"line":58,"column":12}},"58":{"start":{"line":59,"column":0},"end":{"line":59,"column":14}},"59":{"start":{"line":60,"column":0},"end":{"line":60,"column":12}},"61":{"start":{"line":62,"column":0},"end":{"line":62,"column":20}},"62":{"start":{"line":63,"column":0},"end":{"line":63,"column":35}},"63":{"start":{"line":64,"column":0},"end":{"line":64,"column":77}},"64":{"start":{"line":65,"column":0},"end":{"line":65,"column":89}},"65":{"start":{"line":66,"column":0},"end":{"line":66,"column":17}},"66":{"start":{"line":67,"column":0},"end":{"line":67,"column":39}},"67":{"start":{"line":68,"column":0},"end":{"line":68,"column":61}},"68":{"start":{"line":69,"column":0},"end":{"line":69,"column":61}},"69":{"start":{"line":70,"column":0},"end":{"line":70,"column":14}},"70":{"start":{"line":71,"column":0},"end":{"line":71,"column":16}},"71":{"start":{"line":72,"column":0},"end":{"line":72,"column":14}},"73":{"start":{"line":74,"column":0},"end":{"line":74,"column":10}},"75":{"start":{"line":76,"column":0},"end":{"line":76,"column":1}}},"s":{"0":1,"1":1,"2":1,"3":1,"5":1,"6":6,"7":6,"8":6,"9":6,"11":6,"12":1,"13":1,"14":1,"15":1,"16":1,"17":0,"18":1,"19":1,"20":1,"21":1,"23":6,"24":6,"25":6,"26":6,"27":6,"28":6,"29":6,"30":6,"31":6,"32":6,"33":6,"35":6,"36":6,"37":6,"38":6,"40":6,"41":6,"42":6,"43":6,"44":6,"45":6,"46":6,"47":6,"48":6,"49":6,"50":6,"51":6,"52":6,"53":6,"54":6,"55":6,"56":6,"57":6,"58":6,"59":6,"61":6,"62":1,"63":1,"64":1,"65":1,"66":1,"67":1,"68":1,"69":1,"70":1,"71":1,"73":6,"75":6},"branchMap":{"0":{"type":"branch","line":6,"loc":{"start":{"line":6,"column":7},"end":{"line":76,"column":1}},"locations":[{"start":{"line":6,"column":7},"end":{"line":76,"column":1}}]},"1":{"type":"branch","line":37,"loc":{"start":{"line":37,"column":11},"end":{"line":37,"column":38}},"locations":[{"start":{"line":37,"column":11},"end":{"line":37,"column":38}}]},"2":{"type":"branch","line":37,"loc":{"start":{"line":37,"column":21},"end":{"line":37,"column":48}},"locations":[{"start":{"line":37,"column":21},"end":{"line":37,"column":48}}]},"3":{"type":"branch","line":62,"loc":{"start":{"line":62,"column":7},"end":{"line":72,"column":14}},"locations":[{"start":{"line":62,"column":7},"end":{"line":72,"column":14}}]},"4":{"type":"branch","line":12,"loc":{"start":{"line":12,"column":21},"end":{"line":22,"column":4}},"locations":[{"start":{"line":12,"column":21},"end":{"line":22,"column":4}}]},"5":{"type":"branch","line":17,"loc":{"start":{"line":17,"column":4},"end":{"line":19,"column":6}},"locations":[{"start":{"line":17,"column":4},"end":{"line":19,"column":6}}]},"6":{"type":"branch","line":47,"loc":{"start":{"line":47,"column":22},"end":{"line":47,"column":54}},"locations":[{"start":{"line":47,"column":22},"end":{"line":47,"column":54}}]},"7":{"type":"branch","line":56,"loc":{"start":{"line":56,"column":22},"end":{"line":56,"column":54}},"locations":[{"start":{"line":56,"column":22},"end":{"line":56,"column":54}}]}},"b":{"0":[6],"1":[1],"2":[5],"3":[1],"4":[1],"5":[0],"6":[1],"7":[1]},"fnMap":{"0":{"name":"DiffTool","decl":{"start":{"line":6,"column":7},"end":{"line":76,"column":1}},"loc":{"start":{"line":6,"column":7},"end":{"line":76,"column":1}},"line":6},"1":{"name":"handleDiff","decl":{"start":{"line":12,"column":21},"end":{"line":22,"column":4}},"loc":{"start":{"line":12,"column":21},"end":{"line":22,"column":4}},"line":12},"2":{"name":"onChange","decl":{"start":{"line":47,"column":22},"end":{"line":47,"column":54}},"loc":{"start":{"line":47,"column":22},"end":{"line":47,"column":54}},"line":47},"3":{"name":"onChange","decl":{"start":{"line":56,"column":22},"end":{"line":56,"column":54}},"loc":{"start":{"line":56,"column":22},"end":{"line":56,"column":54}},"line":56}},"f":{"0":6,"1":1,"2":1,"3":1}}
[...]
"end":{"line":34,"column":1}}},"s":{"0":1,"1":1,"3":1,"4":8,"5":5,"6":5,"7":8,"9":8,"10":7,"11":8,"13":8,"14":2,"15":2,"16":2,"17":2,"18":2,"20":8,"21":8,"22":8,"23":8,"24":8,"26":8,"27":7,"29":1,"31":8,"33":8},"branchMap":{"0":{"type":"branch","line":4,"loc":{"start":{"line":4,"column":7},"end":{"line":34,"column":1}},"locations":[{"start":{"line":4,"column":7},"end":{"line":34,"column":1}}]},"1":{"type":"branch","line":27,"loc":{"start":{"line":27,"column":7},"end":{"line":28,"column":51}},"locations":[{"start":{"line":27,"column":7},"end":{"line":28,"column":51}}]},"2":{"type":"branch","line":28,"loc":{"start":{"line":28,"column":49},"end":{"line":30,"column":51}},"locations":[{"start":{"line":28,"column":49},"end":{"line":30,"column":51}}]},"3":{"type":"branch","line":5,"loc":{"start":{"line":5,"column":39},"end":{"line":8,"column":3}},"locations":[{"start":{"line":5,"column":39},"end":{"line":8,"column":3}}]},"4":{"type":"branch","line":10,"loc":{"start":{"line":10,"column":12},"end":{"line":12,"column":5}},"locations":[{"start":{"line":10,"column":12},"end":{"line":12,"column":5}}]},"5":{"type":"branch","line":14,"loc":{"start":{"line":14,"column":17},"end":{"line":19,"column":4}},"locations":[{"start":{"line":14,"column":17},"end":{"line":19,"column":4}}]},"6":{"type":"branch","line":17,"loc":{"start":{"line":17,"column":34},"end":{"line":17,"column":54}},"locations":[{"start":{"line":17,"column":34},"end":{"line":17,"column":54}}]},"7":{"type":"branch","line":17,"loc":{"start":{"line":17,"column":45},"end":{"line":17,"column":61}},"locations":[{"start":{"line":17,"column":45},"end":{"line":17,"column":61}}]}},"b":{"0":[8],"1":[7],"2":[1],"3":[5],"4":[7],"5":[2],"6":[1],"7":[1]},"fnMap":{"0":{"name":"ThemeToggle","decl":{"start":{"line":4,"column":7},"end":{"line":34,"column":1}},"loc":{"start":{"line":4,"column":7},"end":{"line":34,"column":1}},"line":4},"1":{"name":"toggle","decl":{"start":{"line":14,"column":17},"end":{"line":19,"column":4}},"loc":{"start":{"line":14,"column":17},"end":{"line":19,"column":4}},"line":14}},"f":{"0":8,"1":2}}
,"/home/diego/workspace/golang/privutil/web/src/components/TimeTool.tsx": {"path":"/home/diego/workspace/golang/privutil/web/src/components/TimeTool.tsx","all":false,"statementMap":{"0":{"start":{"line":1,"column":0},"end":{"line":1,"column":44}},"1":{"start":{"line":2,"column":0},"end":{"line":2,"column":55}},"2":{"start":{"line":3,"column":0},"end":{"line":3,"column":39}},"3":{"start":{"line":4,"column":0},"end":{"line":4,"column":37}},"5":{"start":{"line":6,"column":0},"end":{"line":6,"column":28}},"6":{"start":{"line":7,"column":0},"end":{"line":7,"column":41}},"7":{"start":{"line":8,"column":0},"end":{"line":8,"column":66}},"9":{"start":{"line":10,"column":0},"end":{"line":10,"column":42}},"10":{"start":{"line":11,"column":0},"end":{"line":11,"column":9}},"11":{"start":{"line":12,"column":0},"end":{"line":12,"column":104}},"12":{"start":{"line":13,"column":0},"end":{"line":13,"column":22}},"13":{"start":{"line":14,"column":0},"end":{"line":14,"column":37}},"14":{"start":{"line":15,"column":0},"end":{"line":15,"column":4}},"16":{"start":{"line":17,"column":0},"end":{"line":17,"column":19}},"17":{"start":{"line":18,"column":0},"end":{"line":18,"column":36}},"18":{"start":{"line":19,"column":0},"end":{"line":19,"column":26}},"19":{"start":{"line":20,"column":0},"end":{"line":20,"column":10}},"20":{"start":{"line":21,"column":0},"end":{"line":21,"column":37}},"21":{"start":{"line":22,"column":0},"end":{"line":22,"column":9}},"23":{"start":{"line":24,"column":0},"end":{"line":24,"column":10}},"24":{"start":{"line":25,"column":0},"end":{"line":25,"column":49}},"25":{"start":{"line":26,"column":0},"end":{"line":26,"column":76}},"26":{"start":{"line":27,"column":0},"end":{"line":27,"column":52}},"28":{"start":{"line":29,"column":0},"end":{"line":29,"column":11}},"30":{"start":{"line":31,"column":0},"end":{"line":31,"column":34}},"31":{"start":{"line":32,"column":0},"end":{"line":32,"column":15}},"32":{"start":{"line":33,"column":0},"end":{"line":33,"column":22}},"33":{"start":{"line":34,"column":0},"end":{"line":34,"column":23}},"34":{"start":{"line":35,"column":0},"end":{"line":35,"column":50}},"35":{"start":{"line":36,"column":0},"end":{"line":36,"column":82}},"36":{"start":{"line":37,"column":0},"end":{"line":37,"column":147}},"37":{"start":{"line":38,"column":0},"end":{"line":38,"column":10}},"38":{"start":{"line":39,"column":0},"end":{"line":39,"column":16}},"39":{"start":{"line":40,"column":0},"end":{"line":40,"column":40}},"40":{"start":{"line":41,"column":0},"end":{"line":41,"column":95}},"41":{"start":{"line":42,"column":0},"end":{"line":42,"column":9}},"43":{"start":{"line":44,"column":0},"end":{"line":44,"column":17}},"44":{"start":{"line":45,"column":0},"end":{"line":45,"column":16}},"45":{"start":{"line":46,"column":0},"end":{"line":46,"column":67}},"46":{"start":{"line":47,"column":0},"end":{"line":47,"column":95}},"47":{"start":{"line":48,"column":0},"end":{"line":48,"column":9}},"49":{"start":{"line":50,"column":0},"end":{"line":50,"column":17}},"50":{"start":{"line":51,"column":0},"end":{"line":51,"column":12}},"52":{"start":{"line":53,"column":0},"end":{"line":53,"column":18}},"53":{"start":{"line":54,"column":0},"end":{"line":54,"column":87}},"54":{"start":{"line":55,"column":0},"end":{"line":55,"column":77}},"55":{"start":{"line":56,"column":0},"end":{"line":56,"column":64}},"56":{"start":{"line":57,"column":0},"end":{"line":57,"column":59}},"57":{"start":{"line":58,"column":0},"end":{"line":58,"column":63}},"58":{"start":{"line":59,"column":0},"end":{"line":59,"column":14}},"60":{"start":{"line":61,"column":0},"end":{"line":61,"column":10}},"62":{"start":{"line":63,"column":0},"end":{"line":63,"column":1}},"64":{"start":{"line":65,"column":0},"end":{"line":65,"column":94}},"65":{"start":{"line":66,"column":0},"end":{"line":66,"column":10}},"66":{"start":{"line":67,"column":0},"end":{"line":67,"column":137}},"67":{"start":{"line":68,"column":0},"end":{"line":68,"column":69}},"68":{"start":{"line":69,"column":0},"end":{"line":69,"column":83}},"69":{"start":{"line":70,"column":0},"end":{"line":70,"column":16}},"70":{"start":{"line":71,"column":0},"end":{"line":71,"column":16}},"71":{"start":{"line":72,"column":0},"end":{"line":72,"column":62}},"72":{"start":{"line":73,"column":0},"end":{"line":73,"column":93}},"73":{"start":{"line":74,"column":0},"end":{"line":74,"column":9}},"75":{"start":{"line":76,"column":0},"end":{"line":76,"column":17}},"77":{"start":{"line":78,"column":0},"end":{"line":78,"column":10}},"79":{"start":{"line":80,"column":0},"end":{"line":80,"column":1}}},"s":{"0":1,"1":1,"2":1,"3":1,"5":1,"6":5,"7":5,"9":5,"10":2,"11":2,"12":2,"13":2,"14":2,"16":5,"17":2,"18":1,"19":2,"20":2,"21":5,"23":5,"24":5,"25":5,"26":5,"28":5,"30":5,"31":5,"32":5,"33":5,"34":5,"35":5,"36":5,"37":5,"38":5,"39":5,"40":5,"41":5,"43":5,"44":5,"45":5,"46":5,"47":5,"49":5,"50":5,"52":5,"53":2,"54":2,"55":2,"56":2,"57":2,"58":2,"60":5,"62":5,"64":4,"65":4,"66":4,"67":4,"68":4,"69":4,"70":3,"71":3,"72":3,"73":3,"75":3,"77":4,"79":4},"branchMap":{"0":{"type":"branch","line":6,"loc":{"start":{"line":6,"column":7},"end":{"line":63,"column":1}},"locations":[{"start":{"line":6,"column":7},"end":{"line":63,"column":1}}]},"1":{"type":"branch","line":53,"loc":{"start":{"line":53,"column":7},"end":{"line":59,"column":14}},"locations":[{"start":{"line":53,"column":7},"end":{"line":59,"column":14}}]},"2":{"type":"branch","line":10,"loc":{"start":{"line":10,"column":18},"end":{"line":15,"column":4}},"locations":[{"start":{"line":10,"column":18},"end":{"line":15,"column":4}}]},"3":{"type":"branch","line":14,"loc":{"start":{"line":14,"column":4},"end":{"line":14,"column":37}},"locations":[{"start":{"line":14,"column":4},"end":{"line":14,"column":37}}]},"4":{"type":"branch","line":17,"loc":{"start":{"line":17,"column":12},"end":{"line":22,"column":5}},"locations":[{"start":{"line":17,"column":12},"end":{"line":22,"column":5}}]},"5":{"type":"branch","line":18,"loc":{"start":{"line":18,"column":29},"end":{"line":20,"column":7}},"locations":[{"start":{"line":18,"column":29},"end":{"line":20,"column":7}}]},"6":{"type":"branch","line":21,"loc":{"start":{"line":21,"column":11},"end":{"line":21,"column":37}},"locations":[{"start":{"line":21,"column":11},"end":{"line":21,"column":37}}]},"7":{"type":"branch","line":35,"loc":{"start":{"line":35,"column":20},"end":{"line":35,"column":50}},"locations":[{"start":{"line":35,"column":20},"end":{"line":35,"column":50}}]},"8":{"type":"branch","line":40,"loc":{"start":{"line":40,"column":19},"end":{"line":40,"column":40}},"locations":[{"start":{"line":40,"column":19},"end":{"line":40,"column":40}}]},"9":{"type":"branch","line":65,"loc":{"start":{"line":65,"column":0},"end":{"line":80,"column":1}},"locations":[{"start":{"line":65,"column":0},"end":{"line":80,"column":1}}]},"10":{"type":"branch","line":70,"loc":{"start":{"line":70,"column":7},"end":{"line":76,"column":17}},"locations":[{"start":{"line":70,"column":7},"end":{"line":76,"column":17}}]}},"b":{"0":[5],"1":[2],"2":[2],"3":[0],"4":[2],"5":[1],"6":[2],"7":[1],"8":[1],"9":[4],"10":[3]},"fnMap":{"0":{"name":"TimeTool","decl":{"start":{"line":6,"column":7},"end":{"line":63,"column":1}},"loc":{"start":{"line":6,"column":7},"end":{"line":63,"column":1}},"line":6},"1":{"name":"convert","decl":{"start":{"line":10,"column":18},"end":{"line":15,"column":4}},"loc":{"start":{"line":10,"column":18},"end":{"line":15,"column":4}},"line":10},"2":{"name":"onChange","decl":{"start":{"line":35,"column":20},"end":{"line":35,"column":50}},"loc":{"start":{"line":35,"column":20},"end":{"line":35,"column":50}},"line":35},"3":{"name":"onClick","decl":{"start":{"line":40,"column":19},"end":{"line":40,"column":40}},"loc":{"start":{"line":40,"column":19},"end":{"line":40,"column":40}},"line":40},"4":{"name":"onClick","decl":{"start":{"line":46,"column":19},"end":{"line":46,"column":67}},"loc":{"start":{"line":46,"column":19},"end":{"line":46,"column":67}},"line":46},"5":{"name":"ResultRow","decl":{"start":{"line":65,"column":0},"end":{"line":80,"column":1}},"loc":{"start":{"line":65,"column":0},"end":{"line":80,"column":1}},"line":65},"6":{"name":"onClick","decl":{"start":{"line":72,"column":19},"end":{"line":72,"column":62}},"loc":{"start":{"line":72,"column":19},"end":{"line":72,"column":62}},"line":72}},"f":{"0":5,"1":2,"2":1,"3":1,"4":0,"5":4,"6":0}}
,"/home/diego/workspace/golang/privutil/web/src/lib/nav.ts": {"path":"/home/diego/workspace/golang/privutil/web/src/lib/nav.ts","all":false,"statementMap":{"0":{"start":{"line":1,"column":0},"end":{"line":1,"column":9}},"28":{"start":{"line":29,"column":0},"end":{"line":29,"column":37}},"29":{"start":{"line":30,"column":0},"end":{"line":30,"column":4}},"30":{"start":{"line":31,"column":0},"end":{"line":31,"column":23}},"31":{"start":{"line":32,"column":0},"end":{"line":32,"column":27}},"32":{"start":{"line":33,"column":0},"end":{"line":33,"column":14}},"33":{"start":{"line":34,"column":0},"end":{"line":34,"column":50}},"34":{"start":{"line":35,"column":0},"end":{"line":35,"column":4}},"35":{"start":{"line":36,"column":0},"end":{"line":36,"column":4}},"36":{"start":{"line":37,"column":0},"end":{"line":37,"column":26}},"37":{"start":{"line":38,"column":0},"end":{"line":38,"column":20}},"38":{"start":{"line":39,"column":0},"end":{"line":39,"column":18}},"39":{"start":{"line":40,"column":0},"end":{"line":40,"column":63}},"40":{"start":{"line":41,"column":0},"end":{"line":41,"column":4}},"41":{"start":{"line":42,"column":0},"end":{"line":42,"column":4}},"42":{"start":{"line":43,"column":0},"end":{"line":43,"column":25}},"43":{"start":{"line":44,"column":0},"end":{"line":44,"column":18}},"44":{"start":{"line":45,"column":0},"end":{"line":45,"column":20}},"45":{"start":{"line":46,"column":0},"end":{"line":46,"column":51}},"46":{"start":{"line":47,"column":0},"end":{"line":47,"column":4}},"47":{"start":{"line":48,"column":0},"end":{"line":48,"column":4}},"48":{"start":{"line":49,"column":0},"end":{"line":49,"column":28}},"49":{"start":{"line":50,"column":0},"end":{"line":50,"column":20}},"50":{"start":{"line":51,"column":0},"end":{"line":51,"column":18}},"51":{"start":{"line":52,"column":0},"end":{"line":52,"column":56}},"52":{"start":{"line":53,"column":0},"end":{"line":53,"column":4}},"53":{"start":{"line":54,"column":0},"end":{"line":54,"column":4}},"54":{"start":{"line":55,"column":0},"end":{"line":55,"column":33}},"55":{"start":{"line":56,"column":0},"end":{"line":56,"column":26}},"56":{"start":{"line":57,"column":0},"end":{"line":57,"column":21}},"57":{"start":{"line":58,"column":0},"end":{"line":58,"column":62}},"58":{"start":{"line":59,"column":0},"end":{"line":59,"column":4}},"59":{"start":{"line":60,"column":0},"end":{"line":60,"column":4}},"60":{"start":{"line":61,"column":0},"end":{"line":61,"column":24}},"61":{"start":{"line":62,"column":0},"end":{"line":62,"column":15}},"62":{"start":{"line":63,"column":0},"end":{"line":63,"column":24}},"63":{"start":{"line":64,"column":0},"end":{"line":64,"column":58}},"64":{"start":{"line":65,"column":0},"end":{"line":65,"column":4}},"65":{"start":{"line":66,"column":0},"end":{"line":66,"column":4}},"66":{"start":{"line":67,"column":0},"end":{"line":67,"column":24}},"67":{"start":{"line":68,"column":0},"end":{"line":68,"column":21}},"68":{"start":{"line":69,"column":0},"end":{"line":69,"column":18}},"69":{"start":{"line":70,"column":0},"end":{"line":70,"column":61}},"70":{"start":{"line":71,"column":0},"end":{"line":71,"column":4}},"71":{"start":{"line":72,"column":0},"end":{"line":72,"column":4}},"72":{"start":{"line":73,"column":0},"end":{"line":73,"column":22}},"73":{"start":{"line":74,"column":0},"end":{"line":74,"column":20}},"74":{"start":{"line":75,"column":0},"end":{"line":75,"column":21}},"75":{"start":{"line":76,"column":0},"end":{"line":76,"column":56}},"76":{"start":{"line":77,"column":0},"end":{"line":77,"column":4}},"77":{"start":{"line":78,"column":0},"end":{"line":78,"column":4}},"78":{"start":{"line":79,"column":0},"end":{"line":79,"column":28}},"79":{"start":{"line":80,"column":0},"end":{"line":80,"column":17}},"80":{"start":{"line":81,"column":0},"end":{"line":81,"column":18}},"81":{"start":{"line":82,"column":0},"end":{"line":82,"column":47}},"82":{"start":{"line":83,"column":0},"end":{"line":83,"column":4}},"83":{"start":{"line":84,"column":0},"end":{"line":84,"column":4}},"84":{"start":{"line":85,"column":0},"end":{"line":85,"column":23}},"85":{"start":{"line":86,"column":0},"end":{"line":86,"column":20}},"86":{"start":{"line":87,"column":0},"end":{"line":87,"column":17}},"87":{"start":{"line":88,"column":0},"end":{"line":88,"column":57}},"88":{"start":{"line":89,"column":0},"end":{"line":89,"column":4}},"89":{"start":{"line":90,"column":0},"end":{"line":90,"column":4}},"90":{"start":{"line":91,"column":0},"end":{"line":91,"column":24}},"91":{"start":{"line":92,"column":0},"end":{"line":92,"column":17}},"92":{"start":{"line":93,"column":0},"end":{"line":93,"column":18}},"93":{"start":{"line":94,"column":0},"end":{"line":94,"column":52}},"94":{"start":{"line":95,"column":0},"end":{"line":95,"column":4}},"95":{"start":{"line":96,"column":0},"end":{"line":96,"column":4}},"96":{"start":{"line":97,"column":0},"end":{"line":97,"column":25}},"97":{"start":{"line":98,"column":0},"end":{"line":98,"column":21}},"98":{"start":{"line":99,"column":0},"end":{"line":99,"column":18}},"99":{"start":{"line":100,"column":0},"end":{"line":100,"column":55}},"100":{"start":{"line":101,"column":0},"end":{"line":101,"column":4}},"101":{"start":{"line":102,"column":0},"end":{"line":102,"column":4}},"102":{"start":{"line":103,"column":0},"end":{"line":103,"column":29}},"103":{"start":{"line":104,"column":0},"end":{"line":104,"column":19}},"104":{"start":{"line":105,"column":0},"end":{"line":105,"column":19}},"105":{"start":{"line":106,"column":0},"end":{"line":106,"column":51}},"106":{"start":{"line":107,"column":0},"end":{"line":107,"column":4}},"107":{"start":{"line":108,"column":0},"end":{"line":108,"column":4}},"108":{"start":{"line":109,"column":0},"end":{"line":109,"column":26}},"109":{"start":{"line":110,"column":0},"end":{"line":110,"column":25}},"110":{"start":{"line":111,"column":0},"end":{"line":111,"column":20}},"111":{"start":{"line":112,"column":0},"end":{"line":112,"column":54}},"112":{"start":{"line":113,"column":0},"end":{"line":113,"column":4}},"113":{"start":{"line":114,"column":0},"end":{"line":114,"column":4}},"114":{"start":{"line":115,"column":0},"end":{"line":115,"column":24}},"115":{"start":{"line":116,"column":0},"end":{"line":116,"column":28}},"116":{"start":{"line":117,"column":0},"end":{"line":117,"column":23}},"117":{"start":{"line":118,"column":0},"end":{"line":118,"column":60}},"118":{"start":{"line":119,"column":0},"end":{"line":119,"column":4}},"119":{"start":{"line":120,"column":0},"end":{"line":120,"column":4}},"120":{"start":{"line":121,"column":0},"end":{"line":121,"column":27}},"121":{"start":{"line":122,"column":0},"end":{"line":122,"column":20}},"122":{"start":{"line":123,"column":0},"end":{"line":123,"column":17}},"123":{"start":{"line":124,"column":0},"end":{"line":124,"column":50}},"124":{"start":{"line":125,"column":0},"end":{"line":125,"column":4}},"125":{"start":{"line":126,"column":0},"end":{"line":126,"column":4}},"126":{"start":{"line":127,"column":0},"end":{"line":127,"column":21}},"127":{"start":{"line":128,"column":0},"end":{"line":128,"column":19}},"128":{"start":{"line":129,"column":0},"end":{"line":129,"column":16}},"129":{"start":{"line":130,"column":0},"end":{"line":130,"column":46}},"130":{"start":{"line":131,"column":0},"end":{"line":131,"column":4}},"131":{"start":{"line":132,"column":0},"end":{"line":132,"column":4}},"132":{"start":{"line":133,"column":0},"end":{"line":133,"column":32}},"133":{"start":{"line":134,"column":0},"end":{"line":134,"column":15}},"134":{"start":{"line":135,"column":0},"end":{"line":135,"column":22}},"135":{"start":{"line":136,"column":0},"end":{"line":136,"column":51}},"136":{"start":{"line":137,"column":0},"end":{"line":137,"column":4}},"137":{"start":{"line":138,"column":0},"end":{"line":138,"column":2}}},"s":{"0":1,"28":1,"29":1,"30":1,"31":1,"32":1,"33":1,"34":1,"35":1,"36":1,"37":1,"38":1,"39":1,"40":1,"41":1,"42":1,"43":1,"44":1,"45":1,"46":1,"47":1,"48":1,"49":1,"50":1,"51":1,"52":1,"53":1,"54":1,"55":1,"56":1,"57":1,"58":1,"59":1,"60":1,"61":1,"62":1,"63":1,"64":1,"65":1,"66":1,"67":1,"68":1,"69":1,"70":1,"71":1,"72":1,"73":1,"74":1,"75":1,"76":1,"77":1,"78":1,"79":1,"80":1,"81":1,"82":1,"83":1,"84":1,"85":1,"86":1,"87":1,"88":1,"89":1,"90":1,"91":1,"92":1,"93":1,"94":1,"95":1,"96":1,"97":1,"98":1,"99":1,"100":1,"101":1,"102":1,"103":1,"104":1,"105":1,"106":1,"107":1,"108":1,"109":1,"110":1,"111":1,"112":1,"113":1,"114":1,"115":1,"116":1,"117":1,"118":1,"119":1,"120":1,"121":1,"122":1,"123":1,"124":1,"125":1,"126":1,"127":1,"128":1,"129":1,"130":1,"131":1,"132":1,"133":1,"134":1,"135":1,"136":1,"137":1},"branchMap":{},"b":{},"fnMap":{},"f":{}}
,"/home/diego/workspace/golang/privutil/web/src/lib/utils.ts": {"path":"/home/diego/workspace/golang/privutil/web/src/lib/utils.ts","all":false,"statementMap":{"0":{"start":{"line":1,"column":0},"end":{"line":1,"column":45}},"1":{"start":{"line":2,"column":0},"end":{"line":2,"column":41}},"3":{"start":{"line":4,"column":0},"end":{"line":4,"column":45}},"4":{"start":{"line":5,"column":0},"end":{"line":5,"column":31}},"5":{"start":{"line":6,"column":0},"end":{"line":6,"column":1}}},"s":{"0":1,"1":1,"3":1,"4":84,"5":84},"branchMap":{"0":{"type":"branch","line":4,"loc":{"start":{"line":4,"column":7},"end":{"line":6,"column":1}},"locations":[{"start":{"line":4,"column":7},"end":{"line":6,"column":1}}]}},"b":{"0":[84]},"fnMap":{"0":{"name":"cn","decl":{"start":{"line":4,"column":7},"end":{"line":6,"column":1}},"loc":{"start":{"line":4,"column":7},"end":{"line":6,"column":1}},"line":4}},"f":{"0":84}}
}
